{"meta": {"format": 3, "version": "7.13.0", "timestamp": "2025-12-20T17:42:18.412244", "branch_coverage": false, "show_contexts": false}, "files": {"kivy_garden/markdownlabel/__init__.py": {"executed_lines": [], "summary": {"covered_lines": 0, "num_statements": 578, "percent_covered": 0.0, "percent_covered_display": "0", "missing_lines": 578, "excluded_lines": 0, "percent_statements_covered": 0.0, "percent_statements_covered_display": "0"}, "missing_lines": [16, 17, 18, 19, 20, 21, 34, 35, 36, 38, 40, 41, 42, 44, 47, 61, 62, 64, 66, 69, 100, 109, 115, 131, 137, 138, 144, 145, 159, 160, 166, 167, 173, 177, 186, 187, 193, 195, 197, 199, 201, 206, 220, 221, 230, 231, 240, 241, 249, 250, 259, 260, 272, 273, 282, 283, 292, 293, 302, 303, 312, 313, 321, 322, 338, 339, 349, 351, 353, 355, 357, 362, 373, 374, 383, 384, 398, 399, 411, 412, 420, 421, 429, 430, 439, 440, 454, 455, 464, 465, 474, 475, 484, 485, 487, 488, 490, 491, 493, 494, 496, 501, 503, 504, 506, 507, 511, 512, 521, 522, 531, 532, 543, 544, 553, 554, 564, 565, 571, 572, 590, 591, 616, 617, 639, 640, 649, 659, 660, 661, 663, 664, 666, 667, 669, 678, 679, 682, 683, 684, 685, 688, 689, 690, 691, 692, 694, 695, 696, 697, 699, 700, 701, 702, 703, 704, 706, 707, 708, 710, 711, 713, 714, 716, 718, 722, 739, 740, 747, 749, 750, 752, 753, 754, 755, 757, 759, 763, 765, 772, 774, 776, 777, 778, 779, 780, 781, 782, 783, 785, 787, 788, 789, 791, 792, 793, 795, 796, 803, 804, 805, 806, 807, 808, 809, 811, 812, 813, 815, 816, 818, 820, 824, 836, 842, 844, 846, 847, 848, 849, 850, 851, 852, 853, 855, 857, 858, 859, 861, 862, 863, 865, 870, 871, 872, 873, 875, 876, 877, 879, 880, 882, 884, 888, 899, 901, 902, 903, 907, 910, 915, 919, 920, 921, 922, 924, 927, 930, 933, 936, 939, 941, 942, 945, 949, 950, 951, 952, 953, 954, 955, 956, 959, 960, 961, 962, 963, 964, 965, 966, 967, 968, 969, 972, 973, 974, 975, 976, 977, 978, 979, 980, 981, 982, 983, 984, 987, 990, 991, 993, 999, 1001, 1013, 1014, 1015, 1017, 1034, 1035, 1036, 1039, 1041, 1042, 1045, 1047, 1048, 1052, 1054, 1066, 1072, 1074, 1076, 1079, 1082, 1083, 1084, 1087, 1088, 1090, 1096, 1097, 1099, 1100, 1101, 1103, 1121, 1124, 1129, 1131, 1137, 1138, 1139, 1140, 1141, 1142, 1143, 1144, 1145, 1146, 1147, 1148, 1149, 1150, 1151, 1152, 1153, 1154, 1155, 1158, 1159, 1160, 1163, 1164, 1166, 1173, 1175, 1178, 1179, 1181, 1183, 1184, 1187, 1188, 1190, 1200, 1202, 1203, 1206, 1207, 1208, 1211, 1213, 1220, 1222, 1233, 1234, 1236, 1245, 1246, 1247, 1249, 1267, 1268, 1269, 1271, 1282, 1283, 1286, 1287, 1289, 1291, 1294, 1297, 1300, 1301, 1302, 1306, 1307, 1310, 1349, 1352, 1355, 1357, 1360, 1362, 1365, 1367, 1369, 1372, 1373, 1374, 1375, 1376, 1379, 1380, 1381, 1383, 1384, 1386, 1389, 1390, 1396, 1399, 1401, 1403, 1406, 1408, 1409, 1411, 1413, 1416, 1417, 1418, 1421, 1422, 1423, 1426, 1429, 1430, 1431, 1434, 1436, 1446, 1447, 1448, 1449, 1452, 1454, 1458, 1459, 1462, 1464, 1477, 1478, 1479, 1483, 1484, 1487, 1488, 1490, 1491, 1492, 1494, 1495, 1496, 1497, 1499, 1501, 1504, 1505, 1506, 1507, 1510, 1511, 1514, 1517, 1519, 1521, 1523, 1524, 1525, 1528, 1529, 1532, 1535, 1544, 1546, 1548, 1550, 1551, 1555, 1557, 1571, 1572, 1574, 1576, 1577, 1580, 1581, 1582, 1583, 1584, 1587, 1588, 1590, 1591, 1592, 1594, 1597, 1601, 1602, 1603, 1604, 1606, 1611, 1612, 1613, 1614, 1615, 1619, 1625, 1626, 1629, 1630, 1631, 1633, 1639, 1640, 1641, 1643, 1645, 1648, 1650, 1651, 1652, 1654, 1655, 1657, 1658, 1659, 1661, 1664, 1665, 1666, 1668, 1675, 1677, 1691, 1693, 1695, 1697, 1698, 1701, 1702, 1703, 1705, 1706, 1709, 1711, 1721, 1722, 1724, 1726, 1734, 1736, 1742, 1744, 1750, 1751], "excluded_lines": [], "functions": {"_ClippingContainer.__init__": {"executed_lines": [], "summary": {"covered_lines": 0, "num_statements": 2, "percent_covered": 0.0, "percent_covered_display": "0", "missing_lines": 2, "excluded_lines": 0, "percent_statements_covered": 0.0, "percent_statements_covered_display": "0"}, "missing_lines": [62, 64], "excluded_lines": []}, "MarkdownLabel._get_font_size": {"executed_lines": [], "summary": {"covered_lines": 0, "num_statements": 1, "percent_covered": 0.0, "percent_covered_display": "0", "missing_lines": 1, "excluded_lines": 0, "percent_statements_covered": 0.0, "percent_statements_covered_display": "0"}, "missing_lines": [195], "excluded_lines": []}, "MarkdownLabel._set_font_size": {"executed_lines": [], "summary": {"covered_lines": 0, "num_statements": 1, "percent_covered": 0.0, "percent_covered_display": "0", "missing_lines": 1, "excluded_lines": 0, "percent_statements_covered": 0.0, "percent_statements_covered_display": "0"}, "missing_lines": [199], "excluded_lines": []}, "MarkdownLabel._get_label_padding": {"executed_lines": [], "summary": {"covered_lines": 0, "num_statements": 1, "percent_covered": 0.0, "percent_covered_display": "0", "missing_lines": 1, "excluded_lines": 0, "percent_statements_covered": 0.0, "percent_statements_covered_display": "0"}, "missing_lines": [351], "excluded_lines": []}, "MarkdownLabel._set_label_padding": {"executed_lines": [], "summary": {"covered_lines": 0, "num_statements": 1, "percent_covered": 0.0, "percent_covered_display": "0", "missing_lines": 1, "excluded_lines": 0, "percent_statements_covered": 0.0, "percent_statements_covered_display": "0"}, "missing_lines": [355], "excluded_lines": []}, "MarkdownLabel._get_texture_size": {"executed_lines": [], "summary": {"covered_lines": 0, "num_statements": 11, "percent_covered": 0.0, "percent_covered_display": "0", "missing_lines": 11, "excluded_lines": 0, "percent_statements_covered": 0.0, "percent_statements_covered_display": "0"}, "missing_lines": [659, 660, 661, 663, 664, 666, 667, 669, 713, 714, 716], "excluded_lines": []}, "MarkdownLabel._get_texture_size.collect_sizes": {"executed_lines": [], "summary": {"covered_lines": 0, "num_statements": 26, "percent_covered": 0.0, "percent_covered_display": "0", "missing_lines": 26, "excluded_lines": 0, "percent_statements_covered": 0.0, "percent_statements_covered_display": "0"}, "missing_lines": [678, 679, 682, 683, 684, 685, 688, 689, 690, 691, 692, 694, 695, 696, 697, 699, 700, 701, 702, 703, 704, 706, 707, 708, 710, 711], "excluded_lines": []}, "MarkdownLabel._get_texture": {"executed_lines": [], "summary": {"covered_lines": 0, "num_statements": 7, "percent_covered": 0.0, "percent_covered_display": "0", "missing_lines": 7, "excluded_lines": 0, "percent_statements_covered": 0.0, "percent_statements_covered_display": "0"}, "missing_lines": [749, 750, 752, 753, 754, 755, 757], "excluded_lines": []}, "MarkdownLabel._get_refs": {"executed_lines": [], "summary": {"covered_lines": 0, "num_statements": 7, "percent_covered": 0.0, "percent_covered_display": "0", "missing_lines": 7, "excluded_lines": 0, "percent_statements_covered": 0.0, "percent_statements_covered_display": "0"}, "missing_lines": [772, 774, 785, 803, 815, 816, 818], "excluded_lines": []}, "MarkdownLabel._get_refs.get_parent_offset": {"executed_lines": [], "summary": {"covered_lines": 0, "num_statements": 8, "percent_covered": 0.0, "percent_covered_display": "0", "missing_lines": 8, "excluded_lines": 0, "percent_statements_covered": 0.0, "percent_statements_covered_display": "0"}, "missing_lines": [776, 777, 778, 779, 780, 781, 782, 783], "excluded_lines": []}, "MarkdownLabel._get_refs.translate_box": {"executed_lines": [], "summary": {"covered_lines": 0, "num_statements": 8, "percent_covered": 0.0, "percent_covered_display": "0", "missing_lines": 8, "excluded_lines": 0, "percent_statements_covered": 0.0, "percent_statements_covered_display": "0"}, "missing_lines": [787, 788, 789, 791, 792, 793, 795, 796], "excluded_lines": []}, "MarkdownLabel._get_refs.collect_refs": {"executed_lines": [], "summary": {"covered_lines": 0, "num_statements": 9, "percent_covered": 0.0, "percent_covered_display": "0", "missing_lines": 9, "excluded_lines": 0, "percent_statements_covered": 0.0, "percent_statements_covered_display": "0"}, "missing_lines": [804, 805, 806, 807, 808, 809, 811, 812, 813], "excluded_lines": []}, "MarkdownLabel._get_anchors": {"executed_lines": [], "summary": {"covered_lines": 0, "num_statements": 7, "percent_covered": 0.0, "percent_covered_display": "0", "missing_lines": 7, "excluded_lines": 0, "percent_statements_covered": 0.0, "percent_statements_covered_display": "0"}, "missing_lines": [842, 844, 855, 870, 879, 880, 882], "excluded_lines": []}, "MarkdownLabel._get_anchors.get_parent_offset": {"executed_lines": [], "summary": {"covered_lines": 0, "num_statements": 8, "percent_covered": 0.0, "percent_covered_display": "0", "missing_lines": 8, "excluded_lines": 0, "percent_statements_covered": 0.0, "percent_statements_covered_display": "0"}, "missing_lines": [846, 847, 848, 849, 850, 851, 852, 853], "excluded_lines": []}, "MarkdownLabel._get_anchors.translate_anchor": {"executed_lines": [], "summary": {"covered_lines": 0, "num_statements": 7, "percent_covered": 0.0, "percent_covered_display": "0", "missing_lines": 7, "excluded_lines": 0, "percent_statements_covered": 0.0, "percent_statements_covered_display": "0"}, "missing_lines": [857, 858, 859, 861, 862, 863, 865], "excluded_lines": []}, "MarkdownLabel._get_anchors.collect_anchors": {"executed_lines": [], "summary": {"covered_lines": 0, "num_statements": 6, "percent_covered": 0.0, "percent_covered_display": "0", "missing_lines": 6, "excluded_lines": 0, "percent_statements_covered": 0.0, "percent_statements_covered_display": "0"}, "missing_lines": [871, 872, 873, 875, 876, 877], "excluded_lines": []}, "MarkdownLabel.__init__": {"executed_lines": [], "summary": {"covered_lines": 0, "num_statements": 53, "percent_covered": 0.0, "percent_covered_display": "0", "missing_lines": 53, "excluded_lines": 0, "percent_statements_covered": 0.0, "percent_statements_covered_display": "0"}, "missing_lines": [902, 903, 907, 910, 915, 919, 920, 921, 922, 924, 927, 930, 933, 936, 939, 941, 942, 945, 949, 950, 951, 952, 953, 954, 955, 956, 959, 960, 961, 962, 963, 964, 965, 966, 967, 968, 969, 972, 973, 974, 975, 976, 977, 978, 979, 980, 981, 982, 983, 984, 987, 990, 991], "excluded_lines": []}, "MarkdownLabel._on_text_changed": {"executed_lines": [], "summary": {"covered_lines": 0, "num_statements": 1, "percent_covered": 0.0, "percent_covered_display": "0", "missing_lines": 1, "excluded_lines": 0, "percent_statements_covered": 0.0, "percent_statements_covered_display": "0"}, "missing_lines": [999], "excluded_lines": []}, "MarkdownLabel._make_style_callback": {"executed_lines": [], "summary": {"covered_lines": 0, "num_statements": 2, "percent_covered": 0.0, "percent_covered_display": "0", "missing_lines": 2, "excluded_lines": 0, "percent_statements_covered": 0.0, "percent_statements_covered_display": "0"}, "missing_lines": [1013, 1015], "excluded_lines": []}, "MarkdownLabel._make_style_callback.callback": {"executed_lines": [], "summary": {"covered_lines": 0, "num_statements": 1, "percent_covered": 0.0, "percent_covered_display": "0", "missing_lines": 1, "excluded_lines": 0, "percent_statements_covered": 0.0, "percent_statements_covered_display": "0"}, "missing_lines": [1014], "excluded_lines": []}, "MarkdownLabel._on_style_changed": {"executed_lines": [], "summary": {"covered_lines": 0, "num_statements": 10, "percent_covered": 0.0, "percent_covered_display": "0", "missing_lines": 10, "excluded_lines": 0, "percent_statements_covered": 0.0, "percent_statements_covered_display": "0"}, "missing_lines": [1034, 1035, 1036, 1039, 1041, 1042, 1045, 1047, 1048, 1052], "excluded_lines": []}, "MarkdownLabel._update_font_sizes_in_place": {"executed_lines": [], "summary": {"covered_lines": 0, "num_statements": 3, "percent_covered": 0.0, "percent_covered_display": "0", "missing_lines": 3, "excluded_lines": 0, "percent_statements_covered": 0.0, "percent_statements_covered_display": "0"}, "missing_lines": [1066, 1087, 1088], "excluded_lines": []}, "MarkdownLabel._update_font_sizes_in_place.update_font_size": {"executed_lines": [], "summary": {"covered_lines": 0, "num_statements": 7, "percent_covered": 0.0, "percent_covered_display": "0", "missing_lines": 7, "excluded_lines": 0, "percent_statements_covered": 0.0, "percent_statements_covered_display": "0"}, "missing_lines": [1072, 1074, 1076, 1079, 1082, 1083, 1084], "excluded_lines": []}, "MarkdownLabel._get_effective_halign": {"executed_lines": [], "summary": {"covered_lines": 0, "num_statements": 5, "percent_covered": 0.0, "percent_covered_display": "0", "missing_lines": 5, "excluded_lines": 0, "percent_statements_covered": 0.0, "percent_statements_covered_display": "0"}, "missing_lines": [1096, 1097, 1099, 1100, 1101], "excluded_lines": []}, "MarkdownLabel._update_styles_in_place": {"executed_lines": [], "summary": {"covered_lines": 0, "num_statements": 6, "percent_covered": 0.0, "percent_covered_display": "0", "missing_lines": 6, "excluded_lines": 0, "percent_statements_covered": 0.0, "percent_statements_covered_display": "0"}, "missing_lines": [1121, 1124, 1129, 1131, 1163, 1164], "excluded_lines": []}, "MarkdownLabel._update_styles_in_place.update_widget": {"executed_lines": [], "summary": {"covered_lines": 0, "num_statements": 22, "percent_covered": 0.0, "percent_covered_display": "0", "missing_lines": 22, "excluded_lines": 0, "percent_statements_covered": 0.0, "percent_statements_covered_display": "0"}, "missing_lines": [1137, 1138, 1139, 1140, 1141, 1142, 1143, 1144, 1145, 1146, 1147, 1148, 1149, 1150, 1151, 1152, 1153, 1154, 1155, 1158, 1159, 1160], "excluded_lines": []}, "MarkdownLabel._on_padding_changed": {"executed_lines": [], "summary": {"covered_lines": 0, "num_statements": 1, "percent_covered": 0.0, "percent_covered_display": "0", "missing_lines": 1, "excluded_lines": 0, "percent_statements_covered": 0.0, "percent_statements_covered_display": "0"}, "missing_lines": [1173], "excluded_lines": []}, "MarkdownLabel._on_auto_size_height_changed": {"executed_lines": [], "summary": {"covered_lines": 0, "num_statements": 7, "percent_covered": 0.0, "percent_covered_display": "0", "missing_lines": 7, "excluded_lines": 0, "percent_statements_covered": 0.0, "percent_statements_covered_display": "0"}, "missing_lines": [1178, 1179, 1181, 1183, 1184, 1187, 1188], "excluded_lines": []}, "MarkdownLabel._on_strict_label_mode_changed": {"executed_lines": [], "summary": {"covered_lines": 0, "num_statements": 7, "percent_covered": 0.0, "percent_covered_display": "0", "missing_lines": 7, "excluded_lines": 0, "percent_statements_covered": 0.0, "percent_statements_covered_display": "0"}, "missing_lines": [1200, 1202, 1203, 1206, 1207, 1208, 1211], "excluded_lines": []}, "MarkdownLabel._on_render_mode_changed": {"executed_lines": [], "summary": {"covered_lines": 0, "num_statements": 1, "percent_covered": 0.0, "percent_covered_display": "0", "missing_lines": 1, "excluded_lines": 0, "percent_statements_covered": 0.0, "percent_statements_covered_display": "0"}, "missing_lines": [1220], "excluded_lines": []}, "MarkdownLabel._schedule_rebuild": {"executed_lines": [], "summary": {"covered_lines": 0, "num_statements": 2, "percent_covered": 0.0, "percent_covered_display": "0", "missing_lines": 2, "excluded_lines": 0, "percent_statements_covered": 0.0, "percent_statements_covered_display": "0"}, "missing_lines": [1233, 1234], "excluded_lines": []}, "MarkdownLabel._do_rebuild": {"executed_lines": [], "summary": {"covered_lines": 0, "num_statements": 3, "percent_covered": 0.0, "percent_covered_display": "0", "missing_lines": 3, "excluded_lines": 0, "percent_statements_covered": 0.0, "percent_statements_covered_display": "0"}, "missing_lines": [1245, 1246, 1247], "excluded_lines": []}, "MarkdownLabel.force_rebuild": {"executed_lines": [], "summary": {"covered_lines": 0, "num_statements": 3, "percent_covered": 0.0, "percent_covered_display": "0", "missing_lines": 3, "excluded_lines": 0, "percent_statements_covered": 0.0, "percent_statements_covered_display": "0"}, "missing_lines": [1267, 1268, 1269], "excluded_lines": []}, "MarkdownLabel._needs_clipping": {"executed_lines": [], "summary": {"covered_lines": 0, "num_statements": 5, "percent_covered": 0.0, "percent_covered_display": "0", "missing_lines": 5, "excluded_lines": 0, "percent_statements_covered": 0.0, "percent_statements_covered_display": "0"}, "missing_lines": [1282, 1283, 1286, 1287, 1289], "excluded_lines": []}, "MarkdownLabel._rebuild_widgets": {"executed_lines": [], "summary": {"covered_lines": 0, "num_statements": 50, "percent_covered": 0.0, "percent_covered_display": "0", "missing_lines": 50, "excluded_lines": 0, "percent_statements_covered": 0.0, "percent_statements_covered_display": "0"}, "missing_lines": [1294, 1297, 1300, 1301, 1302, 1306, 1307, 1310, 1349, 1352, 1355, 1357, 1360, 1362, 1365, 1367, 1369, 1372, 1373, 1374, 1375, 1376, 1379, 1380, 1381, 1383, 1384, 1386, 1389, 1390, 1396, 1399, 1401, 1403, 1406, 1408, 1409, 1411, 1413, 1416, 1417, 1418, 1421, 1422, 1423, 1426, 1429, 1430, 1431, 1434], "excluded_lines": []}, "MarkdownLabel._get_effective_render_mode": {"executed_lines": [], "summary": {"covered_lines": 0, "num_statements": 9, "percent_covered": 0.0, "percent_covered_display": "0", "missing_lines": 9, "excluded_lines": 0, "percent_statements_covered": 0.0, "percent_statements_covered_display": "0"}, "missing_lines": [1446, 1447, 1448, 1449, 1452, 1454, 1458, 1459, 1462], "excluded_lines": []}, "MarkdownLabel._render_as_texture": {"executed_lines": [], "summary": {"covered_lines": 0, "num_statements": 39, "percent_covered": 0.0, "percent_covered_display": "0", "missing_lines": 39, "excluded_lines": 0, "percent_statements_covered": 0.0, "percent_statements_covered_display": "0"}, "missing_lines": [1477, 1478, 1479, 1483, 1484, 1487, 1488, 1490, 1491, 1492, 1494, 1495, 1496, 1497, 1499, 1501, 1504, 1505, 1506, 1507, 1510, 1511, 1514, 1517, 1519, 1521, 1523, 1524, 1525, 1528, 1529, 1532, 1535, 1544, 1546, 1548, 1550, 1551, 1555], "excluded_lines": []}, "MarkdownLabel._collect_refs_for_texture": {"executed_lines": [], "summary": {"covered_lines": 0, "num_statements": 27, "percent_covered": 0.0, "percent_covered_display": "0", "missing_lines": 27, "excluded_lines": 0, "percent_statements_covered": 0.0, "percent_statements_covered_display": "0"}, "missing_lines": [1571, 1572, 1574, 1576, 1577, 1580, 1581, 1582, 1583, 1584, 1587, 1588, 1590, 1591, 1592, 1594, 1597, 1601, 1602, 1603, 1604, 1606, 1611, 1612, 1613, 1614, 1615], "excluded_lines": []}, "MarkdownLabel._bind_ref_press_events": {"executed_lines": [], "summary": {"covered_lines": 0, "num_statements": 5, "percent_covered": 0.0, "percent_covered_display": "0", "missing_lines": 5, "excluded_lines": 0, "percent_statements_covered": 0.0, "percent_statements_covered_display": "0"}, "missing_lines": [1625, 1626, 1629, 1630, 1631], "excluded_lines": []}, "MarkdownLabel._bind_child_size_changes": {"executed_lines": [], "summary": {"covered_lines": 0, "num_statements": 17, "percent_covered": 0.0, "percent_covered_display": "0", "missing_lines": 17, "excluded_lines": 0, "percent_statements_covered": 0.0, "percent_statements_covered_display": "0"}, "missing_lines": [1639, 1640, 1641, 1643, 1648, 1650, 1651, 1652, 1654, 1655, 1657, 1658, 1659, 1661, 1664, 1665, 1666], "excluded_lines": []}, "MarkdownLabel._bind_child_size_changes.on_child_size_change": {"executed_lines": [], "summary": {"covered_lines": 0, "num_statements": 1, "percent_covered": 0.0, "percent_covered_display": "0", "missing_lines": 1, "excluded_lines": 0, "percent_statements_covered": 0.0, "percent_statements_covered_display": "0"}, "missing_lines": [1645], "excluded_lines": []}, "MarkdownLabel._on_child_ref_press": {"executed_lines": [], "summary": {"covered_lines": 0, "num_statements": 1, "percent_covered": 0.0, "percent_covered_display": "0", "missing_lines": 1, "excluded_lines": 0, "percent_statements_covered": 0.0, "percent_statements_covered_display": "0"}, "missing_lines": [1675], "excluded_lines": []}, "MarkdownLabel.on_touch_down": {"executed_lines": [], "summary": {"covered_lines": 0, "num_statements": 11, "percent_covered": 0.0, "percent_covered_display": "0", "missing_lines": 11, "excluded_lines": 0, "percent_statements_covered": 0.0, "percent_statements_covered_display": "0"}, "missing_lines": [1691, 1693, 1695, 1697, 1698, 1701, 1702, 1703, 1705, 1706, 1709], "excluded_lines": []}, "MarkdownLabel._point_in_zone": {"executed_lines": [], "summary": {"covered_lines": 0, "num_statements": 3, "percent_covered": 0.0, "percent_covered_display": "0", "missing_lines": 3, "excluded_lines": 0, "percent_statements_covered": 0.0, "percent_statements_covered_display": "0"}, "missing_lines": [1721, 1722, 1724], "excluded_lines": []}, "MarkdownLabel.on_ref_press": {"executed_lines": [], "summary": {"covered_lines": 0, "num_statements": 1, "percent_covered": 0.0, "percent_covered_display": "0", "missing_lines": 1, "excluded_lines": 0, "percent_statements_covered": 0.0, "percent_statements_covered_display": "0"}, "missing_lines": [1734], "excluded_lines": []}, "MarkdownLabel.get_ast": {"executed_lines": [], "summary": {"covered_lines": 0, "num_statements": 1, "percent_covered": 0.0, "percent_covered_display": "0", "missing_lines": 1, "excluded_lines": 0, "percent_statements_covered": 0.0, "percent_statements_covered_display": "0"}, "missing_lines": [1742], "excluded_lines": []}, "MarkdownLabel.to_markdown": {"executed_lines": [], "summary": {"covered_lines": 0, "num_statements": 2, "percent_covered": 0.0, "percent_covered_display": "0", "missing_lines": 2, "excluded_lines": 0, "percent_statements_covered": 0.0, "percent_statements_covered_display": "0"}, "missing_lines": [1750, 1751], "excluded_lines": []}, "": {"executed_lines": [], "summary": {"covered_lines": 0, "num_statements": 162, "percent_covered": 0.0, "percent_covered_display": "0", "missing_lines": 162, "excluded_lines": 0, "percent_statements_covered": 0.0, "percent_statements_covered_display": "0"}, "missing_lines": [16, 17, 18, 19, 20, 21, 34, 35, 36, 38, 40, 41, 42, 44, 47, 61, 66, 69, 100, 109, 115, 131, 137, 138, 144, 145, 159, 160, 166, 167, 173, 177, 186, 187, 193, 197, 201, 206, 220, 221, 230, 231, 240, 241, 249, 250, 259, 260, 272, 273, 282, 283, 292, 293, 302, 303, 312, 313, 321, 322, 338, 339, 349, 353, 357, 362, 373, 374, 383, 384, 398, 399, 411, 412, 420, 421, 429, 430, 439, 440, 454, 455, 464, 465, 474, 475, 484, 485, 487, 488, 490, 491, 493, 494, 496, 501, 503, 504, 506, 507, 511, 512, 521, 522, 531, 532, 543, 544, 553, 554, 564, 565, 571, 572, 590, 591, 616, 617, 639, 640, 649, 718, 722, 739, 740, 747, 759, 763, 765, 820, 824, 836, 884, 888, 899, 901, 993, 1001, 1017, 1054, 1090, 1103, 1166, 1175, 1190, 1213, 1222, 1236, 1249, 1271, 1291, 1436, 1464, 1557, 1619, 1633, 1668, 1677, 1711, 1726, 1736, 1744], "excluded_lines": []}}, "classes": {"_ClippingContainer": {"executed_lines": [], "summary": {"covered_lines": 0, "num_statements": 2, "percent_covered": 0.0, "percent_covered_display": "0", "missing_lines": 2, "excluded_lines": 0, "percent_statements_covered": 0.0, "percent_statements_covered_display": "0"}, "missing_lines": [62, 64], "excluded_lines": []}, "MarkdownLabel": {"executed_lines": [], "summary": {"covered_lines": 0, "num_statements": 414, "percent_covered": 0.0, "percent_covered_display": "0", "missing_lines": 414, "excluded_lines": 0, "percent_statements_covered": 0.0, "percent_statements_covered_display": "0"}, "missing_lines": [195, 199, 351, 355, 659, 660, 661, 663, 664, 666, 667, 669, 678, 679, 682, 683, 684, 685, 688, 689, 690, 691, 692, 694, 695, 696, 697, 699, 700, 701, 702, 703, 704, 706, 707, 708, 710, 711, 713, 714, 716, 749, 750, 752, 753, 754, 755, 757, 772, 774, 776, 777, 778, 779, 780, 781, 782, 783, 785, 787, 788, 789, 791, 792, 793, 795, 796, 803, 804, 805, 806, 807, 808, 809, 811, 812, 813, 815, 816, 818, 842, 844, 846, 847, 848, 849, 850, 851, 852, 853, 855, 857, 858, 859, 861, 862, 863, 865, 870, 871, 872, 873, 875, 876, 877, 879, 880, 882, 902, 903, 907, 910, 915, 919, 920, 921, 922, 924, 927, 930, 933, 936, 939, 941, 942, 945, 949, 950, 951, 952, 953, 954, 955, 956, 959, 960, 961, 962, 963, 964, 965, 966, 967, 968, 969, 972, 973, 974, 975, 976, 977, 978, 979, 980, 981, 982, 983, 984, 987, 990, 991, 999, 1013, 1014, 1015, 1034, 1035, 1036, 1039, 1041, 1042, 1045, 1047, 1048, 1052, 1066, 1072, 1074, 1076, 1079, 1082, 1083, 1084, 1087, 1088, 1096, 1097, 1099, 1100, 1101, 1121, 1124, 1129, 1131, 1137, 1138, 1139, 1140, 1141, 1142, 1143, 1144, 1145, 1146, 1147, 1148, 1149, 1150, 1151, 1152, 1153, 1154, 1155, 1158, 1159, 1160, 1163, 1164, 1173, 1178, 1179, 1181, 1183, 1184, 1187, 1188, 1200, 1202, 1203, 1206, 1207, 1208, 1211, 1220, 1233, 1234, 1245, 1246, 1247, 1267, 1268, 1269, 1282, 1283, 1286, 1287, 1289, 1294, 1297, 1300, 1301, 1302, 1306, 1307, 1310, 1349, 1352, 1355, 1357, 1360, 1362, 1365, 1367, 1369, 1372, 1373, 1374, 1375, 1376, 1379, 1380, 1381, 1383, 1384, 1386, 1389, 1390, 1396, 1399, 1401, 1403, 1406, 1408, 1409, 1411, 1413, 1416, 1417, 1418, 1421, 1422, 1423, 1426, 1429, 1430, 1431, 1434, 1446, 1447, 1448, 1449, 1452, 1454, 1458, 1459, 1462, 1477, 1478, 1479, 1483, 1484, 1487, 1488, 1490, 1491, 1492, 1494, 1495, 1496, 1497, 1499, 1501, 1504, 1505, 1506, 1507, 1510, 1511, 1514, 1517, 1519, 1521, 1523, 1524, 1525, 1528, 1529, 1532, 1535, 1544, 1546, 1548, 1550, 1551, 1555, 1571, 1572, 1574, 1576, 1577, 1580, 1581, 1582, 1583, 1584, 1587, 1588, 1590, 1591, 1592, 1594, 1597, 1601, 1602, 1603, 1604, 1606, 1611, 1612, 1613, 1614, 1615, 1625, 1626, 1629, 1630, 1631, 1639, 1640, 1641, 1643, 1645, 1648, 1650, 1651, 1652, 1654, 1655, 1657, 1658, 1659, 1661, 1664, 1665, 1666, 1675, 1691, 1693, 1695, 1697, 1698, 1701, 1702, 1703, 1705, 1706, 1709, 1721, 1722, 1724, 1734, 1742, 1750, 1751], "excluded_lines": []}, "": {"executed_lines": [], "summary": {"covered_lines": 0, "num_statements": 162, "percent_covered": 0.0, "percent_covered_display": "0", "missing_lines": 162, "excluded_lines": 0, "percent_statements_covered": 0.0, "percent_statements_covered_display": "0"}, "missing_lines": [16, 17, 18, 19, 20, 21, 34, 35, 36, 38, 40, 41, 42, 44, 47, 61, 66, 69, 100, 109, 115, 131, 137, 138, 144, 145, 159, 160, 166, 167, 173, 177, 186, 187, 193, 197, 201, 206, 220, 221, 230, 231, 240, 241, 249, 250, 259, 260, 272, 273, 282, 283, 292, 293, 302, 303, 312, 313, 321, 322, 338, 339, 349, 353, 357, 362, 373, 374, 383, 384, 398, 399, 411, 412, 420, 421, 429, 430, 439, 440, 454, 455, 464, 465, 474, 475, 484, 485, 487, 488, 490, 491, 493, 494, 496, 501, 503, 504, 506, 507, 511, 512, 521, 522, 531, 532, 543, 544, 553, 554, 564, 565, 571, 572, 590, 591, 616, 617, 639, 640, 649, 718, 722, 739, 740, 747, 759, 763, 765, 820, 824, 836, 884, 888, 899, 901, 993, 1001, 1017, 1054, 1090, 1103, 1166, 1175, 1190, 1213, 1222, 1236, 1249, 1271, 1291, 1436, 1464, 1557, 1619, 1633, 1668, 1677, 1711, 1726, 1736, 1744], "excluded_lines": []}}}, "kivy_garden/markdownlabel/_version.py": {"executed_lines": [], "summary": {"covered_lines": 0, "num_statements": 1, "percent_covered": 0.0, "percent_covered_display": "0", "missing_lines": 1, "excluded_lines": 0, "percent_statements_covered": 0.0, "percent_statements_covered_display": "0"}, "missing_lines": [1], "excluded_lines": [], "functions": {"": {"executed_lines": [], "summary": {"covered_lines": 0, "num_statements": 1, "percent_covered": 0.0, "percent_covered_display": "0", "missing_lines": 1, "excluded_lines": 0, "percent_statements_covered": 0.0, "percent_statements_covered_display": "0"}, "missing_lines": [1], "excluded_lines": []}}, "classes": {"": {"executed_lines": [], "summary": {"covered_lines": 0, "num_statements": 1, "percent_covered": 0.0, "percent_covered_display": "0", "missing_lines": 1, "excluded_lines": 0, "percent_statements_covered": 0.0, "percent_statements_covered_display": "0"}, "missing_lines": [1], "excluded_lines": []}}}, "kivy_garden/markdownlabel/inline_renderer.py": {"executed_lines": [], "summary": {"covered_lines": 0, "num_statements": 71, "percent_covered": 0.0, "percent_covered_display": "0", "missing_lines": 71, "excluded_lines": 0, "percent_statements_covered": 0.0, "percent_statements_covered_display": "0"}, "missing_lines": [8, 11, 19, 30, 31, 32, 34, 43, 44, 45, 46, 47, 48, 50, 52, 54, 67, 68, 69, 70, 72, 81, 82, 84, 93, 94, 95, 97, 106, 107, 108, 110, 119, 120, 121, 123, 132, 133, 134, 136, 151, 152, 153, 155, 164, 165, 166, 167, 168, 170, 171, 174, 175, 176, 178, 187, 189, 198, 200, 212, 213, 215, 229, 231, 232, 234, 247, 248, 250, 251, 252], "excluded_lines": [], "functions": {"InlineRenderer.__init__": {"executed_lines": [], "summary": {"covered_lines": 0, "num_statements": 3, "percent_covered": 0.0, "percent_covered_display": "0", "missing_lines": 3, "excluded_lines": 0, "percent_statements_covered": 0.0, "percent_statements_covered_display": "0"}, "missing_lines": [30, 31, 32], "excluded_lines": []}, "InlineRenderer.render": {"executed_lines": [], "summary": {"covered_lines": 0, "num_statements": 6, "percent_covered": 0.0, "percent_covered_display": "0", "missing_lines": 6, "excluded_lines": 0, "percent_statements_covered": 0.0, "percent_statements_covered_display": "0"}, "missing_lines": [43, 44, 45, 46, 47, 48], "excluded_lines": []}, "InlineRenderer._unknown": {"executed_lines": [], "summary": {"covered_lines": 0, "num_statements": 1, "percent_covered": 0.0, "percent_covered_display": "0", "missing_lines": 1, "excluded_lines": 0, "percent_statements_covered": 0.0, "percent_statements_covered_display": "0"}, "missing_lines": [52], "excluded_lines": []}, "InlineRenderer._escape_markup": {"executed_lines": [], "summary": {"covered_lines": 0, "num_statements": 4, "percent_covered": 0.0, "percent_covered_display": "0", "missing_lines": 4, "excluded_lines": 0, "percent_statements_covered": 0.0, "percent_statements_covered_display": "0"}, "missing_lines": [67, 68, 69, 70], "excluded_lines": []}, "InlineRenderer.text": {"executed_lines": [], "summary": {"covered_lines": 0, "num_statements": 2, "percent_covered": 0.0, "percent_covered_display": "0", "missing_lines": 2, "excluded_lines": 0, "percent_statements_covered": 0.0, "percent_statements_covered_display": "0"}, "missing_lines": [81, 82], "excluded_lines": []}, "InlineRenderer.strong": {"executed_lines": [], "summary": {"covered_lines": 0, "num_statements": 3, "percent_covered": 0.0, "percent_covered_display": "0", "missing_lines": 3, "excluded_lines": 0, "percent_statements_covered": 0.0, "percent_statements_covered_display": "0"}, "missing_lines": [93, 94, 95], "excluded_lines": []}, "InlineRenderer.emphasis": {"executed_lines": [], "summary": {"covered_lines": 0, "num_statements": 3, "percent_covered": 0.0, "percent_covered_display": "0", "missing_lines": 3, "excluded_lines": 0, "percent_statements_covered": 0.0, "percent_statements_covered_display": "0"}, "missing_lines": [106, 107, 108], "excluded_lines": []}, "InlineRenderer.codespan": {"executed_lines": [], "summary": {"covered_lines": 0, "num_statements": 3, "percent_covered": 0.0, "percent_covered_display": "0", "missing_lines": 3, "excluded_lines": 0, "percent_statements_covered": 0.0, "percent_statements_covered_display": "0"}, "missing_lines": [119, 120, 121], "excluded_lines": []}, "InlineRenderer.strikethrough": {"executed_lines": [], "summary": {"covered_lines": 0, "num_statements": 3, "percent_covered": 0.0, "percent_covered_display": "0", "missing_lines": 3, "excluded_lines": 0, "percent_statements_covered": 0.0, "percent_statements_covered_display": "0"}, "missing_lines": [132, 133, 134], "excluded_lines": []}, "InlineRenderer._escape_url": {"executed_lines": [], "summary": {"covered_lines": 0, "num_statements": 3, "percent_covered": 0.0, "percent_covered_display": "0", "missing_lines": 3, "excluded_lines": 0, "percent_statements_covered": 0.0, "percent_statements_covered_display": "0"}, "missing_lines": [151, 152, 153], "excluded_lines": []}, "InlineRenderer.link": {"executed_lines": [], "summary": {"covered_lines": 0, "num_statements": 10, "percent_covered": 0.0, "percent_covered_display": "0", "missing_lines": 10, "excluded_lines": 0, "percent_statements_covered": 0.0, "percent_statements_covered_display": "0"}, "missing_lines": [164, 165, 166, 167, 168, 170, 171, 174, 175, 176], "excluded_lines": []}, "InlineRenderer.softbreak": {"executed_lines": [], "summary": {"covered_lines": 0, "num_statements": 1, "percent_covered": 0.0, "percent_covered_display": "0", "missing_lines": 1, "excluded_lines": 0, "percent_statements_covered": 0.0, "percent_statements_covered_display": "0"}, "missing_lines": [187], "excluded_lines": []}, "InlineRenderer.linebreak": {"executed_lines": [], "summary": {"covered_lines": 0, "num_statements": 1, "percent_covered": 0.0, "percent_covered_display": "0", "missing_lines": 1, "excluded_lines": 0, "percent_statements_covered": 0.0, "percent_statements_covered_display": "0"}, "missing_lines": [198], "excluded_lines": []}, "InlineRenderer.image": {"executed_lines": [], "summary": {"covered_lines": 0, "num_statements": 2, "percent_covered": 0.0, "percent_covered_display": "0", "missing_lines": 2, "excluded_lines": 0, "percent_statements_covered": 0.0, "percent_statements_covered_display": "0"}, "missing_lines": [212, 213], "excluded_lines": []}, "InlineRenderer.inline_html": {"executed_lines": [], "summary": {"covered_lines": 0, "num_statements": 3, "percent_covered": 0.0, "percent_covered_display": "0", "missing_lines": 3, "excluded_lines": 0, "percent_statements_covered": 0.0, "percent_statements_covered_display": "0"}, "missing_lines": [229, 231, 232], "excluded_lines": []}, "InlineRenderer._escape_html_content": {"executed_lines": [], "summary": {"covered_lines": 0, "num_statements": 5, "percent_covered": 0.0, "percent_covered_display": "0", "missing_lines": 5, "excluded_lines": 0, "percent_statements_covered": 0.0, "percent_statements_covered_display": "0"}, "missing_lines": [247, 248, 250, 251, 252], "excluded_lines": []}, "": {"executed_lines": [], "summary": {"covered_lines": 0, "num_statements": 18, "percent_covered": 0.0, "percent_covered_display": "0", "missing_lines": 18, "excluded_lines": 0, "percent_statements_covered": 0.0, "percent_statements_covered_display": "0"}, "missing_lines": [8, 11, 19, 34, 50, 54, 72, 84, 97, 110, 123, 136, 155, 178, 189, 200, 215, 234], "excluded_lines": []}}, "classes": {"InlineRenderer": {"executed_lines": [], "summary": {"covered_lines": 0, "num_statements": 53, "percent_covered": 0.0, "percent_covered_display": "0", "missing_lines": 53, "excluded_lines": 0, "percent_statements_covered": 0.0, "percent_statements_covered_display": "0"}, "missing_lines": [30, 31, 32, 43, 44, 45, 46, 47, 48, 52, 67, 68, 69, 70, 81, 82, 93, 94, 95, 106, 107, 108, 119, 120, 121, 132, 133, 134, 151, 152, 153, 164, 165, 166, 167, 168, 170, 171, 174, 175, 176, 187, 198, 212, 213, 229, 231, 232, 247, 248, 250, 251, 252], "excluded_lines": []}, "": {"executed_lines": [], "summary": {"covered_lines": 0, "num_statements": 18, "percent_covered": 0.0, "percent_covered_display": "0", "missing_lines": 18, "excluded_lines": 0, "percent_statements_covered": 0.0, "percent_statements_covered_display": "0"}, "missing_lines": [8, 11, 19, 34, 50, 54, 72, 84, 97, 110, 123, 136, 155, 178, 189, 200, 215, 234], "excluded_lines": []}}}, "kivy_garden/markdownlabel/kivy_renderer.py": {"executed_lines": [], "summary": {"covered_lines": 0, "num_statements": 365, "percent_covered": 0.0, "percent_covered_display": "0", "missing_lines": 365, "excluded_lines": 0, "percent_statements_covered": 0.0, "percent_statements_covered_display": "0"}, "missing_lines": [8, 9, 11, 12, 13, 14, 15, 16, 18, 20, 23, 31, 34, 43, 119, 120, 121, 122, 123, 124, 125, 126, 127, 128, 129, 131, 132, 133, 134, 135, 136, 137, 138, 139, 140, 141, 142, 143, 144, 145, 146, 147, 148, 149, 150, 151, 152, 153, 154, 157, 158, 162, 169, 170, 173, 174, 176, 187, 188, 190, 191, 193, 196, 199, 201, 202, 206, 208, 211, 215, 217, 227, 228, 230, 231, 232, 233, 235, 237, 248, 249, 254, 256, 257, 259, 260, 263, 265, 271, 279, 280, 282, 291, 293, 303, 304, 306, 337, 338, 341, 342, 343, 344, 345, 346, 349, 350, 352, 355, 358, 360, 362, 372, 373, 375, 406, 407, 410, 411, 412, 413, 414, 415, 418, 419, 421, 424, 427, 429, 431, 449, 450, 451, 454, 456, 457, 458, 460, 492, 493, 496, 497, 498, 499, 500, 501, 504, 505, 507, 510, 513, 516, 518, 520, 530, 531, 533, 543, 544, 545, 546, 549, 550, 553, 554, 557, 559, 564, 566, 567, 568, 569, 572, 573, 575, 576, 578, 580, 594, 598, 601, 602, 603, 605, 607, 638, 639, 642, 643, 644, 645, 646, 647, 650, 651, 653, 655, 658, 660, 663, 667, 670, 671, 672, 673, 674, 676, 678, 680, 692, 696, 698, 699, 700, 701, 702, 704, 706, 716, 717, 718, 721, 724, 731, 732, 733, 736, 737, 738, 740, 747, 773, 774, 775, 776, 778, 779, 780, 783, 784, 786, 787, 790, 792, 794, 804, 807, 810, 815, 818, 819, 820, 821, 827, 828, 833, 836, 837, 838, 839, 841, 843, 845, 855, 861, 862, 863, 864, 870, 871, 876, 878, 880, 890, 891, 892, 895, 898, 906, 909, 910, 912, 913, 916, 918, 921, 923, 925, 935, 937, 947, 950, 953, 959, 962, 963, 964, 965, 966, 967, 969, 971, 980, 981, 982, 983, 984, 985, 986, 989, 990, 991, 992, 993, 994, 996, 1006, 1007, 1008, 1011, 1013, 1015, 1016, 1017, 1018, 1020, 1021, 1023, 1033, 1034, 1035, 1036, 1038, 1050, 1051, 1055, 1056, 1057, 1060, 1063, 1066, 1098, 1099, 1102, 1103, 1104, 1105, 1106, 1107, 1110, 1111, 1113, 1116, 1119, 1120, 1123, 1125, 1127, 1140, 1142, 1155, 1157, 1170, 1172, 1185], "excluded_lines": [], "functions": {"KivyRenderer.__init__": {"executed_lines": [], "summary": {"covered_lines": 0, "num_statements": 42, "percent_covered": 0.0, "percent_covered_display": "0", "missing_lines": 42, "excluded_lines": 0, "percent_statements_covered": 0.0, "percent_statements_covered_display": "0"}, "missing_lines": [119, 120, 121, 122, 123, 124, 125, 126, 127, 128, 129, 131, 132, 133, 134, 135, 136, 137, 138, 139, 140, 141, 142, 143, 144, 145, 146, 147, 148, 149, 150, 151, 152, 153, 154, 157, 158, 162, 169, 170, 173, 174], "excluded_lines": []}, "KivyRenderer._apply_text_size_binding": {"executed_lines": [], "summary": {"covered_lines": 0, "num_statements": 13, "percent_covered": 0.0, "percent_covered_display": "0", "missing_lines": 13, "excluded_lines": 0, "percent_statements_covered": 0.0, "percent_statements_covered_display": "0"}, "missing_lines": [187, 188, 190, 191, 193, 196, 199, 201, 202, 206, 208, 211, 215], "excluded_lines": []}, "KivyRenderer.__call__": {"executed_lines": [], "summary": {"covered_lines": 0, "num_statements": 7, "percent_covered": 0.0, "percent_covered_display": "0", "missing_lines": 7, "excluded_lines": 0, "percent_statements_covered": 0.0, "percent_statements_covered_display": "0"}, "missing_lines": [227, 228, 230, 231, 232, 233, 235], "excluded_lines": []}, "KivyRenderer._render_token": {"executed_lines": [], "summary": {"covered_lines": 0, "num_statements": 8, "percent_covered": 0.0, "percent_covered_display": "0", "missing_lines": 8, "excluded_lines": 0, "percent_statements_covered": 0.0, "percent_statements_covered_display": "0"}, "missing_lines": [248, 249, 254, 256, 257, 259, 260, 263], "excluded_lines": []}, "KivyRenderer._create_truncation_placeholder": {"executed_lines": [], "summary": {"covered_lines": 0, "num_statements": 3, "percent_covered": 0.0, "percent_covered_display": "0", "missing_lines": 3, "excluded_lines": 0, "percent_statements_covered": 0.0, "percent_statements_covered_display": "0"}, "missing_lines": [271, 279, 280], "excluded_lines": []}, "KivyRenderer._render_inline": {"executed_lines": [], "summary": {"covered_lines": 0, "num_statements": 1, "percent_covered": 0.0, "percent_covered_display": "0", "missing_lines": 1, "excluded_lines": 0, "percent_statements_covered": 0.0, "percent_statements_covered_display": "0"}, "missing_lines": [291], "excluded_lines": []}, "KivyRenderer.paragraph": {"executed_lines": [], "summary": {"covered_lines": 0, "num_statements": 17, "percent_covered": 0.0, "percent_covered_display": "0", "missing_lines": 17, "excluded_lines": 0, "percent_statements_covered": 0.0, "percent_statements_covered_display": "0"}, "missing_lines": [303, 304, 306, 337, 338, 341, 342, 343, 344, 345, 346, 349, 350, 352, 355, 358, 360], "excluded_lines": []}, "KivyRenderer.block_text": {"executed_lines": [], "summary": {"covered_lines": 0, "num_statements": 17, "percent_covered": 0.0, "percent_covered_display": "0", "missing_lines": 17, "excluded_lines": 0, "percent_statements_covered": 0.0, "percent_statements_covered_display": "0"}, "missing_lines": [372, 373, 375, 406, 407, 410, 411, 412, 413, 414, 415, 418, 419, 421, 424, 427, 429], "excluded_lines": []}, "KivyRenderer.heading": {"executed_lines": [], "summary": {"covered_lines": 0, "num_statements": 23, "percent_covered": 0.0, "percent_covered_display": "0", "missing_lines": 23, "excluded_lines": 0, "percent_statements_covered": 0.0, "percent_statements_covered_display": "0"}, "missing_lines": [449, 450, 451, 454, 456, 457, 458, 460, 492, 493, 496, 497, 498, 499, 500, 501, 504, 505, 507, 510, 513, 516, 518], "excluded_lines": []}, "KivyRenderer.blank_line": {"executed_lines": [], "summary": {"covered_lines": 0, "num_statements": 2, "percent_covered": 0.0, "percent_covered_display": "0", "missing_lines": 2, "excluded_lines": 0, "percent_statements_covered": 0.0, "percent_statements_covered_display": "0"}, "missing_lines": [530, 531], "excluded_lines": []}, "KivyRenderer.list": {"executed_lines": [], "summary": {"covered_lines": 0, "num_statements": 20, "percent_covered": 0.0, "percent_covered_display": "0", "missing_lines": 20, "excluded_lines": 0, "percent_statements_covered": 0.0, "percent_statements_covered_display": "0"}, "missing_lines": [543, 544, 545, 546, 549, 550, 553, 554, 557, 559, 564, 566, 567, 568, 569, 572, 573, 575, 576, 578], "excluded_lines": []}, "KivyRenderer._render_list_item": {"executed_lines": [], "summary": {"covered_lines": 0, "num_statements": 30, "percent_covered": 0.0, "percent_covered_display": "0", "missing_lines": 30, "excluded_lines": 0, "percent_statements_covered": 0.0, "percent_statements_covered_display": "0"}, "missing_lines": [594, 598, 601, 602, 603, 605, 607, 638, 639, 642, 643, 644, 645, 646, 647, 650, 651, 653, 655, 658, 660, 663, 667, 670, 671, 672, 673, 674, 676, 678], "excluded_lines": []}, "KivyRenderer.list_item": {"executed_lines": [], "summary": {"covered_lines": 0, "num_statements": 8, "percent_covered": 0.0, "percent_covered_display": "0", "missing_lines": 8, "excluded_lines": 0, "percent_statements_covered": 0.0, "percent_statements_covered_display": "0"}, "missing_lines": [692, 696, 698, 699, 700, 701, 702, 704], "excluded_lines": []}, "KivyRenderer.block_code": {"executed_lines": [], "summary": {"covered_lines": 0, "num_statements": 24, "percent_covered": 0.0, "percent_covered_display": "0", "missing_lines": 24, "excluded_lines": 0, "percent_statements_covered": 0.0, "percent_statements_covered_display": "0"}, "missing_lines": [716, 717, 718, 721, 724, 731, 732, 733, 736, 740, 747, 773, 774, 775, 776, 778, 779, 780, 783, 784, 786, 787, 790, 792], "excluded_lines": []}, "KivyRenderer.block_code.update_bg": {"executed_lines": [], "summary": {"covered_lines": 0, "num_statements": 2, "percent_covered": 0.0, "percent_covered_display": "0", "missing_lines": 2, "excluded_lines": 0, "percent_statements_covered": 0.0, "percent_statements_covered_display": "0"}, "missing_lines": [737, 738], "excluded_lines": []}, "KivyRenderer.block_quote": {"executed_lines": [], "summary": {"covered_lines": 0, "num_statements": 16, "percent_covered": 0.0, "percent_covered_display": "0", "missing_lines": 16, "excluded_lines": 0, "percent_statements_covered": 0.0, "percent_statements_covered_display": "0"}, "missing_lines": [804, 807, 810, 815, 818, 819, 820, 821, 827, 833, 836, 837, 838, 839, 841, 843], "excluded_lines": []}, "KivyRenderer.block_quote.update_border": {"executed_lines": [], "summary": {"covered_lines": 0, "num_statements": 1, "percent_covered": 0.0, "percent_covered_display": "0", "missing_lines": 1, "excluded_lines": 0, "percent_statements_covered": 0.0, "percent_statements_covered_display": "0"}, "missing_lines": [828], "excluded_lines": []}, "KivyRenderer.thematic_break": {"executed_lines": [], "summary": {"covered_lines": 0, "num_statements": 8, "percent_covered": 0.0, "percent_covered_display": "0", "missing_lines": 8, "excluded_lines": 0, "percent_statements_covered": 0.0, "percent_statements_covered_display": "0"}, "missing_lines": [855, 861, 862, 863, 864, 870, 876, 878], "excluded_lines": []}, "KivyRenderer.thematic_break.update_line": {"executed_lines": [], "summary": {"covered_lines": 0, "num_statements": 1, "percent_covered": 0.0, "percent_covered_display": "0", "missing_lines": 1, "excluded_lines": 0, "percent_statements_covered": 0.0, "percent_statements_covered_display": "0"}, "missing_lines": [871], "excluded_lines": []}, "KivyRenderer.image": {"executed_lines": [], "summary": {"covered_lines": 0, "num_statements": 10, "percent_covered": 0.0, "percent_covered_display": "0", "missing_lines": 10, "excluded_lines": 0, "percent_statements_covered": 0.0, "percent_statements_covered_display": "0"}, "missing_lines": [890, 891, 892, 895, 898, 906, 909, 918, 921, 923], "excluded_lines": []}, "KivyRenderer.image.on_texture": {"executed_lines": [], "summary": {"covered_lines": 0, "num_statements": 4, "percent_covered": 0.0, "percent_covered_display": "0", "missing_lines": 4, "excluded_lines": 0, "percent_statements_covered": 0.0, "percent_statements_covered_display": "0"}, "missing_lines": [910, 912, 913, 916], "excluded_lines": []}, "KivyRenderer.newline": {"executed_lines": [], "summary": {"covered_lines": 0, "num_statements": 1, "percent_covered": 0.0, "percent_covered_display": "0", "missing_lines": 1, "excluded_lines": 0, "percent_statements_covered": 0.0, "percent_statements_covered_display": "0"}, "missing_lines": [935], "excluded_lines": []}, "KivyRenderer.table": {"executed_lines": [], "summary": {"covered_lines": 0, "num_statements": 11, "percent_covered": 0.0, "percent_covered_display": "0", "missing_lines": 11, "excluded_lines": 0, "percent_statements_covered": 0.0, "percent_statements_covered_display": "0"}, "missing_lines": [947, 950, 953, 959, 962, 963, 964, 965, 966, 967, 969], "excluded_lines": []}, "KivyRenderer._get_table_column_count": {"executed_lines": [], "summary": {"covered_lines": 0, "num_statements": 13, "percent_covered": 0.0, "percent_covered_display": "0", "missing_lines": 13, "excluded_lines": 0, "percent_statements_covered": 0.0, "percent_statements_covered_display": "0"}, "missing_lines": [980, 981, 982, 983, 984, 985, 986, 989, 990, 991, 992, 993, 994], "excluded_lines": []}, "KivyRenderer._render_table_section": {"executed_lines": [], "summary": {"covered_lines": 0, "num_statements": 11, "percent_covered": 0.0, "percent_covered_display": "0", "missing_lines": 11, "excluded_lines": 0, "percent_statements_covered": 0.0, "percent_statements_covered_display": "0"}, "missing_lines": [1006, 1007, 1008, 1011, 1013, 1015, 1016, 1017, 1018, 1020, 1021], "excluded_lines": []}, "KivyRenderer._render_table_row": {"executed_lines": [], "summary": {"covered_lines": 0, "num_statements": 4, "percent_covered": 0.0, "percent_covered_display": "0", "missing_lines": 4, "excluded_lines": 0, "percent_statements_covered": 0.0, "percent_statements_covered_display": "0"}, "missing_lines": [1033, 1034, 1035, 1036], "excluded_lines": []}, "KivyRenderer._render_table_cell": {"executed_lines": [], "summary": {"covered_lines": 0, "num_statements": 24, "percent_covered": 0.0, "percent_covered_display": "0", "missing_lines": 24, "excluded_lines": 0, "percent_statements_covered": 0.0, "percent_statements_covered_display": "0"}, "missing_lines": [1050, 1051, 1055, 1056, 1057, 1060, 1063, 1066, 1098, 1099, 1102, 1103, 1104, 1105, 1106, 1107, 1110, 1111, 1113, 1116, 1119, 1120, 1123, 1125], "excluded_lines": []}, "KivyRenderer.table_head": {"executed_lines": [], "summary": {"covered_lines": 0, "num_statements": 1, "percent_covered": 0.0, "percent_covered_display": "0", "missing_lines": 1, "excluded_lines": 0, "percent_statements_covered": 0.0, "percent_statements_covered_display": "0"}, "missing_lines": [1140], "excluded_lines": []}, "KivyRenderer.table_body": {"executed_lines": [], "summary": {"covered_lines": 0, "num_statements": 1, "percent_covered": 0.0, "percent_covered_display": "0", "missing_lines": 1, "excluded_lines": 0, "percent_statements_covered": 0.0, "percent_statements_covered_display": "0"}, "missing_lines": [1155], "excluded_lines": []}, "KivyRenderer.table_row": {"executed_lines": [], "summary": {"covered_lines": 0, "num_statements": 1, "percent_covered": 0.0, "percent_covered_display": "0", "missing_lines": 1, "excluded_lines": 0, "percent_statements_covered": 0.0, "percent_statements_covered_display": "0"}, "missing_lines": [1170], "excluded_lines": []}, "KivyRenderer.table_cell": {"executed_lines": [], "summary": {"covered_lines": 0, "num_statements": 1, "percent_covered": 0.0, "percent_covered_display": "0", "missing_lines": 1, "excluded_lines": 0, "percent_statements_covered": 0.0, "percent_statements_covered_display": "0"}, "missing_lines": [1185], "excluded_lines": []}, "": {"executed_lines": [], "summary": {"covered_lines": 0, "num_statements": 40, "percent_covered": 0.0, "percent_covered_display": "0", "missing_lines": 40, "excluded_lines": 0, "percent_statements_covered": 0.0, "percent_statements_covered_display": "0"}, "missing_lines": [8, 9, 11, 12, 13, 14, 15, 16, 18, 20, 23, 31, 34, 43, 176, 217, 237, 265, 282, 293, 362, 431, 520, 533, 580, 680, 706, 794, 845, 880, 925, 937, 971, 996, 1023, 1038, 1127, 1142, 1157, 1172], "excluded_lines": []}}, "classes": {"KivyRenderer": {"executed_lines": [], "summary": {"covered_lines": 0, "num_statements": 325, "percent_covered": 0.0, "percent_covered_display": "0", "missing_lines": 325, "excluded_lines": 0, "percent_statements_covered": 0.0, "percent_statements_covered_display": "0"}, "missing_lines": [119, 120, 121, 122, 123, 124, 125, 126, 127, 128, 129, 131, 132, 133, 134, 135, 136, 137, 138, 139, 140, 141, 142, 143, 144, 145, 146, 147, 148, 149, 150, 151, 152, 153, 154, 157, 158, 162, 169, 170, 173, 174, 187, 188, 190, 191, 193, 196, 199, 201, 202, 206, 208, 211, 215, 227, 228, 230, 231, 232, 233, 235, 248, 249, 254, 256, 257, 259, 260, 263, 271, 279, 280, 291, 303, 304, 306, 337, 338, 341, 342, 343, 344, 345, 346, 349, 350, 352, 355, 358, 360, 372, 373, 375, 406, 407, 410, 411, 412, 413, 414, 415, 418, 419, 421, 424, 427, 429, 449, 450, 451, 454, 456, 457, 458, 460, 492, 493, 496, 497, 498, 499, 500, 501, 504, 505, 507, 510, 513, 516, 518, 530, 531, 543, 544, 545, 546, 549, 550, 553, 554, 557, 559, 564, 566, 567, 568, 569, 572, 573, 575, 576, 578, 594, 598, 601, 602, 603, 605, 607, 638, 639, 642, 643, 644, 645, 646, 647, 650, 651, 653, 655, 658, 660, 663, 667, 670, 671, 672, 673, 674, 676, 678, 692, 696, 698, 699, 700, 701, 702, 704, 716, 717, 718, 721, 724, 731, 732, 733, 736, 737, 738, 740, 747, 773, 774, 775, 776, 778, 779, 780, 783, 784, 786, 787, 790, 792, 804, 807, 810, 815, 818, 819, 820, 821, 827, 828, 833, 836, 837, 838, 839, 841, 843, 855, 861, 862, 863, 864, 870, 871, 876, 878, 890, 891, 892, 895, 898, 906, 909, 910, 912, 913, 916, 918, 921, 923, 935, 947, 950, 953, 959, 962, 963, 964, 965, 966, 967, 969, 980, 981, 982, 983, 984, 985, 986, 989, 990, 991, 992, 993, 994, 1006, 1007, 1008, 1011, 1013, 1015, 1016, 1017, 1018, 1020, 1021, 1033, 1034, 1035, 1036, 1050, 1051, 1055, 1056, 1057, 1060, 1063, 1066, 1098, 1099, 1102, 1103, 1104, 1105, 1106, 1107, 1110, 1111, 1113, 1116, 1119, 1120, 1123, 1125, 1140, 1155, 1170, 1185], "excluded_lines": []}, "": {"executed_lines": [], "summary": {"covered_lines": 0, "num_statements": 40, "percent_covered": 0.0, "percent_covered_display": "0", "missing_lines": 40, "excluded_lines": 0, "percent_statements_covered": 0.0, "percent_statements_covered_display": "0"}, "missing_lines": [8, 9, 11, 12, 13, 14, 15, 16, 18, 20, 23, 31, 34, 43, 176, 217, 237, 265, 282, 293, 362, 431, 520, 533, 580, 680, 706, 794, 845, 880, 925, 937, 971, 996, 1023, 1038, 1127, 1142, 1157, 1172], "excluded_lines": []}}}, "kivy_garden/markdownlabel/markdown_serializer.py": {"executed_lines": [], "summary": {"covered_lines": 0, "num_statements": 189, "percent_covered": 0.0, "percent_covered_display": "0", "missing_lines": 189, "excluded_lines": 0, "percent_statements_covered": 0.0, "percent_statements_covered_display": "0"}, "missing_lines": [8, 11, 18, 20, 22, 31, 32, 33, 34, 35, 37, 39, 48, 49, 51, 52, 55, 57, 66, 67, 68, 69, 70, 71, 74, 75, 80, 89, 90, 92, 101, 102, 103, 105, 106, 108, 117, 118, 119, 120, 122, 123, 124, 125, 126, 128, 129, 131, 133, 142, 143, 145, 146, 147, 148, 149, 151, 152, 154, 155, 156, 158, 159, 160, 162, 164, 173, 174, 176, 185, 186, 187, 190, 191, 192, 194, 197, 198, 200, 202, 211, 214, 215, 216, 217, 218, 220, 223, 224, 225, 227, 236, 238, 247, 250, 259, 261, 262, 264, 265, 266, 267, 268, 269, 270, 271, 273, 275, 284, 285, 286, 287, 290, 291, 292, 293, 294, 295, 298, 299, 300, 301, 303, 304, 305, 306, 307, 309, 310, 311, 313, 314, 317, 318, 319, 320, 321, 322, 323, 324, 326, 328, 329, 331, 333, 342, 343, 345, 346, 347, 349, 350, 351, 352, 354, 356, 360, 369, 371, 380, 381, 382, 384, 393, 394, 395, 397, 406, 407, 409, 418, 419, 420, 422, 431, 432, 433, 435, 436, 438, 447, 448, 449, 451, 452, 454, 463, 465, 474], "excluded_lines": [], "functions": {"MarkdownSerializer.__init__": {"executed_lines": [], "summary": {"covered_lines": 0, "num_statements": 1, "percent_covered": 0.0, "percent_covered_display": "0", "missing_lines": 1, "excluded_lines": 0, "percent_statements_covered": 0.0, "percent_statements_covered_display": "0"}, "missing_lines": [20], "excluded_lines": []}, "MarkdownSerializer.serialize": {"executed_lines": [], "summary": {"covered_lines": 0, "num_statements": 6, "percent_covered": 0.0, "percent_covered_display": "0", "missing_lines": 6, "excluded_lines": 0, "percent_statements_covered": 0.0, "percent_statements_covered_display": "0"}, "missing_lines": [31, 32, 33, 34, 35, 37], "excluded_lines": []}, "MarkdownSerializer._serialize_token": {"executed_lines": [], "summary": {"covered_lines": 0, "num_statements": 5, "percent_covered": 0.0, "percent_covered_display": "0", "missing_lines": 5, "excluded_lines": 0, "percent_statements_covered": 0.0, "percent_statements_covered_display": "0"}, "missing_lines": [48, 49, 51, 52, 55], "excluded_lines": []}, "MarkdownSerializer.serialize_inline": {"executed_lines": [], "summary": {"covered_lines": 0, "num_statements": 8, "percent_covered": 0.0, "percent_covered_display": "0", "missing_lines": 8, "excluded_lines": 0, "percent_statements_covered": 0.0, "percent_statements_covered_display": "0"}, "missing_lines": [66, 67, 68, 69, 70, 71, 74, 75], "excluded_lines": []}, "MarkdownSerializer.paragraph": {"executed_lines": [], "summary": {"covered_lines": 0, "num_statements": 2, "percent_covered": 0.0, "percent_covered_display": "0", "missing_lines": 2, "excluded_lines": 0, "percent_statements_covered": 0.0, "percent_statements_covered_display": "0"}, "missing_lines": [89, 90], "excluded_lines": []}, "MarkdownSerializer.heading": {"executed_lines": [], "summary": {"covered_lines": 0, "num_statements": 5, "percent_covered": 0.0, "percent_covered_display": "0", "missing_lines": 5, "excluded_lines": 0, "percent_statements_covered": 0.0, "percent_statements_covered_display": "0"}, "missing_lines": [101, 102, 103, 105, 106], "excluded_lines": []}, "MarkdownSerializer.list": {"executed_lines": [], "summary": {"covered_lines": 0, "num_statements": 12, "percent_covered": 0.0, "percent_covered_display": "0", "missing_lines": 12, "excluded_lines": 0, "percent_statements_covered": 0.0, "percent_statements_covered_display": "0"}, "missing_lines": [117, 118, 119, 120, 122, 123, 124, 125, 126, 128, 129, 131], "excluded_lines": []}, "MarkdownSerializer._serialize_list_item": {"executed_lines": [], "summary": {"covered_lines": 0, "num_statements": 16, "percent_covered": 0.0, "percent_covered_display": "0", "missing_lines": 16, "excluded_lines": 0, "percent_statements_covered": 0.0, "percent_statements_covered_display": "0"}, "missing_lines": [142, 143, 145, 146, 147, 148, 149, 151, 152, 154, 155, 156, 158, 159, 160, 162], "excluded_lines": []}, "MarkdownSerializer.block_text": {"executed_lines": [], "summary": {"covered_lines": 0, "num_statements": 2, "percent_covered": 0.0, "percent_covered_display": "0", "missing_lines": 2, "excluded_lines": 0, "percent_statements_covered": 0.0, "percent_statements_covered_display": "0"}, "missing_lines": [173, 174], "excluded_lines": []}, "MarkdownSerializer.block_code": {"executed_lines": [], "summary": {"covered_lines": 0, "num_statements": 10, "percent_covered": 0.0, "percent_covered_display": "0", "missing_lines": 10, "excluded_lines": 0, "percent_statements_covered": 0.0, "percent_statements_covered_display": "0"}, "missing_lines": [185, 186, 187, 190, 191, 192, 194, 197, 198, 200], "excluded_lines": []}, "MarkdownSerializer.block_quote": {"executed_lines": [], "summary": {"covered_lines": 0, "num_statements": 10, "percent_covered": 0.0, "percent_covered_display": "0", "missing_lines": 10, "excluded_lines": 0, "percent_statements_covered": 0.0, "percent_statements_covered_display": "0"}, "missing_lines": [211, 214, 215, 216, 217, 218, 220, 223, 224, 225], "excluded_lines": []}, "MarkdownSerializer.thematic_break": {"executed_lines": [], "summary": {"covered_lines": 0, "num_statements": 1, "percent_covered": 0.0, "percent_covered_display": "0", "missing_lines": 1, "excluded_lines": 0, "percent_statements_covered": 0.0, "percent_statements_covered_display": "0"}, "missing_lines": [236], "excluded_lines": []}, "MarkdownSerializer.blank_line": {"executed_lines": [], "summary": {"covered_lines": 0, "num_statements": 1, "percent_covered": 0.0, "percent_covered_display": "0", "missing_lines": 1, "excluded_lines": 0, "percent_statements_covered": 0.0, "percent_statements_covered_display": "0"}, "missing_lines": [247], "excluded_lines": []}, "MarkdownSerializer.table": {"executed_lines": [], "summary": {"covered_lines": 0, "num_statements": 12, "percent_covered": 0.0, "percent_covered_display": "0", "missing_lines": 12, "excluded_lines": 0, "percent_statements_covered": 0.0, "percent_statements_covered_display": "0"}, "missing_lines": [259, 261, 262, 264, 265, 266, 267, 268, 269, 270, 271, 273], "excluded_lines": []}, "MarkdownSerializer._serialize_table_head": {"executed_lines": [], "summary": {"covered_lines": 0, "num_statements": 36, "percent_covered": 0.0, "percent_covered_display": "0", "missing_lines": 36, "excluded_lines": 0, "percent_statements_covered": 0.0, "percent_statements_covered_display": "0"}, "missing_lines": [284, 285, 286, 287, 290, 291, 292, 293, 294, 295, 298, 299, 300, 301, 303, 304, 305, 306, 307, 309, 310, 311, 313, 314, 317, 318, 319, 320, 321, 322, 323, 324, 326, 328, 329, 331], "excluded_lines": []}, "MarkdownSerializer._serialize_table_body": {"executed_lines": [], "summary": {"covered_lines": 0, "num_statements": 11, "percent_covered": 0.0, "percent_covered_display": "0", "missing_lines": 11, "excluded_lines": 0, "percent_statements_covered": 0.0, "percent_statements_covered_display": "0"}, "missing_lines": [342, 343, 345, 346, 347, 349, 350, 351, 352, 354, 356], "excluded_lines": []}, "MarkdownSerializer.inline_text": {"executed_lines": [], "summary": {"covered_lines": 0, "num_statements": 1, "percent_covered": 0.0, "percent_covered_display": "0", "missing_lines": 1, "excluded_lines": 0, "percent_statements_covered": 0.0, "percent_statements_covered_display": "0"}, "missing_lines": [369], "excluded_lines": []}, "MarkdownSerializer.inline_strong": {"executed_lines": [], "summary": {"covered_lines": 0, "num_statements": 3, "percent_covered": 0.0, "percent_covered_display": "0", "missing_lines": 3, "excluded_lines": 0, "percent_statements_covered": 0.0, "percent_statements_covered_display": "0"}, "missing_lines": [380, 381, 382], "excluded_lines": []}, "MarkdownSerializer.inline_emphasis": {"executed_lines": [], "summary": {"covered_lines": 0, "num_statements": 3, "percent_covered": 0.0, "percent_covered_display": "0", "missing_lines": 3, "excluded_lines": 0, "percent_statements_covered": 0.0, "percent_statements_covered_display": "0"}, "missing_lines": [393, 394, 395], "excluded_lines": []}, "MarkdownSerializer.inline_codespan": {"executed_lines": [], "summary": {"covered_lines": 0, "num_statements": 2, "percent_covered": 0.0, "percent_covered_display": "0", "missing_lines": 2, "excluded_lines": 0, "percent_statements_covered": 0.0, "percent_statements_covered_display": "0"}, "missing_lines": [406, 407], "excluded_lines": []}, "MarkdownSerializer.inline_strikethrough": {"executed_lines": [], "summary": {"covered_lines": 0, "num_statements": 3, "percent_covered": 0.0, "percent_covered_display": "0", "missing_lines": 3, "excluded_lines": 0, "percent_statements_covered": 0.0, "percent_statements_covered_display": "0"}, "missing_lines": [418, 419, 420], "excluded_lines": []}, "MarkdownSerializer.inline_link": {"executed_lines": [], "summary": {"covered_lines": 0, "num_statements": 5, "percent_covered": 0.0, "percent_covered_display": "0", "missing_lines": 5, "excluded_lines": 0, "percent_statements_covered": 0.0, "percent_statements_covered_display": "0"}, "missing_lines": [431, 432, 433, 435, 436], "excluded_lines": []}, "MarkdownSerializer.inline_image": {"executed_lines": [], "summary": {"covered_lines": 0, "num_statements": 5, "percent_covered": 0.0, "percent_covered_display": "0", "missing_lines": 5, "excluded_lines": 0, "percent_statements_covered": 0.0, "percent_statements_covered_display": "0"}, "missing_lines": [447, 448, 449, 451, 452], "excluded_lines": []}, "MarkdownSerializer.inline_softbreak": {"executed_lines": [], "summary": {"covered_lines": 0, "num_statements": 1, "percent_covered": 0.0, "percent_covered_display": "0", "missing_lines": 1, "excluded_lines": 0, "percent_statements_covered": 0.0, "percent_statements_covered_display": "0"}, "missing_lines": [463], "excluded_lines": []}, "MarkdownSerializer.inline_linebreak": {"executed_lines": [], "summary": {"covered_lines": 0, "num_statements": 1, "percent_covered": 0.0, "percent_covered_display": "0", "missing_lines": 1, "excluded_lines": 0, "percent_statements_covered": 0.0, "percent_statements_covered_display": "0"}, "missing_lines": [474], "excluded_lines": []}, "": {"executed_lines": [], "summary": {"covered_lines": 0, "num_statements": 27, "percent_covered": 0.0, "percent_covered_display": "0", "missing_lines": 27, "excluded_lines": 0, "percent_statements_covered": 0.0, "percent_statements_covered_display": "0"}, "missing_lines": [8, 11, 18, 22, 39, 57, 80, 92, 108, 133, 164, 176, 202, 227, 238, 250, 275, 333, 360, 371, 384, 397, 409, 422, 438, 454, 465], "excluded_lines": []}}, "classes": {"MarkdownSerializer": {"executed_lines": [], "summary": {"covered_lines": 0, "num_statements": 162, "percent_covered": 0.0, "percent_covered_display": "0", "missing_lines": 162, "excluded_lines": 0, "percent_statements_covered": 0.0, "percent_statements_covered_display": "0"}, "missing_lines": [20, 31, 32, 33, 34, 35, 37, 48, 49, 51, 52, 55, 66, 67, 68, 69, 70, 71, 74, 75, 89, 90, 101, 102, 103, 105, 106, 117, 118, 119, 120, 122, 123, 124, 125, 126, 128, 129, 131, 142, 143, 145, 146, 147, 148, 149, 151, 152, 154, 155, 156, 158, 159, 160, 162, 173, 174, 185, 186, 187, 190, 191, 192, 194, 197, 198, 200, 211, 214, 215, 216, 217, 218, 220, 223, 224, 225, 236, 247, 259, 261, 262, 264, 265, 266, 267, 268, 269, 270, 271, 273, 284, 285, 286, 287, 290, 291, 292, 293, 294, 295, 298, 299, 300, 301, 303, 304, 305, 306, 307, 309, 310, 311, 313, 314, 317, 318, 319, 320, 321, 322, 323, 324, 326, 328, 329, 331, 342, 343, 345, 346, 347, 349, 350, 351, 352, 354, 356, 369, 380, 381, 382, 393, 394, 395, 406, 407, 418, 419, 420, 431, 432, 433, 435, 436, 447, 448, 449, 451, 452, 463, 474], "excluded_lines": []}, "": {"executed_lines": [], "summary": {"covered_lines": 0, "num_statements": 27, "percent_covered": 0.0, "percent_covered_display": "0", "missing_lines": 27, "excluded_lines": 0, "percent_statements_covered": 0.0, "percent_statements_covered_display": "0"}, "missing_lines": [8, 11, 18, 22, 39, 57, 80, 92, 108, 133, 164, 176, 202, 227, 238, 250, 275, 333, 360, 371, 384, 397, 409, 422, 438, 454, 465], "excluded_lines": []}}}, "kivy_garden/markdownlabel/tests/__init__.py": {"executed_lines": [], "summary": {"covered_lines": 0, "num_statements": 0, "percent_covered": 100.0, "percent_covered_display": "100", "missing_lines": 0, "excluded_lines": 0, "percent_statements_covered": 100.0, "percent_statements_covered_display": "100"}, "missing_lines": [], "excluded_lines": [], "functions": {"": {"executed_lines": [], "summary": {"covered_lines": 0, "num_statements": 0, "percent_covered": 100.0, "percent_covered_display": "100", "missing_lines": 0, "excluded_lines": 0, "percent_statements_covered": 100.0, "percent_statements_covered_display": "100"}, "missing_lines": [], "excluded_lines": []}}, "classes": {"": {"executed_lines": [], "summary": {"covered_lines": 0, "num_statements": 0, "percent_covered": 100.0, "percent_covered_display": "100", "missing_lines": 0, "excluded_lines": 0, "percent_statements_covered": 100.0, "percent_statements_covered_display": "100"}, "missing_lines": [], "excluded_lines": []}}}, "kivy_garden/markdownlabel/tests/conftest.py": {"executed_lines": [], "summary": {"covered_lines": 0, "num_statements": 19, "percent_covered": 0.0, "percent_covered_display": "0", "missing_lines": 19, "excluded_lines": 0, "percent_statements_covered": 0.0, "percent_statements_covered_display": "0"}, "missing_lines": [8, 9, 12, 13, 16, 17, 21, 24, 25, 27, 54, 55, 57, 67, 68, 70, 79, 80, 82], "excluded_lines": [], "functions": {"setup_kivy_environment": {"executed_lines": [], "summary": {"covered_lines": 0, "num_statements": 1, "percent_covered": 0.0, "percent_covered_display": "0", "missing_lines": 1, "excluded_lines": 0, "percent_statements_covered": 0.0, "percent_statements_covered_display": "0"}, "missing_lines": [21], "excluded_lines": []}, "sample_markdown_texts": {"executed_lines": [], "summary": {"covered_lines": 0, "num_statements": 1, "percent_covered": 0.0, "percent_covered_display": "0", "missing_lines": 1, "excluded_lines": 0, "percent_statements_covered": 0.0, "percent_statements_covered_display": "0"}, "missing_lines": [27], "excluded_lines": []}, "default_colors": {"executed_lines": [], "summary": {"covered_lines": 0, "num_statements": 1, "percent_covered": 0.0, "percent_covered_display": "0", "missing_lines": 1, "excluded_lines": 0, "percent_statements_covered": 0.0, "percent_statements_covered_display": "0"}, "missing_lines": [57], "excluded_lines": []}, "default_padding_values": {"executed_lines": [], "summary": {"covered_lines": 0, "num_statements": 1, "percent_covered": 0.0, "percent_covered_display": "0", "missing_lines": 1, "excluded_lines": 0, "percent_statements_covered": 0.0, "percent_statements_covered_display": "0"}, "missing_lines": [70], "excluded_lines": []}, "kivy_fonts": {"executed_lines": [], "summary": {"covered_lines": 0, "num_statements": 1, "percent_covered": 0.0, "percent_covered_display": "0", "missing_lines": 1, "excluded_lines": 0, "percent_statements_covered": 0.0, "percent_statements_covered_display": "0"}, "missing_lines": [82], "excluded_lines": []}, "": {"executed_lines": [], "summary": {"covered_lines": 0, "num_statements": 14, "percent_covered": 0.0, "percent_covered_display": "0", "missing_lines": 14, "excluded_lines": 0, "percent_statements_covered": 0.0, "percent_statements_covered_display": "0"}, "missing_lines": [8, 9, 12, 13, 16, 17, 24, 25, 54, 55, 67, 68, 79, 80], "excluded_lines": []}}, "classes": {"": {"executed_lines": [], "summary": {"covered_lines": 0, "num_statements": 19, "percent_covered": 0.0, "percent_covered_display": "0", "missing_lines": 19, "excluded_lines": 0, "percent_statements_covered": 0.0, "percent_statements_covered_display": "0"}, "missing_lines": [8, 9, 12, 13, 16, 17, 21, 24, 25, 27, 54, 55, 57, 67, 68, 70, 79, 80, 82], "excluded_lines": []}}}, "kivy_garden/markdownlabel/tests/test_advanced_compatibility.py": {"executed_lines": [], "summary": {"covered_lines": 0, "num_statements": 386, "percent_covered": 0.0, "percent_covered_display": "0", "missing_lines": 386, "excluded_lines": 0, "percent_statements_covered": 0.0, "percent_statements_covered_display": "0"}, "missing_lines": [13, 14, 16, 17, 18, 19, 21, 22, 35, 38, 43, 44, 46, 48, 49, 51, 52, 55, 60, 61, 63, 65, 66, 68, 69, 72, 77, 78, 80, 82, 83, 85, 86, 89, 90, 92, 94, 95, 97, 99, 100, 103, 105, 106, 108, 110, 111, 113, 114, 117, 119, 120, 122, 124, 125, 127, 128, 131, 137, 139, 146, 147, 149, 150, 151, 153, 155, 158, 160, 161, 163, 165, 168, 169, 170, 173, 174, 177, 178, 179, 182, 184, 185, 187, 189, 192, 193, 194, 197, 198, 201, 202, 203, 206, 208, 210, 213, 215, 217, 220, 222, 224, 227, 229, 231, 234, 236, 238, 241, 243, 245, 254, 257, 262, 263, 265, 267, 270, 275, 276, 278, 280, 287, 288, 290, 292, 293, 294, 297, 302, 303, 305, 307, 314, 315, 317, 319, 320, 321, 324, 326, 327, 329, 330, 332, 339, 341, 342, 344, 346, 347, 348, 351, 353, 354, 356, 364, 365, 366, 367, 368, 372, 375, 376, 377, 378, 379, 383, 386, 387, 388, 389, 390, 393, 395, 397, 403, 404, 406, 407, 410, 412, 414, 420, 421, 423, 424, 427, 429, 431, 437, 438, 440, 441, 444, 446, 448, 449, 452, 454, 456, 466, 467, 471, 472, 475, 478, 480, 481, 487, 489, 492, 493, 494, 495, 498, 499, 502, 503, 504, 505, 508, 510, 511, 517, 519, 522, 523, 524, 525, 529, 532, 533, 534, 535, 537, 539, 540, 546, 548, 551, 552, 553, 554, 558, 561, 562, 563, 564, 567, 569, 570, 576, 578, 581, 584, 587, 591, 592, 594, 596, 597, 599, 602, 603, 604, 605, 606, 610, 612, 613, 614, 618, 620, 621, 622, 625, 631, 635, 638, 639, 640, 641, 644, 647, 648, 649, 650, 653, 659, 663, 666, 667, 668, 669, 672, 675, 676, 677, 678, 681, 686, 690, 693, 694, 695, 696, 699, 700, 703, 704, 705, 706, 709, 711, 712, 714, 716, 719, 720, 721, 722, 725, 726, 729, 730, 731, 732, 735, 737, 738, 740, 742, 743, 745, 752, 755, 756, 757, 758, 762, 764, 767, 768, 769, 770, 773, 775, 776, 778, 779, 781, 784, 787, 790, 793, 796, 798, 799, 801, 803, 806, 807, 808, 809, 812, 813, 816, 817, 818, 819, 822, 824, 825, 827, 829, 832, 833, 834, 835, 838, 839, 842, 843, 844, 845], "excluded_lines": [], "functions": {"TestAdvancedFontPropertiesForwarding.test_font_family_forwarded_to_labels": {"executed_lines": [], "summary": {"covered_lines": 0, "num_statements": 5, "percent_covered": 0.0, "percent_covered_display": "0", "missing_lines": 5, "excluded_lines": 0, "percent_statements_covered": 0.0, "percent_statements_covered_display": "0"}, "missing_lines": [46, 48, 49, 51, 52], "excluded_lines": []}, "TestAdvancedFontPropertiesForwarding.test_font_context_forwarded_to_labels": {"executed_lines": [], "summary": {"covered_lines": 0, "num_statements": 5, "percent_covered": 0.0, "percent_covered_display": "0", "missing_lines": 5, "excluded_lines": 0, "percent_statements_covered": 0.0, "percent_statements_covered_display": "0"}, "missing_lines": [63, 65, 66, 68, 69], "excluded_lines": []}, "TestAdvancedFontPropertiesForwarding.test_font_features_forwarded_to_labels": {"executed_lines": [], "summary": {"covered_lines": 0, "num_statements": 5, "percent_covered": 0.0, "percent_covered_display": "0", "missing_lines": 5, "excluded_lines": 0, "percent_statements_covered": 0.0, "percent_statements_covered_display": "0"}, "missing_lines": [80, 82, 83, 85, 86], "excluded_lines": []}, "TestAdvancedFontPropertiesForwarding.test_font_hinting_forwarded_to_labels": {"executed_lines": [], "summary": {"covered_lines": 0, "num_statements": 6, "percent_covered": 0.0, "percent_covered_display": "0", "missing_lines": 6, "excluded_lines": 0, "percent_statements_covered": 0.0, "percent_statements_covered_display": "0"}, "missing_lines": [92, 94, 95, 97, 99, 100], "excluded_lines": []}, "TestAdvancedFontPropertiesForwarding.test_font_kerning_forwarded_to_labels": {"executed_lines": [], "summary": {"covered_lines": 0, "num_statements": 5, "percent_covered": 0.0, "percent_covered_display": "0", "missing_lines": 5, "excluded_lines": 0, "percent_statements_covered": 0.0, "percent_statements_covered_display": "0"}, "missing_lines": [108, 110, 111, 113, 114], "excluded_lines": []}, "TestAdvancedFontPropertiesForwarding.test_font_blended_forwarded_to_labels": {"executed_lines": [], "summary": {"covered_lines": 0, "num_statements": 5, "percent_covered": 0.0, "percent_covered_display": "0", "missing_lines": 5, "excluded_lines": 0, "percent_statements_covered": 0.0, "percent_statements_covered_display": "0"}, "missing_lines": [122, 124, 125, 127, 128], "excluded_lines": []}, "TestAdvancedFontPropertiesForwarding.test_multiple_advanced_font_properties_forwarded": {"executed_lines": [], "summary": {"covered_lines": 0, "num_statements": 8, "percent_covered": 0.0, "percent_covered_display": "0", "missing_lines": 8, "excluded_lines": 0, "percent_statements_covered": 0.0, "percent_statements_covered_display": "0"}, "missing_lines": [139, 146, 147, 149, 150, 151, 153, 155], "excluded_lines": []}, "TestAdvancedFontPropertiesForwarding.test_font_kerning_change_updates_value": {"executed_lines": [], "summary": {"covered_lines": 0, "num_statements": 10, "percent_covered": 0.0, "percent_covered_display": "0", "missing_lines": 10, "excluded_lines": 0, "percent_statements_covered": 0.0, "percent_statements_covered_display": "0"}, "missing_lines": [163, 165, 168, 169, 170, 173, 174, 177, 178, 179], "excluded_lines": []}, "TestAdvancedFontPropertiesForwarding.test_font_blended_change_updates_value": {"executed_lines": [], "summary": {"covered_lines": 0, "num_statements": 10, "percent_covered": 0.0, "percent_covered_display": "0", "missing_lines": 10, "excluded_lines": 0, "percent_statements_covered": 0.0, "percent_statements_covered_display": "0"}, "missing_lines": [187, 189, 192, 193, 194, 197, 198, 201, 202, 203], "excluded_lines": []}, "TestAdvancedFontPropertiesForwarding.test_default_font_kerning_is_true": {"executed_lines": [], "summary": {"covered_lines": 0, "num_statements": 2, "percent_covered": 0.0, "percent_covered_display": "0", "missing_lines": 2, "excluded_lines": 0, "percent_statements_covered": 0.0, "percent_statements_covered_display": "0"}, "missing_lines": [208, 210], "excluded_lines": []}, "TestAdvancedFontPropertiesForwarding.test_default_font_blended_is_true": {"executed_lines": [], "summary": {"covered_lines": 0, "num_statements": 2, "percent_covered": 0.0, "percent_covered_display": "0", "missing_lines": 2, "excluded_lines": 0, "percent_statements_covered": 0.0, "percent_statements_covered_display": "0"}, "missing_lines": [215, 217], "excluded_lines": []}, "TestAdvancedFontPropertiesForwarding.test_default_font_hinting_is_normal": {"executed_lines": [], "summary": {"covered_lines": 0, "num_statements": 2, "percent_covered": 0.0, "percent_covered_display": "0", "missing_lines": 2, "excluded_lines": 0, "percent_statements_covered": 0.0, "percent_statements_covered_display": "0"}, "missing_lines": [222, 224], "excluded_lines": []}, "TestAdvancedFontPropertiesForwarding.test_default_font_features_is_empty": {"executed_lines": [], "summary": {"covered_lines": 0, "num_statements": 2, "percent_covered": 0.0, "percent_covered_display": "0", "missing_lines": 2, "excluded_lines": 0, "percent_statements_covered": 0.0, "percent_statements_covered_display": "0"}, "missing_lines": [229, 231], "excluded_lines": []}, "TestAdvancedFontPropertiesForwarding.test_default_font_family_is_none": {"executed_lines": [], "summary": {"covered_lines": 0, "num_statements": 2, "percent_covered": 0.0, "percent_covered_display": "0", "missing_lines": 2, "excluded_lines": 0, "percent_statements_covered": 0.0, "percent_statements_covered_display": "0"}, "missing_lines": [236, 238], "excluded_lines": []}, "TestAdvancedFontPropertiesForwarding.test_default_font_context_is_none": {"executed_lines": [], "summary": {"covered_lines": 0, "num_statements": 2, "percent_covered": 0.0, "percent_covered_display": "0", "missing_lines": 2, "excluded_lines": 0, "percent_statements_covered": 0.0, "percent_statements_covered_display": "0"}, "missing_lines": [243, 245], "excluded_lines": []}, "TestDisabledColorApplication.test_disabled_color_stored_correctly": {"executed_lines": [], "summary": {"covered_lines": 0, "num_statements": 2, "percent_covered": 0.0, "percent_covered_display": "0", "missing_lines": 2, "excluded_lines": 0, "percent_statements_covered": 0.0, "percent_statements_covered_display": "0"}, "missing_lines": [265, 267], "excluded_lines": []}, "TestDisabledColorApplication.test_disabled_color_applied_when_disabled": {"executed_lines": [], "summary": {"covered_lines": 0, "num_statements": 8, "percent_covered": 0.0, "percent_covered_display": "0", "missing_lines": 8, "excluded_lines": 0, "percent_statements_covered": 0.0, "percent_statements_covered_display": "0"}, "missing_lines": [278, 280, 287, 288, 290, 292, 293, 294], "excluded_lines": []}, "TestDisabledColorApplication.test_regular_color_applied_when_not_disabled": {"executed_lines": [], "summary": {"covered_lines": 0, "num_statements": 8, "percent_covered": 0.0, "percent_covered_display": "0", "missing_lines": 8, "excluded_lines": 0, "percent_statements_covered": 0.0, "percent_statements_covered_display": "0"}, "missing_lines": [305, 307, 314, 315, 317, 319, 320, 321], "excluded_lines": []}, "TestDisabledColorApplication.test_disabled_state_determines_color": {"executed_lines": [], "summary": {"covered_lines": 0, "num_statements": 10, "percent_covered": 0.0, "percent_covered_display": "0", "missing_lines": 10, "excluded_lines": 0, "percent_statements_covered": 0.0, "percent_statements_covered_display": "0"}, "missing_lines": [329, 330, 332, 339, 341, 342, 344, 346, 347, 348], "excluded_lines": []}, "TestDisabledColorApplication.test_disabled_change_updates_value": {"executed_lines": [], "summary": {"covered_lines": 0, "num_statements": 20, "percent_covered": 0.0, "percent_covered_display": "0", "missing_lines": 20, "excluded_lines": 0, "percent_statements_covered": 0.0, "percent_statements_covered_display": "0"}, "missing_lines": [353, 354, 356, 364, 365, 366, 367, 368, 372, 375, 376, 377, 378, 379, 383, 386, 387, 388, 389, 390], "excluded_lines": []}, "TestDisabledColorApplication.test_disabled_color_applied_to_heading": {"executed_lines": [], "summary": {"covered_lines": 0, "num_statements": 6, "percent_covered": 0.0, "percent_covered_display": "0", "missing_lines": 6, "excluded_lines": 0, "percent_statements_covered": 0.0, "percent_statements_covered_display": "0"}, "missing_lines": [395, 397, 403, 404, 406, 407], "excluded_lines": []}, "TestDisabledColorApplication.test_disabled_color_applied_to_list_items": {"executed_lines": [], "summary": {"covered_lines": 0, "num_statements": 6, "percent_covered": 0.0, "percent_covered_display": "0", "missing_lines": 6, "excluded_lines": 0, "percent_statements_covered": 0.0, "percent_statements_covered_display": "0"}, "missing_lines": [412, 414, 420, 421, 423, 424], "excluded_lines": []}, "TestDisabledColorApplication.test_disabled_color_applied_to_table_cells": {"executed_lines": [], "summary": {"covered_lines": 0, "num_statements": 6, "percent_covered": 0.0, "percent_covered_display": "0", "missing_lines": 6, "excluded_lines": 0, "percent_statements_covered": 0.0, "percent_statements_covered_display": "0"}, "missing_lines": [429, 431, 437, 438, 440, 441], "excluded_lines": []}, "TestDisabledColorApplication.test_default_disabled_color": {"executed_lines": [], "summary": {"covered_lines": 0, "num_statements": 3, "percent_covered": 0.0, "percent_covered_display": "0", "missing_lines": 3, "excluded_lines": 0, "percent_statements_covered": 0.0, "percent_statements_covered_display": "0"}, "missi
[...]
ments_covered_display": "0"}, "missing_lines": [13, 14, 16, 17, 19, 20, 23, 25, 26, 27, 28, 29, 30, 31, 39, 42, 49, 67, 85, 103, 104, 114, 131, 134, 154, 173, 177, 206, 213, 261, 262, 271, 272, 279, 293, 294, 345, 387, 400, 401, 450, 497, 552, 555, 593, 627, 630, 646, 664, 681, 698, 704, 721, 739], "excluded_lines": []}}}, "kivy_garden/markdownlabel/tests/test_texture_sizing.py": {"executed_lines": [], "summary": {"covered_lines": 0, "num_statements": 188, "percent_covered": 0.0, "percent_covered_display": "0", "missing_lines": 188, "excluded_lines": 0, "percent_statements_covered": 0.0, "percent_statements_covered_display": "0"}, "missing_lines": [8, 9, 11, 12, 13, 14, 16, 17, 35, 38, 48, 49, 51, 53, 54, 56, 58, 60, 62, 63, 65, 67, 69, 71, 74, 76, 77, 79, 81, 83, 85, 88, 90, 92, 94, 97, 99, 100, 102, 105, 109, 110, 111, 113, 115, 116, 118, 120, 123, 127, 128, 129, 131, 133, 134, 137, 141, 142, 143, 145, 147, 148, 151, 155, 156, 157, 159, 161, 162, 165, 169, 170, 173, 174, 175, 177, 179, 180, 183, 187, 188, 189, 191, 193, 194, 196, 200, 203, 205, 206, 209, 210, 212, 213, 216, 217, 220, 222, 235, 237, 240, 241, 244, 247, 249, 250, 252, 254, 256, 259, 260, 263, 265, 267, 269, 273, 276, 280, 281, 282, 284, 286, 287, 290, 294, 295, 296, 298, 300, 301, 303, 304, 306, 307, 311, 312, 313, 317, 319, 321, 324, 331, 332, 334, 338, 342, 345, 347, 348, 350, 351, 354, 358, 359, 360, 362, 364, 365, 367, 368, 371, 372, 374, 375, 379, 384, 392, 395, 397, 398, 401, 402, 403, 406, 409, 415, 416, 420, 424, 425, 426, 427, 430, 432, 435, 436, 438, 439], "excluded_lines": [], "functions": {"TestComprehensiveTextureSizeCalculation._find_all_widgets_recursive": {"executed_lines": [], "summary": {"covered_lines": 0, "num_statements": 7, "percent_covered": 0.0, "percent_covered_display": "0", "missing_lines": 7, "excluded_lines": 0, "percent_statements_covered": 0.0, "percent_statements_covered_display": "0"}, "missing_lines": [48, 49, 51, 53, 54, 56, 58], "excluded_lines": []}, "TestComprehensiveTextureSizeCalculation.test_texture_size_returns_tuple": {"executed_lines": [], "summary": {"covered_lines": 0, "num_statements": 4, "percent_covered": 0.0, "percent_covered_display": "0", "missing_lines": 4, "excluded_lines": 0, "percent_statements_covered": 0.0, "percent_statements_covered_display": "0"}, "missing_lines": [65, 67, 69, 71], "excluded_lines": []}, "TestComprehensiveTextureSizeCalculation.test_texture_size_non_negative": {"executed_lines": [], "summary": {"covered_lines": 0, "num_statements": 4, "percent_covered": 0.0, "percent_covered_display": "0", "missing_lines": 4, "excluded_lines": 0, "percent_statements_covered": 0.0, "percent_statements_covered_display": "0"}, "missing_lines": [79, 81, 83, 85], "excluded_lines": []}, "TestComprehensiveTextureSizeCalculation.test_empty_label_texture_size_is_zero": {"executed_lines": [], "summary": {"covered_lines": 0, "num_statements": 3, "percent_covered": 0.0, "percent_covered_display": "0", "missing_lines": 3, "excluded_lines": 0, "percent_statements_covered": 0.0, "percent_statements_covered_display": "0"}, "missing_lines": [90, 92, 94], "excluded_lines": []}, "TestComprehensiveTextureSizeCalculation.test_heading_creates_label_widget": {"executed_lines": [], "summary": {"covered_lines": 0, "num_statements": 5, "percent_covered": 0.0, "percent_covered_display": "0", "missing_lines": 5, "excluded_lines": 0, "percent_statements_covered": 0.0, "percent_statements_covered_display": "0"}, "missing_lines": [102, 105, 109, 110, 111], "excluded_lines": []}, "TestComprehensiveTextureSizeCalculation.test_paragraph_creates_label_widget": {"executed_lines": [], "summary": {"covered_lines": 0, "num_statements": 6, "percent_covered": 0.0, "percent_covered_display": "0", "missing_lines": 6, "excluded_lines": 0, "percent_statements_covered": 0.0, "percent_statements_covered_display": "0"}, "missing_lines": [118, 120, 123, 127, 128, 129], "excluded_lines": []}, "TestComprehensiveTextureSizeCalculation.test_code_block_creates_container_widget": {"executed_lines": [], "summary": {"covered_lines": 0, "num_statements": 6, "percent_covered": 0.0, "percent_covered_display": "0", "missing_lines": 6, "excluded_lines": 0, "percent_statements_covered": 0.0, "percent_statements_covered_display": "0"}, "missing_lines": [133, 134, 137, 141, 142, 143], "excluded_lines": []}, "TestComprehensiveTextureSizeCalculation.test_list_creates_container_widget": {"executed_lines": [], "summary": {"covered_lines": 0, "num_statements": 6, "percent_covered": 0.0, "percent_covered_display": "0", "missing_lines": 6, "excluded_lines": 0, "percent_statements_covered": 0.0, "percent_statements_covered_display": "0"}, "missing_lines": [147, 148, 151, 155, 156, 157], "excluded_lines": []}, "TestComprehensiveTextureSizeCalculation.test_table_creates_gridlayout_widget": {"executed_lines": [], "summary": {"covered_lines": 0, "num_statements": 8, "percent_covered": 0.0, "percent_covered_display": "0", "missing_lines": 8, "excluded_lines": 0, "percent_statements_covered": 0.0, "percent_statements_covered_display": "0"}, "missing_lines": [161, 162, 165, 169, 170, 173, 174, 175], "excluded_lines": []}, "TestComprehensiveTextureSizeCalculation.test_block_quote_creates_container_widget": {"executed_lines": [], "summary": {"covered_lines": 0, "num_statements": 6, "percent_covered": 0.0, "percent_covered_display": "0", "missing_lines": 6, "excluded_lines": 0, "percent_statements_covered": 0.0, "percent_statements_covered_display": "0"}, "missing_lines": [179, 180, 183, 187, 188, 189], "excluded_lines": []}, "TestComprehensiveTextureSizeCalculation.test_thematic_break_contributes_to_texture_size": {"executed_lines": [], "summary": {"covered_lines": 0, "num_statements": 4, "percent_covered": 0.0, "percent_covered_display": "0", "missing_lines": 4, "excluded_lines": 0, "percent_statements_covered": 0.0, "percent_statements_covered_display": "0"}, "missing_lines": [193, 194, 196, 200], "excluded_lines": []}, "TestComprehensiveTextureSizeCalculation.test_more_content_increases_texture_height": {"executed_lines": [], "summary": {"covered_lines": 0, "num_statements": 6, "percent_covered": 0.0, "percent_covered_display": "0", "missing_lines": 6, "excluded_lines": 0, "percent_statements_covered": 0.0, "percent_statements_covered_display": "0"}, "missing_lines": [209, 210, 212, 213, 216, 217], "excluded_lines": []}, "TestComprehensiveTextureSizeCalculation.test_mixed_content_creates_multiple_widgets": {"executed_lines": [], "summary": {"covered_lines": 0, "num_statements": 6, "percent_covered": 0.0, "percent_covered_display": "0", "missing_lines": 6, "excluded_lines": 0, "percent_statements_covered": 0.0, "percent_statements_covered_display": "0"}, "missing_lines": [222, 235, 237, 240, 241, 244], "excluded_lines": []}, "TestComprehensiveTextureSizeCalculation.test_texture_size_accessible_for_all_content": {"executed_lines": [], "summary": {"covered_lines": 0, "num_statements": 7, "percent_covered": 0.0, "percent_covered_display": "0", "missing_lines": 7, "excluded_lines": 0, "percent_statements_covered": 0.0, "percent_statements_covered_display": "0"}, "missing_lines": [252, 254, 256, 259, 260, 263, 265], "excluded_lines": []}, "TestComprehensiveTextureSizeCalculation.test_nested_list_creates_nested_containers": {"executed_lines": [], "summary": {"covered_lines": 0, "num_statements": 6, "percent_covered": 0.0, "percent_covered_display": "0", "missing_lines": 6, "excluded_lines": 0, "percent_statements_covered": 0.0, "percent_statements_covered_display": "0"}, "missing_lines": [269, 273, 276, 280, 281, 282], "excluded_lines": []}, "TestComprehensiveTextureSizeCalculation.test_ordered_list_creates_container_widget": {"executed_lines": [], "summary": {"covered_lines": 0, "num_statements": 6, "percent_covered": 0.0, "percent_covered_display": "0", "missing_lines": 6, "excluded_lines": 0, "percent_statements_covered": 0.0, "percent_statements_covered_display": "0"}, "missing_lines": [286, 287, 290, 294, 295, 296], "excluded_lines": []}, "TestComprehensiveTextureSizeCalculation.test_texture_size_updates_on_text_change": {"executed_lines": [], "summary": {"covered_lines": 0, "num_statements": 10, "percent_covered": 0.0, "percent_covered_display": "0", "missing_lines": 10, "excluded_lines": 0, "percent_statements_covered": 0.0, "percent_statements_covered_display": "0"}, "missing_lines": [303, 304, 306, 307, 311, 312, 313, 317, 319, 321], "excluded_lines": []}, "TestComprehensiveTextureSizeCalculation.test_texture_size_with_image_markdown": {"executed_lines": [], "summary": {"covered_lines": 0, "num_statements": 5, "percent_covered": 0.0, "percent_covered_display": "0", "missing_lines": 5, "excluded_lines": 0, "percent_statements_covered": 0.0, "percent_statements_covered_display": "0"}, "missing_lines": [331, 332, 334, 338, 342], "excluded_lines": []}, "TestComprehensiveTextureSizeCalculation.test_all_heading_levels_create_label_widgets": {"executed_lines": [], "summary": {"covered_lines": 0, "num_statements": 6, "percent_covered": 0.0, "percent_covered_display": "0", "missing_lines": 6, "excluded_lines": 0, "percent_statements_covered": 0.0, "percent_statements_covered_display": "0"}, "missing_lines": [350, 351, 354, 358, 359, 360], "excluded_lines": []}, "TestComprehensiveTextureSizeCalculation.test_blank_lines_create_spacer_widgets": {"executed_lines": [], "summary": {"covered_lines": 0, "num_statements": 10, "percent_covered": 0.0, "percent_covered_display": "0", "missing_lines": 10, "excluded_lines": 0, "percent_statements_covered": 0.0, "percent_statements_covered_display": "0"}, "missing_lines": [364, 365, 367, 368, 371, 372, 374, 375, 379, 384], "excluded_lines": []}, "TestTextureSizingTestGrouping.test_texture_sizing_classes_grouped_together": {"executed_lines": [], "summary": {"covered_lines": 0, "num_statements": 14, "percent_covered": 0.0, "percent_covered_display": "0", "missing_lines": 14, "excluded_lines": 0, "percent_statements_covered": 0.0, "percent_statements_covered_display": "0"}, "missing_lines": [397, 398, 401, 402, 403, 406, 409, 415, 416, 420, 424, 425, 426, 427], "excluded_lines": []}, "TestTextureSizingTestGrouping.test_module_focuses_on_texture_sizing": {"executed_lines": [], "summary": {"covered_lines": 0, "num_statements": 5, "percent_covered": 0.0, "percent_covered_display": "0", "missing_lines": 5, "excluded_lines": 0, "percent_statements_covered": 0.0, "percent_statements_covered_display": "0"}, "missing_lines": [432, 435, 436, 438, 439], "excluded_lines": []}, "": {"executed_lines": [], "summary": {"covered_lines": 0, "num_statements": 48, "percent_covered": 0.0, "percent_covered_display": "0", "missing_lines": 48, "excluded_lines": 0, "percent_statements_covered": 0.0, "percent_statements_covered_display": "0"}, "missing_lines": [8, 9, 11, 12, 13, 14, 16, 17, 35, 38, 60, 62, 63, 74, 76, 77, 88, 97, 99, 100, 113, 115, 116, 131, 145, 159, 177, 191, 203, 205, 206, 220, 247, 249, 250, 267, 284, 298, 300, 301, 324, 345, 347, 348, 362, 392, 395, 430], "excluded_lines": []}}, "classes": {"TestComprehensiveTextureSizeCalculation": {"executed_lines": [], "summary": {"covered_lines": 0, "num_statements": 121, "percent_covered": 0.0, "percent_covered_display": "0", "missing_lines": 121, "excluded_lines": 0, "percent_statements_covered": 0.0, "percent_statements_covered_display": "0"}, "missing_lines": [48, 49, 51, 53, 54, 56, 58, 65, 67, 69, 71, 79, 81, 83, 85, 90, 92, 94, 102, 105, 109, 110, 111, 118, 120, 123, 127, 128, 129, 133, 134, 137, 141, 142, 143, 147, 148, 151, 155, 156, 157, 161, 162, 165, 169, 170, 173, 174, 175, 179, 180, 183, 187, 188, 189, 193, 194, 196, 200, 209, 210, 212, 213, 216, 217, 222, 235, 237, 240, 241, 244, 252, 254, 256, 259, 260, 263, 265, 269, 273, 276, 280, 281, 282, 286, 287, 290, 294, 295, 296, 303, 304, 306, 307, 311, 312, 313, 317, 319, 321, 331, 332, 334, 338, 342, 350, 351, 354, 358, 359, 360, 364, 365, 367, 368, 371, 372, 374, 375, 379, 384], "excluded_lines": []}, "TestTextureSizingTestGrouping": {"executed_lines": [], "summary": {"covered_lines": 0, "num_statements": 19, "percent_covered": 0.0, "percent_covered_display": "0", "missing_lines": 19, "excluded_lines": 0, "percent_statements_covered": 0.0, "percent_statements_covered_display": "0"}, "missing_lines": [397, 398, 401, 402, 403, 406, 409, 415, 416, 420, 424, 425, 426, 427, 432, 435, 436, 438, 439], "excluded_lines": []}, "": {"executed_lines": [], "summary": {"covered_lines": 0, "num_statements": 48, "percent_covered": 0.0, "percent_covered_display": "0", "missing_lines": 48, "excluded_lines": 0, "percent_statements_covered": 0.0, "percent_statements_covered_display": "0"}, "missing_lines": [8, 9, 11, 12, 13, 14, 16, 17, 35, 38, 60, 62, 63, 74, 76, 77, 88, 97, 99, 100, 113, 115, 116, 131, 145, 159, 177, 191, 203, 205, 206, 220, 247, 249, 250, 267, 284, 298, 300, 301, 324, 345, 347, 348, 362, 392, 395, 430], "excluded_lines": []}}}, "kivy_garden/markdownlabel/tests/test_utils.py": {"executed_lines": [], "summary": {"covered_lines": 0, "num_statements": 83, "percent_covered": 0.0, "percent_covered_display": "0", "missing_lines": 83, "excluded_lines": 0, "percent_statements_covered": 0.0, "percent_statements_covered_display": "0"}, "missing_lines": [8, 9, 10, 11, 16, 22, 29, 30, 31, 35, 40, 41, 43, 44, 48, 51, 52, 57, 61, 63, 64, 65, 68, 69, 71, 75, 78, 79, 81, 85, 88, 89, 91, 95, 96, 99, 100, 102, 103, 105, 106, 107, 108, 110, 111, 112, 115, 116, 120, 126, 134, 144, 145, 147, 148, 150, 151, 152, 154, 157, 168, 169, 170, 173, 184, 185, 186, 189, 200, 205, 219, 220, 221, 222, 223, 226, 240, 242, 244, 248, 252, 266, 268], "excluded_lines": [], "functions": {"FakeTouch.__init__": {"executed_lines": [], "summary": {"covered_lines": 0, "num_statements": 3, "percent_covered": 0.0, "percent_covered_display": "0", "missing_lines": 3, "excluded_lines": 0, "percent_statements_covered": 0.0, "percent_statements_covered_display": "0"}, "missing_lines": [29, 30, 31], "excluded_lines": []}, "markdown_heading": {"executed_lines": [], "summary": {"covered_lines": 0, "num_statements": 3, "percent_covered": 0.0, "percent_covered_display": "0", "missing_lines": 3, "excluded_lines": 0, "percent_statements_covered": 0.0, "percent_statements_covered_display": "0"}, "missing_lines": [43, 44, 48], "excluded_lines": []}, "markdown_paragraph": {"executed_lines": [], "summary": {"covered_lines": 0, "num_statements": 5, "percent_covered": 0.0, "percent_covered_display": "0", "missing_lines": 5, "excluded_lines": 0, "percent_statements_covered": 0.0, "percent_statements_covered_display": "0"}, "missing_lines": [57, 61, 63, 64, 65], "excluded_lines": []}, "markdown_bold": {"executed_lines": [], "summary": {"covered_lines": 0, "num_statements": 2, "percent_covered": 0.0, "percent_covered_display": "0", "missing_lines": 2, "excluded_lines": 0, "percent_statements_covered": 0.0, "percent_statements_covered_display": "0"}, "missing_lines": [71, 75], "excluded_lines": []}, "markdown_italic": {"executed_lines": [], "summary": {"covered_lines": 0, "num_statements": 2, "percent_covered": 0.0, "percent_covered_display": "0", "missing_lines": 2, "excluded_lines": 0, "percent_statements_covered": 0.0, "percent_statements_covered_display": "0"}, "missing_lines": [81, 85], "excluded_lines": []}, "markdown_link": {"executed_lines": [], "summary": {"covered_lines": 0, "num_statements": 3, "percent_covered": 0.0, "percent_covered_display": "0", "missing_lines": 3, "excluded_lines": 0, "percent_statements_covered": 0.0, "percent_statements_covered_display": "0"}, "missing_lines": [91, 95, 96], "excluded_lines": []}, "simple_markdown_document": {"executed_lines": [], "summary": {"covered_lines": 0, "num_statements": 11, "percent_covered": 0.0, "percent_covered_display": "0", "missing_lines": 11, "excluded_lines": 0, "percent_statements_covered": 0.0, "percent_statements_covered_display": "0"}, "missing_lines": [102, 103, 105, 106, 107, 108, 110, 111, 112, 115, 116], "excluded_lines": []}, "find_labels_recursive": {"executed_lines": [], "summary": {"covered_lines": 0, "num_statements": 8, "percent_covered": 0.0, "percent_covered_display": "0", "missing_lines": 8, "excluded_lines": 0, "percent_statements_covered": 0.0, "percent_statements_covered_display": "0"}, "missing_lines": [144, 145, 147, 148, 150, 151, 152, 154], "excluded_lines": []}, "colors_equal": {"executed_lines": [], "summary": {"covered_lines": 0, "num_statements": 3, "percent_covered": 0.0, "percent_covered_display": "0", "missing_lines": 3, "excluded_lines": 0, "percent_statements_covered": 0.0, "percent_statements_covered_display": "0"}, "missing_lines": [168, 169, 170], "excluded_lines": []}, "padding_equal": {"executed_lines": [], "summary": {"covered_lines": 0, "num_statements": 3, "percent_covered": 0.0, "percent_covered_display": "0", "missing_lines": 3, "excluded_lines": 0, "percent_statements_covered": 0.0, "percent_statements_covered_display": "0"}, "missing_lines": [184, 185, 186], "excluded_lines": []}, "floats_equal": {"executed_lines": [], "summary": {"covered_lines": 0, "num_statements": 1, "percent_covered": 0.0, "percent_covered_display": "0", "missing_lines": 1, "excluded_lines": 0, "percent_statements_covered": 0.0, "percent_statements_covered_display": "0"}, "missing_lines": [200], "excluded_lines": []}, "collect_widget_ids": {"executed_lines": [], "summary": {"covered_lines": 0, "num_statements": 5, "percent_covered": 0.0, "percent_covered_display": "0", "missing_lines": 5, "excluded_lines": 0, "percent_statements_covered": 0.0, "percent_statements_covered_display": "0"}, "missing_lines": [219, 220, 221, 222, 223], "excluded_lines": []}, "assert_rebuild_occurred": {"executed_lines": [], "summary": {"covered_lines": 0, "num_statements": 4, "percent_covered": 0.0, "percent_covered_display": "0", "missing_lines": 4, "excluded_lines": 0, "percent_statements_covered": 0.0, "percent_statements_covered_display": "0"}, "missing_lines": [240, 242, 244, 248], "excluded_lines": []}, "assert_no_rebuild": {"executed_lines": [], "summary": {"covered_lines": 0, "num_statements": 2, "percent_covered": 0.0, "percent_covered_display": "0", "missing_lines": 2, "excluded_lines": 0, "percent_statements_covered": 0.0, "percent_statements_covered_display": "0"}, "missing_lines": [266, 268], "excluded_lines": []}, "": {"executed_lines": [], "summary": {"covered_lines": 0, "num_statements": 28, "percent_covered": 0.0, "percent_covered_display": "0", "missing_lines": 28, "excluded_lines": 0, "percent_statements_covered": 0.0, "percent_statements_covered_display": "0"}, "missing_lines": [8, 9, 10, 11, 16, 22, 35, 40, 41, 51, 52, 68, 69, 78, 79, 88, 89, 99, 100, 120, 126, 134, 157, 173, 189, 205, 226, 252], "excluded_lines": []}}, "classes": {"FakeTouch": {"executed_lines": [], "summary": {"covered_lines": 0, "num_statements": 3, "percent_covered": 0.0, "percent_covered_display": "0", "missing_lines": 3, "excluded_lines": 0, "percent_statements_covered": 0.0, "percent_statements_covered_display": "0"}, "missing_lines": [29, 30, 31], "excluded_lines": []}, "": {"executed_lines": [], "summary": {"covered_lines": 0, "num_statements": 80, "percent_covered": 0.0, "percent_covered_display": "0", "missing_lines": 80, "excluded_lines": 0, "percent_statements_covered": 0.0, "percent_statements_covered_display": "0"}, "missing_lines": [8, 9, 10, 11, 16, 22, 35, 40, 41, 43, 44, 48, 51, 52, 57, 61, 63, 64, 65, 68, 69, 71, 75, 78, 79, 81, 85, 88, 89, 91, 95, 96, 99, 100, 102, 103, 105, 106, 107, 108, 110, 111, 112, 115, 116, 120, 126, 134, 144, 145, 147, 148, 150, 151, 152, 154, 157, 168, 169, 170, 173, 184, 185, 186, 189, 200, 205, 219, 220, 221, 222, 223, 226, 240, 242, 244, 248, 252, 266, 268], "excluded_lines": []}}}}, "totals": {"covered_lines": 0, "num_statements": 8462, "percent_covered": 0.0, "percent_covered_display": "0", "missing_lines": 8462, "excluded_lines": 0, "percent_statements_covered": 0.0, "percent_statements_covered_display": "0"}}