{"meta": {"format": 3, "version": "7.13.0", "timestamp": "2025-12-29T21:53:14.298149", "branch_coverage": false, "show_contexts": false}, "files": {"kivy_garden/markdownlabel/__init__.py": {"executed_lines": [1, 16, 17, 18, 19, 20, 21, 34, 35, 36, 38, 40, 41, 42, 44, 47, 48, 61, 62, 64, 66, 69, 70, 100, 110, 116, 131, 137, 138, 144, 145, 159, 160, 166, 167, 173, 177, 186, 187, 193, 195, 197, 199, 201, 206, 220, 221, 230, 231, 240, 241, 249, 250, 259, 260, 272, 273, 282, 283, 292, 293, 302, 303, 312, 313, 321, 322, 338, 339, 349, 351, 353, 355, 357, 362, 373, 374, 383, 384, 398, 399, 411, 412, 420, 421, 429, 430, 439, 440, 454, 455, 464, 465, 474, 475, 484, 485, 487, 488, 490, 491, 493, 494, 496, 501, 503, 504, 506, 507, 511, 512, 521, 522, 531, 532, 543, 544, 553, 554, 564, 565, 571, 572, 590, 591, 616, 617, 639, 640, 649, 659, 660, 661, 663, 664, 666, 667, 669, 678, 679, 682, 683, 685, 688, 689, 690, 691, 692, 694, 699, 700, 703, 706, 707, 708, 710, 711, 713, 714, 716, 718, 722, 739, 740, 747, 749, 750, 759, 763, 765, 772, 774, 776, 777, 778, 779, 780, 781, 782, 783, 785, 787, 788, 789, 791, 792, 793, 795, 796, 803, 804, 805, 806, 807, 808, 809, 811, 812, 813, 815, 816, 818, 820, 824, 836, 842, 844, 846, 847, 848, 849, 850, 851, 852, 853, 855, 857, 858, 859, 861, 862, 863, 865, 870, 871, 872, 873, 875, 876, 877, 879, 880, 882, 884, 888, 899, 901, 902, 903, 907, 910, 915, 919, 920, 921, 922, 924, 927, 930, 933, 936, 939, 941, 942, 945, 949, 950, 951, 952, 953, 954, 955, 956, 959, 960, 961, 962, 963, 964, 965, 966, 967, 968, 969, 972, 973, 974, 975, 976, 977, 978, 979, 980, 981, 982, 983, 984, 987, 990, 991, 993, 999, 1001, 1013, 1014, 1015, 1017, 1034, 1039, 1041, 1042, 1045, 1047, 1048, 1052, 1054, 1066, 1072, 1074, 1076, 1082, 1083, 1087, 1088, 1090, 1096, 1097, 1099, 1100, 1101, 1103, 1121, 1124, 1129, 1132, 1134, 1140, 1141, 1142, 1143, 1144, 1145, 1146, 1147, 1148, 1149, 1150, 1151, 1152, 1153, 1154, 1155, 1156, 1157, 1158, 1159, 1162, 1163, 1164, 1167, 1168, 1170, 1177, 1179, 1182, 1185, 1187, 1188, 1191, 1192, 1194, 1204, 1206, 1207, 1215, 1217, 1224, 1226, 1237, 1238, 1240, 1249, 1250, 1251, 1253, 1271, 1272, 1273, 1275, 1286, 1287, 1290, 1291, 1293, 1295, 1298, 1301, 1304, 1305, 1306, 1310, 1311, 1314, 1353, 1356, 1359, 1361, 1364, 1366, 1369, 1371, 1373, 1376, 1377, 1378, 1379, 1380, 1383, 1384, 1385, 1387, 1388, 1390, 1393, 1394, 1400, 1403, 1405, 1407, 1410, 1412, 1413, 1415, 1417, 1420, 1421, 1422, 1425, 1426, 1427, 1430, 1433, 1434, 1435, 1438, 1440, 1450, 1451, 1452, 1453, 1456, 1458, 1462, 1463, 1466, 1468, 1481, 1482, 1483, 1487, 1488, 1491, 1492, 1494, 1495, 1496, 1499, 1505, 1508, 1510, 1514, 1515, 1518, 1521, 1523, 1525, 1527, 1528, 1529, 1532, 1533, 1536, 1539, 1548, 1550, 1561, 1575, 1578, 1580, 1581, 1584, 1585, 1587, 1591, 1592, 1594, 1595, 1596, 1598, 1601, 1605, 1606, 1607, 1608, 1610, 1615, 1616, 1617, 1618, 1619, 1623, 1629, 1630, 1633, 1634, 1635, 1637, 1643, 1644, 1645, 1647, 1649, 1652, 1654, 1655, 1656, 1659, 1661, 1662, 1663, 1665, 1668, 1669, 1670, 1672, 1681, 1695, 1697, 1699, 1701, 1702, 1705, 1706, 1707, 1709, 1710, 1713, 1715, 1725, 1726, 1728, 1730, 1738, 1740, 1746, 1748, 1754, 1755], "summary": {"covered_lines": 545, "num_statements": 580, "percent_covered": 93.96551724137932, "percent_covered_display": "94", "missing_lines": 35, "excluded_lines": 0, "percent_statements_covered": 93.96551724137932, "percent_statements_covered_display": "94"}, "missing_lines": [684, 695, 696, 697, 701, 702, 704, 752, 753, 754, 755, 757, 1035, 1036, 1079, 1084, 1183, 1210, 1211, 1212, 1498, 1500, 1501, 1503, 1509, 1511, 1552, 1554, 1555, 1559, 1576, 1586, 1588, 1658, 1679], "excluded_lines": [], "functions": {"_ClippingContainer.__init__": {"executed_lines": [62, 64], "summary": {"covered_lines": 2, "num_statements": 2, "percent_covered": 100.0, "percent_covered_display": "100", "missing_lines": 0, "excluded_lines": 0, "percent_statements_covered": 100.0, "percent_statements_covered_display": "100"}, "missing_lines": [], "excluded_lines": []}, "MarkdownLabel._get_font_size": {"executed_lines": [195], "summary": {"covered_lines": 1, "num_statements": 1, "percent_covered": 100.0, "percent_covered_display": "100", "missing_lines": 0, "excluded_lines": 0, "percent_statements_covered": 100.0, "percent_statements_covered_display": "100"}, "missing_lines": [], "excluded_lines": []}, "MarkdownLabel._set_font_size": {"executed_lines": [199], "summary": {"covered_lines": 1, "num_statements": 1, "percent_covered": 100.0, "percent_covered_display": "100", "missing_lines": 0, "excluded_lines": 0, "percent_statements_covered": 100.0, "percent_statements_covered_display": "100"}, "missing_lines": [], "excluded_lines": []}, "MarkdownLabel._get_label_padding": {"executed_lines": [351], "summary": {"covered_lines": 1, "num_statements": 1, "percent_covered": 100.0, "percent_covered_display": "100", "missing_lines": 0, "excluded_lines": 0, "percent_statements_covered": 100.0, "percent_statements_covered_display": "100"}, "missing_lines": [], "excluded_lines": []}, "MarkdownLabel._set_label_padding": {"executed_lines": [355], "summary": {"covered_lines": 1, "num_statements": 1, "percent_covered": 100.0, "percent_covered_display": "100", "missing_lines": 0, "excluded_lines": 0, "percent_statements_covered": 100.0, "percent_statements_covered_display": "100"}, "missing_lines": [], "excluded_lines": []}, "MarkdownLabel._get_texture_size": {"executed_lines": [659, 660, 661, 663, 664, 666, 667, 669, 713, 714, 716], "summary": {"covered_lines": 11, "num_statements": 11, "percent_covered": 100.0, "percent_covered_display": "100", "missing_lines": 0, "excluded_lines": 0, "percent_statements_covered": 100.0, "percent_statements_covered_display": "100"}, "missing_lines": [], "excluded_lines": []}, "MarkdownLabel._get_texture_size.collect_sizes": {"executed_lines": [678, 679, 682, 683, 685, 688, 689, 690, 691, 692, 694, 699, 700, 703, 706, 707, 708, 710, 711], "summary": {"covered_lines": 19, "num_statements": 26, "percent_covered": 73.07692307692308, "percent_covered_display": "73", "missing_lines": 7, "excluded_lines": 0, "percent_statements_covered": 73.07692307692308, "percent_statements_covered_display": "73"}, "missing_lines": [684, 695, 696, 697, 701, 702, 704], "excluded_lines": []}, "MarkdownLabel._get_texture": {"executed_lines": [749, 750], "summary": {"covered_lines": 2, "num_statements": 7, "percent_covered": 28.571428571428573, "percent_covered_display": "29", "missing_lines": 5, "excluded_lines": 0, "percent_statements_covered": 28.571428571428573, "percent_statements_covered_display": "29"}, "missing_lines": [752, 753, 754, 755, 757], "excluded_lines": []}, "MarkdownLabel._get_refs": {"executed_lines": [772, 774, 785, 803, 815, 816, 818], "summary": {"covered_lines": 7, "num_statements": 7, "percent_covered": 100.0, "percent_covered_display": "100", "missing_lines": 0, "excluded_lines": 0, "percent_statements_covered": 100.0, "percent_statements_covered_display": "100"}, "missing_lines": [], "excluded_lines": []}, "MarkdownLabel._get_refs.get_parent_offset": {"executed_lines": [776, 777, 778, 779, 780, 781, 782, 783], "summary": {"covered_lines": 8, "num_statements": 8, "percent_covered": 100.0, "percent_covered_display": "100", "missing_lines": 0, "excluded_lines": 0, "percent_statements_covered": 100.0, "percent_statements_covered_display": "100"}, "missing_lines": [], "excluded_lines": []}, "MarkdownLabel._get_refs.translate_box": {"executed_lines": [787, 788, 789, 791, 792, 793, 795, 796], "summary": {"covered_lines": 8, "num_statements": 8, "percent_covered": 100.0, "percent_covered_display": "100", "missing_lines": 0, "excluded_lines": 0, "percent_statements_covered": 100.0, "percent_statements_covered_display": "100"}, "missing_lines": [], "excluded_lines": []}, "MarkdownLabel._get_refs.collect_refs": {"executed_lines": [804, 805, 806, 807, 808, 809, 811, 812, 813], "summary": {"covered_lines": 9, "num_statements": 9, "percent_covered": 100.0, "percent_covered_display": "100", "missing_lines": 0, "excluded_lines": 0, "percent_statements_covered": 100.0, "percent_statements_covered_display": "100"}, "missing_lines": [], "excluded_lines": []}, "MarkdownLabel._get_anchors": {"executed_lines": [842, 844, 855, 870, 879, 880, 882], "summary": {"covered_lines": 7, "num_statements": 7, "percent_covered": 100.0, "percent_covered_display": "100", "missing_lines": 0, "excluded_lines": 0, "percent_statements_covered": 100.0, "percent_statements_covered_display": "100"}, "missing_lines": [], "excluded_lines": []}, "MarkdownLabel._get_anchors.get_parent_offset": {"executed_lines": [846, 847, 848, 849, 850, 851, 852, 853], "summary": {"covered_lines": 8, "num_statements": 8, "percent_covered": 100.0, "percent_covered_display": "100", "missing_lines": 0, "excluded_lines": 0, "percent_statements_covered": 100.0, "percent_statements_covered_display": "100"}, "missing_lines": [], "excluded_lines": []}, "MarkdownLabel._get_anchors.translate_anchor": {"executed_lines": [857, 858, 859, 861, 862, 863, 865], "summary": {"covered_lines": 7, "num_statements": 7, "percent_covered": 100.0, "percent_covered_display": "100", "missing_lines": 0, "excluded_lines": 0, "percent_statements_covered": 100.0, "percent_statements_covered_display": "100"}, "missing_lines": [], "excluded_lines": []}, "MarkdownLabel._get_anchors.collect_anchors": {"executed_lines": [871, 872, 873, 875, 876, 877], "summary": {"covered_lines": 6, "num_statements": 6, "percent_covered": 100.0, "percent_covered_display": "100", "missing_lines": 0, "excluded_lines": 0, "percent_statements_covered": 100.0, "percent_statements_covered_display": "100"}, "missing_lines": [], "excluded_lines": []}, "MarkdownLabel.__init__": {"executed_lines": [902, 903, 907, 910, 915, 919, 920, 921, 922, 924, 927, 930, 933, 936, 939, 941, 942, 945, 949, 950, 951, 952, 953, 954, 955, 956, 959, 960, 961, 962, 963, 964, 965, 966, 967, 968, 969, 972, 973, 974, 975, 976, 977, 978, 979, 980, 981, 982, 983, 984, 987, 990, 991], "summary": {"covered_lines": 53, "num_statements": 53, "percent_covered": 100.0, "percent_covered_display": "100", "missing_lines": 0, "excluded_lines": 0, "percent_statements_covered": 100.0, "percent_statements_covered_display": "100"}, "missing_lines": [], "excluded_lines": []}, "MarkdownLabel._on_text_changed": {"executed_lines": [999], "summary": {"covered_lines": 1, "num_statements": 1, "percent_covered": 100.0, "percent_covered_display": "100", "missing_lines": 0, "excluded_lines": 0, "percent_statements_covered": 100.0, "percent_statements_covered_display": "100"}, "missing_lines": [], "excluded_lines": []}, "MarkdownLabel._make_style_callback": {"executed_lines": [1013, 1015], "summary": {"covered_lines": 2, "num_statements": 2, "percent_covered": 100.0, "percent_covered_display": "100", "missing_lines": 0, "excluded_lines": 0, "percent_statements_covered": 100.0, "percent_statements_covered_display": "100"}, "missing_lines": [], "excluded_lines": []}, "MarkdownLabel._make_style_callback.callback": {"executed_lines": [1014], "summary": {"covered_lines": 1, "num_statements": 1, "percent_covered": 100.0, "percent_covered_display": "100", "missing_lines": 0, "excluded_lines": 0, "percent_statements_covered": 100.0, "percent_statements_covered_display": "100"}, "missing_lines": [], "excluded_lines": []}, "MarkdownLabel._on_style_changed": {"executed_lines": [1034, 1039, 1041, 1042, 1045, 1047, 1048, 1052], "summary": {"covered_lines": 8, "num_statements": 10, "percent_covered": 80.0, "percent_covered_display": "80", "missing_lines": 2, "excluded_lines": 0, "percent_statements_covered": 80.0, "percent_statements_covered_display": "80"}, "missing_lines": [1035, 1036], "excluded_lines": []}, "MarkdownLabel._update_font_sizes_in_place": {"executed_lines": [1066, 1087, 1088], "summary": {"covered_lines": 3, "num_statements": 3, "percent_covered": 100.0, "percent_covered_display": "100", "missing_lines": 0, "excluded_lines": 0, "percent_statements_covered": 100.0, "percent_statements_covered_display": "100"}, "missing_lines": [], "excluded_lines": []}, "MarkdownLabel._update_font_sizes_in_place.update_font_size": {"executed_lines": [1072, 1074, 1076, 1082, 1083], "summary": {"covered_lines": 5, "num_statements": 7, "percent_covered": 71.42857142857143, "percent_covered_display": "71", "missing_lines": 2, "excluded_lines": 0, "percent_statements_covered": 71.42857142857143, "percent_statements_covered_display": "71"}, "missing_lines": [1079, 1084], "excluded_lines": []}, "MarkdownLabel._get_effective_halign": {"executed_lines": [1096, 1097, 1099, 1100, 1101], "summary": {"covered_lines": 5, "num_statements": 5, "percent_covered": 100.0, "percent_covered_display": "100", "missing_lines": 0, "excluded_lines": 0, "percent_statements_covered": 100.0, "percent_statements_covered_display": "100"}, "missing_lines": [], "excluded_lines": []}, "MarkdownLabel._update_styles_in_place": {"executed_lines": [1121, 1124, 1129, 1132, 1134, 1167, 1168], "summary": {"covered_lines": 7, "num_statements": 7, "percent_covered": 100.0, "percent_covered_display": "100", "missing_lines": 0, "excluded_lines": 0, "percent_statements_covered": 100.0, "percent_statements_covered_display": "100"}, "missing_lines": [], "excluded_lines": []}, "MarkdownLabel._update_styles_in_place.update_widget": {"executed_lines": [1140, 1141, 1142, 1143, 1144, 1145, 1146, 1147, 1148, 1149, 1150, 1151, 1152, 1153, 1154, 1155, 1156, 1157, 1158, 1159, 1162, 1163, 1164], "summary": {"covered_lines": 23, "num_statements": 23, "percent_covered": 100.0, "percent_covered_display": "100", "missing_lines": 0, "excluded_lines": 0, "percent_statements_covered": 100.0, "percent_statements_covered_display": "100"}, "missing_lines": [], "excluded_lines": []}, "MarkdownLabel._on_padding_changed": {"executed_lines": [1177], "summary": {"covered_lines": 1, "num_statements": 1, "percent_covered": 100.0, "percent_covered_display": "100", "missing_lines": 0, "excluded_lines": 0, "percent_statements_covered": 100.0, "percent_statements_covered_display": "100"}, "missing_lines": [], "excluded_lines": []}, "MarkdownLabel._on_auto_size_height_changed": {"executed_lines": [1182, 1185, 1187, 1188, 1191, 1192], "summary": {"covered_lines": 6, "num_statements": 7, "percent_covered": 85.71428571428571, "percent_covered_display": "86", "missing_lines": 1, "excluded_lines": 0, "percent_statements_covered": 85.71428571428571, "percent_statements_covered_display": "86"}, "missing_lines": [1183], "excluded_lines": []}, "MarkdownLabel._on_strict_label_mode_changed": {"executed_lines": [1204, 1206, 1207, 1215], "summary": {"covered_lines": 4, "num_statements": 7, "percent_covered": 57.142857142857146, "percent_covered_display": "57", "missing_lines": 3, "excluded_lines": 0, "percent_statements_covered": 57.142857142857146, "percent_statements_covered_display": "57"}, "missing_lines": [1210, 1211, 1212], "excluded_lines": []}, "MarkdownLabel._on_render_mode_changed": {"executed_lines": [1224], "summary": {"covered_lines": 1, "num_statements": 1, "percent_covered": 100.0, "percent_covered_display": "100", "missing_lines": 0, "excluded_lines": 0, "percent_statements_covered": 100.0, "percent_statements_covered_display": "100"}, "missing_lines": [], "excluded_lines": []}, "MarkdownLabel._schedule_rebuild": {"executed_lines": [1237, 1238], "summary": {"covered_lines": 2, "num_statements": 2, "percent_covered": 100.0, "percent_covered_display": "100", "missing_lines": 0, "excluded_lines": 0, "percent_statements_covered": 100.0, "percent_statements_covered_display": "100"}, "missing_lines": [], "excluded_lines": []}, "MarkdownLabel._do_rebuild": {"executed_lines": [1249, 1250, 1251], "summary": {"covered_lines": 3, "num_statements": 3, "percent_covered": 100.0, "percent_covered_display": "100", "missing_lines": 0, "excluded_lines": 0, "percent_statements_covered": 100.0, "percent_statements_covered_display": "100"}, "missing_lines": [], "excluded_lines": []}, "MarkdownLabel.force_rebuild": {"executed_lines": [1271, 1272, 1273], "summary": {"covered_lines": 3, "num_statements": 3, "percent_covered": 100.0, "percent_covered_display": "100", "missing_lines": 0, "excluded_lines": 0, "percent_statements_covered": 100.0, "percent_statements_covered_display": "100"}, "missing_lines": [], "excluded_lines": []}, "MarkdownLabel._needs_clipping": {"executed_lines": [1286, 1287, 1290, 1291, 1293], "summary": {"covered_lines": 5, "num_statements": 5, "percent_covered": 100.0, "percent_covered_display": "100", "missing_lines": 0, "excluded_lines": 0, "percent_statements_covered": 100.0, "percent_statements_covered_display": "100"}, "missing_lines": [], "excluded_lines": []}, "MarkdownLabel._rebuild_widgets": {"executed_lines": [1298, 1301, 1304, 1305, 1306, 1310, 1311, 1314, 1353, 1356, 1359, 1361, 1364, 1366, 1369, 1371, 1373, 1376, 1377, 1378, 1379, 1380, 1383, 1384, 1385, 1387, 1388, 1390, 1393, 1394, 1400, 1403, 1405, 1407, 1410, 1412, 1413, 1415, 1417, 1420, 1421, 1422, 1425, 1426, 1427, 1430, 1433, 1434, 1435, 1438], "summary": {"covered_lines": 50, "num_statements": 50, "percent_covered": 100.0, "percent_covered_display": "100", "missing_lines": 0, "excluded_lines": 0, "percent_statements_covered": 100.0, "percent_statements_covered_display": "100"}, "missing_lines": [], "excluded_lines": []}, "MarkdownLabel._get_effective_render_mode": {"executed_lines": [1450, 1451, 1452, 1453, 1456, 1458, 1462, 1463, 1466], "summary": {"covered_lines": 9, "num_statements": 9, "percent_covered": 100.0, "percent_covered_display": "100", "missing_lines": 0, "excluded_lines": 0, "percent_statements_covered": 100.0, "percent_statements_covered_display": "100"}, "missing_lines": [], "excluded_lines": []}, "MarkdownLabel._render_as_texture": {"executed_lines": [1481, 1482, 1483, 1487, 1488, 1491, 1492, 1494, 1495, 1496, 1499, 1505, 1508, 1510, 1514, 1515, 1518, 1521, 1523, 1525, 1527, 1528, 1529, 1532, 1533, 1536, 1539, 1548, 1550], "summary": {"covered_lines": 29, "num_statements": 39, "percent_covered": 74.35897435897436, "percent_covered_display": "74", "missing_lines": 10, "excluded_lines": 0, "percent_statements_covered": 74.35897435897436, "percent_statements_covered_display": "74"}, "missing_lines": [1498, 1500, 1501, 1503, 1509, 1511, 1552, 1554, 1555, 1559], "excluded_lines": []}, "MarkdownLabel._collect_refs_for_texture": {"executed_lines": [1575, 1578, 1580, 1581, 1584, 1585, 1587, 1591, 1592, 1594, 1595, 1596, 1598, 1601, 1605, 1606, 1607, 1608, 1610, 1615, 1616, 1617, 1618, 1619], "summary": {"covered_lines": 24, "num_statements": 27, "percent_covered": 88.88888888888889, "percent_covered_display": "89", "missing_lines": 3, "excluded_lines": 0, "percent_statements_covered": 88.88888888888889, "percent_statements_covered_display": "89"}, "missing_lines": [1576, 1586, 1588], "excluded_lines": []}, "MarkdownLabel._bind_ref_press_events": {"executed_lines": [1629, 1630, 1633, 1634, 1635], "summary": {"covered_lines": 5, "num_statements": 5, "percent_covered": 100.0, "percent_covered_display": "100", "missing_lines": 0, "excluded_lines": 0, "percent_statements_covered": 100.0, "percent_statements_covered_display": "100"}, "missing_lines": [], "excluded_lines": []}, "MarkdownLabel._bind_child_size_changes": {"executed_lines": [1643, 1644, 1645, 1647, 1652, 1654, 1655, 1656, 1659, 1661, 1662, 1663, 1665, 1668, 1669, 1670], "summary": {"covered_lines": 16, "num_statements": 17, "percent_covered": 94.11764705882354, "percent_covered_display": "94", "missing_lines": 1, "excluded_lines": 0, "percent_statements_covered": 94.11764705882354, "percent_statements_covered_display": "94"}, "missing_lines": [1658], "excluded_lines": []}, "MarkdownLabel._bind_child_size_changes.on_child_size_change": {"executed_lines": [1649], "summary": {"covered_lines": 1, "num_statements": 1, "percent_covered": 100.0, "percent_covered_display": "100", "missing_lines": 0, "excluded_lines": 0, "percent_statements_covered": 100.0, "percent_statements_covered_display": "100"}, "missing_lines": [], "excluded_lines": []}, "MarkdownLabel._on_child_ref_press": {"executed_lines": [], "summary": {"covered_lines": 0, "num_statements": 1, "percent_covered": 0.0, "percent_covered_display": "0", "missing_lines": 1, "excluded_lines": 0, "percent_statements_covered": 0.0, "percent_statements_covered_display": "0"}, "missing_lines": [1679], "excluded_lines": []}, "MarkdownLabel.on_touch_down": {"executed_lines": [1695, 1697, 1699, 1701, 1702, 1705, 1706, 1707, 1709, 1710, 1713], "summary": {"covered_lines": 11, "num_statements": 11, "percent_covered": 100.0, "percent_covered_display": "100", "missing_lines": 0, "excluded_lines": 0, "percent_statements_covered": 100.0, "percent_statements_covered_display": "100"}, "missing_lines": [], "excluded_lines": []}, "MarkdownLabel._point_in_zone": {"executed_lines": [1725, 1726, 1728], "summary": {"covered_lines": 3, "num_statements": 3, "percent_covered": 100.0, "percent_covered_display": "100", "missing_lines": 0, "excluded_lines": 0, "percent_statements_covered": 100.0, "percent_statements_covered_display": "100"}, "missing_lines": [], "excluded_lines": []}, "MarkdownLabel.on_ref_press": {"executed_lines": [1738], "summary": {"covered_lines": 1, "num_statements": 1, "percent_covered": 100.0, "percent_covered_display": "100", "missing_lines": 0, "excluded_lines": 0, "percent_statements_covered": 100.0, "percent_statements_covered_display": "100"}, "missing_lines": [], "excluded_lines": []}, "MarkdownLabel.get_ast": {"executed_lines": [1746], "summary": {"covered_lines": 1, "num_statements": 1, "percent_covered": 100.0, "percent_covered_display": "100", "missing_lines": 0, "excluded_lines": 0, "percent_statements_covered": 100.0, "percent_statements_covered_display": "100"}, "missing_lines": [], "excluded_lines": []}, "MarkdownLabel.to_markdown": {"executed_lines": [1754, 1755], "summary": {"covered_lines": 2, "num_statements": 2, "percent_covered": 100.0, "percent_covered_display": "100", "missing_lines": 0, "excluded_lines": 0, "percent_statements_covered": 100.0, "percent_statements_covered_display": "100"}, "missing_lines": [], "excluded_lines": []}, "": {"executed_lines": [1, 16, 17, 18, 19, 20, 21, 34, 35, 36, 38, 40, 41, 42, 44, 47, 48, 61, 66, 69, 70, 100, 110, 116, 131, 137, 138, 144, 145, 159, 160, 166, 167, 173, 177, 186, 187, 193, 197, 201, 206, 220, 221, 230, 231, 240, 241, 249, 250, 259, 260, 272, 273, 282, 283, 292, 293, 302, 303, 312, 313, 321, 322, 338, 339, 349, 353, 357, 362, 373, 374, 383, 384, 398, 399, 411, 412, 420, 421, 429, 430, 439, 440, 454, 455, 464, 465, 474, 475, 484, 485, 487, 488, 490, 491, 493, 494, 496, 501, 503, 504, 506, 507, 511, 512, 521, 522, 531, 532, 543, 544, 553, 554, 564, 565, 571, 572, 590, 591, 616, 617, 639, 640, 649, 718, 722, 739, 740, 747, 759, 763, 765, 820, 824, 836, 884, 888, 899, 901, 993, 1001, 1017, 1054, 1090, 1103, 1170, 1179, 1194, 1217, 1226, 1240, 1253, 1275, 1295, 1440, 1468, 1561, 1623, 1637, 1672, 1681, 1715, 1730, 1740, 1748], "summary": {"covered_lines": 162, "num_statements": 162, "percent_covered": 100.0, "percent_covered_display": "100", "missing_lines": 0, "excluded_lines": 0, "percent_statements_covered": 100.0, "percent_statements_covered_display": "100"}, "missing_lines": [], "excluded_lines": []}}, "classes": {"_ClippingContainer": {"executed_lines": [62, 64], "summary": {"covered_lines": 2, "num_statements": 2, "percent_covered": 100.0, "percent_covered_display": "100", "missing_lines": 0, "excluded_lines": 0, "percent_statements_covered": 100.0, "percent_statements_covered_display": "100"}, "missing_lines": [], "excluded_lines": []}, "MarkdownLabel": {"executed_lines": [195, 199, 351, 355, 659, 660, 661, 663, 664, 666, 667, 669, 678, 679, 682, 683, 685, 688, 689, 690, 691, 692, 694, 699, 700, 703, 706, 707, 708, 710, 711, 713, 714, 716, 749, 750, 772, 774, 776, 777, 778, 779, 780, 781, 782, 783, 785, 787, 788, 789, 791, 792, 793, 795, 796, 803, 804, 805, 806, 807, 808, 809, 811, 812, 813, 815, 816, 818, 842, 844, 846, 847, 848, 849, 850, 851, 852, 853, 855, 857, 858, 859, 861, 862, 863, 865, 870, 871, 872, 873, 875, 876, 877, 879, 880, 882, 902, 903, 907, 910, 915, 919, 920, 921, 922, 924, 927, 930, 933, 936, 939, 941, 942, 945, 949, 950, 951, 952, 953, 954, 955, 956, 959, 960, 961, 962, 963, 964, 965, 966, 967, 968, 969, 972, 973, 974, 975, 976, 977, 978, 979, 980, 981, 982, 983, 984, 987, 990, 991, 999, 1013, 1014, 1015, 1034, 1039, 1041, 1042, 1045, 1047, 1048, 1052, 1066, 1072, 1074, 1076, 1082, 1083, 1087, 1088, 1096, 1097, 1099, 1100, 1101, 1121, 1124, 1129, 1132, 1134, 1140, 1141, 1142, 1143, 1144, 1145, 1146, 1147, 1148, 1149, 1150, 1151, 1152, 1153, 1154, 1155, 1156, 1157, 1158, 1159, 1162, 1163, 1164, 1167, 1168, 1177, 1182, 1185, 1187, 1188, 1191, 1192, 1204, 1206, 1207, 1215, 1224, 1237, 1238, 1249, 1250, 1251, 1271, 1272, 1273, 1286, 1287, 1290, 1291, 1293, 1298, 1301, 1304, 1305, 1306, 1310, 1311, 1314, 1353, 1356, 1359, 1361, 1364, 1366, 1369, 1371, 1373, 1376, 1377, 1378, 1379, 1380, 1383, 1384, 1385, 1387, 1388, 1390, 1393, 1394, 1400, 1403, 1405, 1407, 1410, 1412, 1413, 1415, 1417, 1420, 1421, 1422, 1425, 1426, 1427, 1430, 1433, 1434, 1435, 1438, 1450, 1451, 1452, 1453, 1456, 1458, 1462, 1463, 1466, 1481, 1482, 1483, 1487, 1488, 1491, 1492, 1494, 1495, 1496, 1499, 1505, 1508, 1510, 1514, 1515, 1518, 1521, 1523, 1525, 1527, 1528, 1529, 1532, 1533, 1536, 1539, 1548, 1550, 1575, 1578, 1580, 1581, 1584, 1585, 1587, 1591, 1592, 1594, 1595, 1596, 1598, 1601, 1605, 1606, 1607, 1608, 1610, 1615, 1616, 1617, 1618, 1619, 1629, 1630, 1633, 1634, 1635, 1643, 1644, 1645, 1647, 1649, 1652, 1654, 1655, 1656, 1659, 1661, 1662, 1663, 1665, 1668, 1669, 1670, 1695, 1697, 1699, 1701, 1702, 1705, 1706, 1707, 1709, 1710, 1713, 1725, 1726, 1728, 1738, 1746, 1754, 1755], "summary": {"covered_lines": 381, "num_statements": 416, "percent_covered": 91.58653846153847, "percent_covered_display": "92", "missing_lines": 35, "excluded_lines": 0, "percent_statements_covered": 91.58653846153847, "percent_statements_covered_display": "92"}, "missing_lines": [684, 695, 696, 697, 701, 702, 704, 752, 753, 754, 755, 757, 1035, 1036, 1079, 1084, 1183, 1210, 1211, 1212, 1498, 1500, 1501, 1503, 1509, 1511, 1552, 1554, 1555, 1559, 1576, 1586, 1588, 1658, 1679], "excluded_lines": []}, "": {"executed_lines": [1, 16, 17, 18, 19, 20, 21, 34, 35, 36, 38, 40, 41, 42, 44, 47, 48, 61, 66, 69, 70, 100, 110, 116, 131, 137, 138, 144, 145, 159, 160, 166, 167, 173, 177, 186, 187, 193, 197, 201, 206, 220, 221, 230, 231, 240, 241, 249, 250, 259, 260, 272, 273, 282, 283, 292, 293, 302, 303, 312, 313, 321, 322, 338, 339, 349, 353, 357, 362, 373, 374, 383, 384, 398, 399, 411, 412, 420, 421, 429, 430, 439, 440, 454, 455, 464, 465, 474, 475, 484, 485, 487, 488, 490, 491, 493, 494, 496, 501, 503, 504, 506, 507, 511, 512, 521, 522, 531, 532, 543, 544, 553, 554, 564, 565, 571, 572, 590, 591, 616, 617, 639, 640, 649, 718, 722, 739, 740, 747, 759, 763, 765, 820, 824, 836, 884, 888, 899, 901, 993, 1001, 1017, 1054, 1090, 1103, 1170, 1179, 1194, 1217, 1226, 1240, 1253, 1275, 1295, 1440, 1468, 1561, 1623, 1637, 1672, 1681, 1715, 1730, 1740, 1748], "summary": {"covered_lines": 162, "num_statements": 162, "percent_covered": 100.0, "percent_covered_display": "100", "missing_lines": 0, "excluded_lines": 0, "percent_statements_covered": 100.0, "percent_statements_covered_display": "100"}, "missing_lines": [], "excluded_lines": []}}}, "kivy_garden/markdownlabel/_version.py": {"executed_lines": [1], "summary": {"covered_lines": 1, "num_statements": 1, "percent_covered": 100.0, "percent_covered_display": "100", "missing_lines": 0, "excluded_lines": 0, "percent_statements_covered": 100.0, "percent_statements_covered_display": "100"}, "missing_lines": [], "excluded_lines": [], "functions": {"": {"executed_lines": [1], "summary": {"covered_lines": 1, "num_statements": 1, "percent_covered": 100.0, "percent_covered_display": "100", "missing_lines": 0, "excluded_lines": 0, "percent_statements_covered": 100.0, "percent_statements_covered_display": "100"}, "missing_lines": [], "excluded_lines": []}}, "classes": {"": {"executed_lines": [1], "summary": {"covered_lines": 1, "num_statements": 1, "percent_covered": 100.0, "percent_covered_display": "100", "missing_lines": 0, "excluded_lines": 0, "percent_statements_covered": 100.0, "percent_statements_covered_display": "100"}, "missing_lines": [], "excluded_lines": []}}}, "kivy_garden/markdownlabel/inline_renderer.py": {"executed_lines": [1, 8, 11, 12, 19, 30, 31, 32, 34, 43, 44, 45, 46, 47, 48, 50, 54, 67, 68, 69, 70, 72, 81, 82, 84, 93, 94, 95, 97, 106, 107, 108, 110, 119, 120, 121, 123, 132, 133, 134, 136, 151, 152, 153, 155, 164, 165, 166, 167, 168, 170, 171, 174, 175, 176, 178, 187, 189, 200, 215, 229, 231, 232, 234, 247, 248, 250, 251, 252], "summary": {"covered_lines": 67, "num_statements": 71, "percent_covered": 94.36619718309859, "percent_covered_display": "94", "missing_lines": 4, "excluded_lines": 0, "percent_statements_covered": 94.36619718309859, "percent_statements_covered_display": "94"}, "missing_lines": [52, 198, 212, 213], "excluded_lines": [], "functions": {"InlineRenderer.__init__": {"executed_lines": [30, 31, 32], "summary": {"covered_lines": 3, "num_statements": 3, "percent_covered": 100.0, "percent_covered_display": "100", "missing_lines": 0, "excluded_lines": 0, "percent_statements_covered": 100.0, "percent_statements_covered_display": "100"}, "missing_lines": [], "excluded_lines": []}, "InlineRenderer.render": {"executed_lines": [43, 44, 45, 46, 47, 48], "summary": {"covered_lines": 6, "num_statements": 6, "percent_covered": 100.0, "percent_covered_display": "100", "missing_lines": 0, "excluded_lines": 0, "percent_statements_covered": 100.0, "percent_statements_covered_display": "100"}, "missing_lines": [], "excluded_lines": []}, "InlineRenderer._unknown": {"executed_lines": [], "summary": {"covered_lines": 0, "num_statements": 1, "percent_covered": 0.0, "percent_covered_display": "0", "missing_lines": 1, "excluded_lines": 0, "percent_statements_covered": 0.0, "percent_statements_covered_display": "0"}, "missing_lines": [52], "excluded_lines": []}, "InlineRenderer._escape_markup": {"executed_lines": [67, 68, 69, 70], "summary": {"covered_lines": 4, "num_statements": 4, "percent_covered": 100.0, "percent_covered_display": "100", "missing_lines": 0, "excluded_lines": 0, "percent_statements_covered": 100.0, "percent_statements_covered_display": "100"}, "missing_lines": [], "excluded_lines": []}, "InlineRenderer.text": {"executed_lines": [81, 82], "summary": {"covered_lines": 2, "num_statements": 2, "percent_covered": 100.0, "percent_covered_display": "100", "missing_lines": 0, "excluded_lines": 0, "percent_statements_covered": 100.0, "percent_statements_covered_display": "100"}, "missing_lines": [], "excluded_lines": []}, "InlineRenderer.strong": {"executed_lines": [93, 94, 95], "summary": {"covered_lines": 3, "num_statements": 3, "percent_covered": 100.0, "percent_covered_display": "100", "missing_lines": 0, "excluded_lines": 0, "percent_statements_covered": 100.0, "percent_statements_covered_display": "100"}, "missing_lines": [], "excluded_lines": []}, "InlineRenderer.emphasis": {"executed_lines": [106, 107, 108], "summary": {"covered_lines": 3, "num_statements": 3, "percent_covered": 100.0, "percent_covered_display": "100", "missing_lines": 0, "excluded_lines": 0, "percent_statements_covered": 100.0, "percent_statements_covered_display": "100"}, "missing_lines": [], "excluded_lines": []}, "InlineRenderer.codespan": {"executed_lines": [119, 120, 121], "summary": {"covered_lines": 3, "num_statements": 3, "percent_covered": 100.0, "percent_covered_display": "100", "missing_lines": 0, "excluded_lines": 0, "percent_statements_covered": 100.0, "percent_statements_covered_display": "100"}, "missing_lines": [], "excluded_lines": []}, "InlineRenderer.strikethrough": {"executed_lines": [132, 133, 134], "summary": {"covered_lines": 3, "num_statements": 3, "percent_covered": 100.0, "percent_covered_display": "100", "missing_lines": 0, "excluded_lines": 0, "percent_statements_covered": 100.0, "percent_statements_covered_display": "100"}, "missing_lines": [], "excluded_lines": []}, "InlineRenderer._escape_url": {"executed_lines": [151, 152, 153], "summary": {"covered_lines": 3, "num_statements": 3, "percent_covered": 100.0, "percent_covered_display": "100", "missing_lines": 0, "excluded_lines": 0, "percent_statements_covered": 100.0, "percent_statements_covered_display": "100"}, "missing_lines": [], "excluded_lines": []}, "InlineRenderer.link": {"executed_lines": [164, 165, 166, 167, 168, 170, 171, 174, 175, 176], "summary": {"covered_lines": 10, "num_statements": 10, "percent_covered": 100.0, "percent_covered_display": "100", "missing_lines": 0, "excluded_lines": 0, "percent_statements_covered": 100.0, "percent_statements_covered_display": "100"}, "missing_lines": [], "excluded_lines": []}, "InlineRenderer.softbreak": {"executed_lines": [187], "summary": {"covered_lines": 1, "num_statements": 1, "percent_covered": 100.0, "percent_covered_display": "100", "missing_lines": 0, "excluded_lines": 0, "percent_statements_covered": 100.0, "percent_statements_covered_display": "100"}, "missing_lines": [], "excluded_lines": []}, "InlineRenderer.linebreak": {"executed_lines": [], "summary": {"covered_lines": 0, "num_statements": 1, "percent_covered": 0.0, "percent_covered_display": "0", "missing_lines": 1, "excluded_lines": 0, "percent_statements_covered": 0.0, "percent_statements_covered_display": "0"}, "missing_lines": [198], "excluded_lines": []}, "InlineRenderer.image": {"executed_lines": [], "summary": {"covered_lines": 0, "num_statements": 2, "percent_covered": 0.0, "percent_covered_display": "0", "missing_lines": 2, "excluded_lines": 0, "percent_statements_covered": 0.0, "percent_statements_covered_display": "0"}, "missing_lines": [212, 213], "excluded_lines": []}, "InlineRenderer.inline_html": {"executed_lines": [229, 231, 232], "summary": {"covered_lines": 3, "num_statements": 3, "percent_covered": 100.0, "percent_covered_display": "100", "missing_lines": 0, "excluded_lines": 0, "percent_statements_covered": 100.0, "percent_statements_covered_display": "100"}, "missing_lines": [], "excluded_lines": []}, "InlineRenderer._escape_html_content": {"executed_lines": [247, 248, 250, 251, 252], "summary": {"covered_lines": 5, "num_statements": 5, "percent_covered": 100.0, "percent_covered_display": "100", "missing_lines": 0, "excluded_lines": 0, "percent_statements_covered": 100.0, "percent_statements_covered_display": "100"}, "missing_lines": [], "excluded_lines": []}, "": {"executed_lines": [1, 8, 11, 12, 19, 34, 50, 54, 72, 84, 97, 110, 123, 136, 155, 178, 189, 200, 215, 234], "summary": {"covered_lines": 18, "num_statements": 18, "percent_covered": 100.0, "percent_covered_display": "100", "missing_lines": 0, "excluded_lines": 0, "percent_statements_covered": 100.0, "percent_statements_covered_display": "100"}, "missing_lines": [], "excluded_lines": []}}, "classes": {"InlineRenderer": {"executed_lines": [30, 31, 32, 43, 44, 45, 46, 47, 48, 67, 68, 69, 70, 81, 82, 93, 94, 95, 106, 107, 108, 119, 120, 121, 132, 133, 134, 151, 152, 153, 164, 165, 166, 167, 168, 170, 171, 174, 175, 176, 187, 229, 231, 232, 247, 248, 250, 251, 252], "summary": {"covered_lines": 49, "num_statements": 53, "percent_covered": 92.45283018867924, "percent_covered_display": "92", "missing_lines": 4, "excluded_lines": 0, "percent_statements_covered": 92.45283018867924, "percent_statements_covered_display": "92"}, "missing_lines": [52, 198, 212, 213], "excluded_lines": []}, "": {"executed_lines": [1, 8, 11, 12, 19, 34, 50, 54, 72, 84, 97, 110, 123, 136, 155, 178, 189, 200, 215, 234], "summary": {"covered_lines": 18, "num_statements": 18, "percent_covered": 100.0, "percent_covered_display": "100", "missing_lines": 0, "excluded_lines": 0, "percent_statements_covered": 100.0, "percent_statements_covered_display": "100"}, "missing_lines": [], "excluded_lines": []}}}, "kivy_garden/markdownlabel/kivy_renderer.py": {"executed_lines": [1, 8, 9, 11, 12, 13, 14, 15, 16, 18, 20, 23, 24, 31, 34, 43, 119, 120, 121, 122, 123, 124, 125, 126, 127, 128, 129, 131, 132, 133, 134, 135, 136, 137, 138, 139, 140, 141, 142, 143, 144, 145, 146, 147, 148, 149, 150, 151, 152, 153, 154, 157, 158, 162, 169, 170, 173, 174, 176, 187, 188, 190, 191, 193, 196, 199, 201, 202, 206, 208, 211, 215, 217, 227, 228, 230, 231, 232, 233, 235, 237, 248, 249, 254, 256, 257, 259, 260, 265, 271, 279, 280, 282, 291, 293, 303, 304, 306, 337, 338, 341, 342, 343, 344, 345, 346, 349, 350, 352, 355, 358, 360, 362, 372, 373, 375, 406, 407, 410, 412, 414, 415, 418, 419, 421, 424, 427, 429, 431, 449, 450, 451, 454, 456, 457, 458, 460, 492, 493, 496, 497, 498, 499, 500, 501, 504, 505, 507, 510, 513, 516, 518, 520, 530, 531, 533, 543, 544, 545, 546, 549, 550, 553, 554, 557, 559, 564, 566, 567, 568, 569, 572, 573, 575, 576, 578, 580, 594, 598, 601, 602, 603, 605, 607, 638, 639, 642, 644, 646, 647, 650, 651, 653, 655, 658, 660, 663, 667, 670, 671, 672, 673, 674, 676, 678, 680, 692, 696, 698, 699, 700, 701, 702, 704, 706, 716, 717, 718, 721, 724, 731, 732, 733, 736, 740, 747, 773, 774, 775, 776, 778, 779, 780, 783, 784, 786, 787, 790, 792, 794, 804, 807, 810, 815, 818, 819, 820, 821, 827, 833, 836, 837, 838, 839, 841, 843, 845, 855, 861, 862, 863, 864, 870, 876, 878, 880, 890, 891, 892, 895, 898, 906, 909, 918, 921, 923, 925, 937, 947, 950, 953, 959, 962, 963, 964, 965, 966, 967, 969, 971, 980, 981, 982, 983, 984, 985, 986, 989, 990, 991, 992, 993, 996, 1006, 1007, 1008, 1011, 1013, 1015, 1016, 1017, 1018, 1020, 1021, 1023, 1033, 1034, 1035, 1036, 1038, 1050, 1051, 1055, 1056, 1057, 1060, 1063, 1066, 1098, 1099, 1102, 1104, 1106, 1107, 1110, 1111, 1113, 1116, 1119, 1120, 1123, 1125, 1127, 1142, 1157, 1172], "summary": {"covered_lines": 344, "num_statements": 365, "percent_covered": 94.24657534246575, "percent_covered_display": "94", "missing_lines": 21, "excluded_lines": 0, "percent_statements_covered": 94.24657534246575, "percent_statements_covered_display": "94"}, "missing_lines": [263, 411, 413, 643, 645, 737, 738, 828, 871, 910, 912, 913, 916, 935, 994, 1103, 1105, 1140, 1155, 1170, 1185], "excluded_lines": [], "functions": {"KivyRenderer.__init__": {"executed_lines": [119, 120, 121, 122, 123, 124, 125, 126, 127, 128, 129, 131, 132, 133, 134, 135, 136, 137, 138, 139, 140, 141, 142, 143, 144, 145, 146, 147, 148, 149, 150, 151, 152, 153, 154, 157, 158, 162, 169, 170, 173, 174], "summary": {"covered_lines": 42, "num_statements": 42, "percent_covered": 100.0, "percent_covered_display": "100", "missing_lines": 0, "excluded_lines": 0, "percent_statements_covered": 100.0, "percent_statements_covered_display": "100"}, "missing_lines": [], "excluded_lines": []}, "KivyRenderer._apply_text_size_binding": {"executed_lines": [187, 188, 190, 191, 193, 196, 199, 201, 202, 206, 208, 211, 215], "summary": {"covered_lines": 13, "num_statements": 13, "percent_covered": 100.0, "percent_covered_display": "100", "missing_lines": 0, "excluded_lines": 0, "percent_statements_covered": 100.0, "percent_statements_covered_display": "100"}, "missing_lines": [], "excluded_lines": []}, "KivyRenderer.__call__": {"executed_lines": [227, 228, 230, 231, 232, 233, 235], "summary": {"covered_lines": 7, "num_statements": 7, "percent_covered": 100.0, "percent_covered_display": "100", "missing_lines": 0, "excluded_lines": 0, "percent_statements_covered": 100.0, "percent_statements_covered_display": "100"}, "missing_lines": [], "excluded_lines": []}, "KivyRenderer._render_token": {"executed_lines": [248, 249, 254, 256, 257, 259, 260], "summary": {"covered_lines": 7, "num_statements": 8, "percent_covered": 87.5, "percent_covered_display": "88", "missing_lines": 1, "excluded_lines": 0, "percent_statements_covered": 87.5, "percent_statements_covered_display": "88"}, "missing_lines": [263], "excluded_lines": []}, "KivyRenderer._create_truncation_placeholder": {"executed_lines": [271, 279, 280], "summary": {"covered_lines": 3, "num_statements": 3, "percent_covered": 100.0, "percent_covered_display": "100", "missing_lines": 0, "excluded_lines": 0, "percent_statements_covered": 100.0, "percent_statements_covered_display": "100"}, "missing_lines": [], "excluded_lines": []}, "KivyRenderer._render_inline": {"executed_lines": [291], "summary": {"covered_lines": 1, "num_statements": 1, "percent_covered": 100.0, "percent_covered_display": "100", "missing_lines": 0, "excluded_lines": 0, "percent_statements_covered": 100.0, "percent_statements_covered_display": "100"}, "missing_lines": [], "excluded_lines": []}, "KivyRenderer.paragraph": {"executed_lines": [303, 304, 306, 337, 338, 341, 342, 343, 344, 345, 346, 349, 350, 352, 355, 358, 360], "summary": {"covered_lines": 17, "num_statements": 17, "percent_covered": 100.0, "percent_covered_display": "100", "missing_lines": 0, "excluded_lines": 0, "percent_statements_covered": 100.0, "percent_statements_covered_display": "100"}, "missing_lines": [], "excluded_lines": []}, "KivyRenderer.block_text": {"executed_lines": [372, 373, 375, 406, 407, 410, 412, 414, 415, 418, 419, 421, 424, 427, 429], "summary": {"covered_lines": 15, "num_statements": 17, "percent_covered": 88.23529411764706, "percent_covered_display": "88", "missing_lines": 2, "excluded_lines": 0, "percent_statements_covered": 88.23529411764706, "percent_statements_covered_display": "88"}, "missing_lines": [411, 413], "excluded_lines": []}, "KivyRenderer.heading": {"executed_lines": [449, 450, 451, 454, 456, 457, 458, 460, 492, 493, 496, 497, 498, 499, 500, 501, 504, 505, 507, 510, 513, 516, 518], "summary": {"covered_lines": 23, "num_statements": 23, "percent_covered": 100.0, "percent_covered_display": "100", "missing_lines": 0, "excluded_lines": 0, "percent_statements_covered": 100.0, "percent_statements_covered_display": "100"}, "missing_lines": [], "excluded_lines": []}, "KivyRenderer.blank_line": {"executed_lines": [530, 531], "summary": {"covered_lines": 2, "num_statements": 2, "percent_covered": 100.0, "percent_covered_display": "100", "missing_lines": 0, "excluded_lines": 0, "percent_statements_covered": 100.0, "percent_statements_covered_display": "100"}, "missing_lines": [], "excluded_lines": []}, "KivyRenderer.list": {"executed_lines": [543, 544, 545, 546, 549, 550, 553, 554, 557, 559, 564, 566, 567, 568, 569, 572, 573, 575, 576, 578], "summary": {"covered_lines": 20, "num_statements": 20, "percent_covered": 100.0, "percent_covered_display": "100", "missing_lines": 0, "excluded_lines": 0, "percent_statements_covered": 100.0, "percent_statements_covered_display": "100"}, "missing_lines": [], "excluded_lines": []}, "KivyRenderer._render_list_item": {"executed_lines": [594, 598, 601, 602, 603, 605, 607, 638, 639, 642, 644, 646, 647, 650, 651, 653, 655, 658, 660, 663, 667, 670, 671, 672, 673, 674, 676, 678], "summary": {"covered_lines": 28, "num_statements": 30, "percent_covered": 93.33333333333333, "percent_covered_display": "93", "missing_lines": 2, "excluded_lines": 0, "percent_statements_covered": 93.33333333333333, "percent_statements_covered_display": "93"}, "missing_lines": [643, 645], "excluded_lines": []}, "KivyRenderer.list_item": {"executed_lines": [692, 696, 698, 699, 700, 701, 702, 704], "summary": {"covered_lines": 8, "num_statements": 8, "percent_covered": 100.0, "percent_covered_display": "100", "missing_lines": 0, "excluded_lines": 0, "percent_statements_covered": 100.0, "percent_statements_covered_display": "100"}, "missing_lines": [], "excluded_lines": []}, "KivyRenderer.block_code": {"executed_lines": [716, 717, 718, 721, 724, 731, 732, 733, 736, 740, 747, 773, 774, 775, 776, 778, 779, 780, 783, 784, 786, 787, 790, 792], "summary": {"covered_lines": 24, "num_statements": 24, "percent_covered": 100.0, "percent_covered_display": "100", "missing_lines": 0, "excluded_lines": 0, "percent_statements_covered": 100.0, "percent_statements_covered_display": "100"}, "missing_lines": [], "excluded_lines": []}, "KivyRenderer.block_code.update_bg": {"executed_lines": [], "summary": {"covered_lines": 0, "num_statements": 2, "percent_covered": 0.0, "percent_covered_display": "0", "missing_lines": 2, "excluded_lines": 0, "percent_statements_covered": 0.0, "percent_statements_covered_display": "0"}, "missing_lines": [737, 738], "excluded_lines": []}, "KivyRenderer.block_quote": {"executed_lines": [804, 807, 810, 815, 818, 819, 820, 821, 827, 833, 836, 837, 838, 839, 841, 843], "summary": {"covered_lines": 16, "num_statements": 16, "percent_covered": 100.0, "percent_covered_display": "100", "missing_lines": 0, "excluded_lines": 0, "percent_statements_covered": 100.0, "percent_statements_covered_display": "100"}, "missing_lines": [], "excluded_lines": []}, "KivyRenderer.block_quote.update_border": {"executed_lines": [], "summary": {"covered_lines": 0, "num_statements": 1, "percent_covered": 0.0, "percent_covered_display": "0", "missing_lines": 1, "excluded_lines": 0, "percent_statements_covered": 0.0, "percent_statements_covered_display": "0"}, "missing_lines": [828], "excluded_lines": []}, "KivyRenderer.thematic_break": {"executed_lines": [855, 861, 862, 863, 864, 870, 876, 878], "summary": {"covered_lines": 8, "num_statements": 8, "percent_covered": 100.0, "percent_covered_display": "100", "missing_lines": 0, "excluded_lines": 0, "percent_statements_covered": 100.0, "percent_statements_covered_display": "100"}, "missing_lines": [], "excluded_lines": []}, "KivyRenderer.thematic_break.update_line": {"executed_lines": [], "summary": {"covered_lines": 0, "num_statements": 1, "percent_covered": 0.0, "percent_covered_display": "0", "missing_lines": 1, "excluded_lines": 0, "percent_statements_covered": 0.0, "percent_statements_covered_display": "0"}, "missing_lines": [871], "excluded_lines": []}, "KivyRenderer.image": {"executed_lines": [890, 891, 892, 895, 898, 906, 909, 918, 921, 923], "summary": {"covered_lines": 10, "num_statements": 10, "percent_covered": 100.0, "percent_covered_display": "100", "missing_lines": 0, "excluded_lines": 0, "percent_statements_covered": 100.0, "percent_statements_covered_display": "100"}, "missing_lines": [], "excluded_lines": []}, "KivyRenderer.image.on_texture": {"executed_lines": [], "summary": {"covered_lines": 0, "num_statements": 4, "percent_covered": 0.0, "percent_covered_display": "0", "missing_lines": 4, "excluded_lines": 0, "percent_statements_covered": 0.0, "percent_statements_covered_display": "0"}, "missing_lines": [910, 912, 913, 916], "excluded_lines": []}, "KivyRenderer.newline": {"executed_lines": [], "summary": {"covered_lines": 0, "num_statements": 1, "percent_covered": 0.0, "percent_covered_display": "0", "missing_lines": 1, "excluded_lines": 0, "percent_statements_covered": 0.0, "percent_statements_covered_display": "0"}, "missing_lines": [935], "excluded_lines": []}, "KivyRenderer.table": {"executed_lines": [947, 950, 953, 959, 962, 963, 964, 965, 966, 967, 969], "summary": {"covered_lines": 11, "num_statements": 11, "percent_covered": 100.0, "percent_covered_display": "100", "missing_lines": 0, "excluded_lines": 0, "percent_statements_covered": 100.0, "percent_statements_covered_display": "100"}, "missing_lines": [], "excluded_lines": []}, "KivyRenderer._get_table_column_count": {"executed_lines": [980, 981, 982, 983, 984, 985, 986, 989, 990, 991, 992, 993], "summary": {"covered_lines": 12, "num_statements": 13, "percent_covered": 92.3076923076923, "percent_covered_display": "92", "missing_lines": 1, "excluded_lines": 0, "percent_statements_covered": 92.3076923076923, "percent_statements_covered_display": "92"}, "missing_lines": [994], "excluded_lines": []}, "KivyRenderer._render_table_section": {"executed_lines": [1006, 1007, 1008, 1011, 1013, 1015, 1016, 1017, 1018, 1020, 1021], "summary": {"covered_lines": 11, "num_statements": 11, "percent_covered": 100.0, "percent_covered_display": "100", "missing_lines": 0, "excluded_lines": 0, "percent_statements_covered": 100.0, "percent_statements_covered_display": "100"}, "missing_lines": [], "excluded_lines": []}, "KivyRenderer._render_table_row": {"executed_lines": [1033, 1034, 1035, 1036], "summary": {"covered_lines": 4, "num_statements": 4, "percent_covered": 100.0, "percent_covered_display": "100", "missing_lines": 0, "excluded_lines": 0, "percent_statements_covered": 100.0, "percent_statements_covered_display": "100"}, "missing_lines": [], "excluded_lines": []}, "KivyRenderer._render_table_cell": {"executed_lines": [1050, 1051, 1055, 1056, 1057, 1060, 1063, 1066, 1098, 1099, 1102, 1104, 1106, 1107, 1110, 1111, 1113, 1116, 1119, 1120, 1123, 1125], "summary": {"covered_lines": 22, "num_statements": 24, "percent_covered": 91.66666666666667, "percent_covered_display": "92", "missing_lines": 2, "excluded_lines": 0, "percent_statements_covered": 91.66666666666667, "percent_statements_covered_display": "92"}, "missing_lines": [1103, 1105], "excluded_lines": []}, "KivyRenderer.table_head": {"executed_lines": [], "summary": {"covered_lines": 0, "num_statements": 1, "percent_covered": 0.0, "percent_covered_display": "0", "missing_lines": 1, "excluded_lines": 0, "percent_statements_covered": 0.0, "percent_statements_covered_display": "0"}, "missing_lines": [1140], "excluded_lines": []}, "KivyRenderer.table_body": {"executed_lines": [], "summary": {"covered_lines": 0, "num_statements": 1, "percent_covered": 0.0, "percent_covered_display": "0", "missing_lines": 1, "excluded_lines": 0, "percent_statements_covered": 0.0, "percent_statements_covered_display": "0"}, "missing_lines": [1155], "excluded_lines": []}, "KivyRenderer.table_row": {"executed_lines": [], "summary": {"covered_lines": 0, "num_statements": 1, "percent_covered": 0.0, "percent_covered_display": "0", "missing_lines": 1, "excluded_lines": 0, "percent_statements_covered": 0.0, "percent_statements_covered_display": "0"}, "missing_lines": [1170], "excluded_lines": []}, "KivyRenderer.table_cell": {"executed_lines": [], "summary": {"covered_lines": 0, "num_statements": 1, "percent_covered": 0.0, "percent_covered_display": "0", "missing_lines": 1, "excluded_lines": 0, "percent_statements_covered": 0.0, "percent_statements_covered_display": "0"}, "missing_lines": [1185], "excluded_lines": []}, "": {"executed_lines": [1, 8, 9, 11, 12, 13, 14, 15, 16, 18, 20, 23, 24, 31, 34, 43, 176, 217, 237, 265, 282, 293, 362, 431, 520, 533, 580, 680, 706, 794, 845, 880, 925, 937, 971, 996, 1023, 1038, 1127, 1142, 1157, 1172], "summary": {"covered_lines": 40, "num_statements": 40, "percent_covered": 100.0, "percent_covered_display": "100", "missing_lines": 0, "excluded_lines": 0, "percent_statements_covered": 100.0, "percent_statements_covered_display": "100"}, "missing_lines": [], "excluded_lines": []}}, "classes": {"KivyRenderer": {"executed_lines": [119, 120, 121, 122, 123, 124, 125, 126, 127, 128, 129, 131, 132, 133, 134, 135, 136, 137, 138, 139, 140, 141, 142, 143, 144, 145, 146, 147, 148, 149, 150, 151, 152, 153, 154, 157, 158, 162, 169, 170, 173, 174, 187, 188, 190, 191, 193, 196, 199, 201, 202, 206, 208, 211, 215, 227, 228, 230, 231, 232, 233, 235, 248, 249, 254, 256, 257, 259, 260, 271, 279, 280, 291, 303, 304, 306, 337, 338, 341, 342, 343, 344, 345, 346, 349, 350, 352, 355, 358, 360, 372, 373, 375, 406, 407, 410, 412, 414, 415, 418, 419, 421, 424, 427, 429, 449, 450, 451, 454, 456, 457, 458, 460, 492, 493, 496, 497, 498, 499, 500, 501, 504, 505, 507, 510, 513, 516, 518, 530, 531, 543, 544, 545, 546, 549, 550, 553, 554, 557, 559, 564, 566, 567, 568, 569, 572, 573, 575, 576, 578, 594, 598, 601, 602, 603, 605, 607, 638, 639, 642, 644, 646, 647, 650, 651, 653, 655, 658, 660, 663, 667, 670, 671, 672, 673, 674, 676, 678, 692, 696, 698, 699, 700, 701, 702, 704, 716, 717, 718, 721, 724, 731, 732, 733, 736, 740, 747, 773, 774, 775, 776, 778, 779, 780, 783, 784, 786, 787, 790, 792, 804, 807, 810, 815, 818, 819, 820, 821, 827, 833, 836, 837, 838, 839, 841, 843, 855, 861, 862, 863, 864, 870, 876, 878, 890, 891, 892, 895, 898, 906, 909, 918, 921, 923, 947, 950, 953, 959, 962, 963, 964, 965, 966, 967, 969, 980, 981, 982, 983, 984, 985, 986, 989, 990, 991, 992, 993, 1006, 1007, 1008, 1011, 1013, 1015, 1016, 1017, 1018, 1020, 1021, 1033, 1034, 1035, 1036, 1050, 1051, 1055, 1056, 1057, 1060, 1063, 1066, 1098, 1099, 1102, 1104, 1106, 1107, 1110, 1111, 1113, 1116, 1119, 1120, 1123, 1125], "summary": {"covered_lines": 304, "num_statements": 325, "percent_covered": 93.53846153846153, "percent_covered_display": "94", "missing_lines": 21, "excluded_lines": 0, "percent_statements_covered": 93.53846153846153, "percent_statements_covered_display": "94"}, "missing_lines": [263, 411, 413, 643, 645, 737, 738, 828, 871, 910, 912, 913, 916, 935, 994, 1103, 1105, 1140, 1155, 1170, 1185], "excluded_lines": []}, "": {"executed_lines": [1, 8, 9, 11, 12, 13, 14, 15, 16, 18, 20, 23, 24, 31, 34, 43, 176, 217, 237, 265, 282, 293, 362, 431, 520, 533, 580, 680, 706, 794, 845, 880, 925, 937, 971, 996, 1023, 1038, 1127, 1142, 1157, 1172], "summary": {"covered_lines": 40, "num_statements": 40, "percent_covered": 100.0, "percent_covered_display": "100", "missing_lines": 0, "excluded_lines": 0, "percent_statements_covered": 100.0, "percent_statements_covered_display": "100"}, "missing_lines": [], "excluded_lines": []}}}, "kivy_garden/markdownlabel/markdown_serializer.py": {"executed_lines": [1, 8, 11, 12, 18, 20, 22, 31, 32, 33, 34, 35, 37, 39, 48, 49, 51, 52, 57, 66, 67, 68, 69, 70, 71, 75, 80, 89, 90, 92, 101, 102, 103, 105, 106, 108, 117, 118, 119, 120, 122, 123, 124, 125, 126, 128, 129, 131, 133, 142, 143, 145, 146, 147, 149, 151, 162, 164, 173, 174, 176, 185, 186, 187, 190, 191, 192, 194, 197, 198, 200, 202, 211, 214, 215, 216, 217, 218, 220, 223, 224, 225, 227, 236, 238, 247, 250, 259, 261, 262, 264, 265, 266, 267, 268, 269, 270, 271, 273, 275, 284, 285, 286, 287, 290, 291, 292, 293, 294, 295, 298, 299, 300, 313, 314, 317, 318, 319, 321, 323, 326, 328, 329, 331, 333, 342, 343, 345, 346, 347, 349, 350, 351, 352, 354, 356, 360, 369, 371, 380, 381, 382, 384, 393, 394, 395, 397, 409, 422, 431, 432, 433, 435, 436, 438, 454, 465], "summary": {"covered_lines": 155, "num_statements": 189, "percent_covered": 82.01058201058201, "percent_covered_display": "82", "missing_lines": 34, "excluded_lines": 0, "percent_statements_covered": 82.01058201058201, "percent_statements_covered_display": "82"}, "missing_lines": [55, 74, 148, 152, 154, 155, 156, 158, 159, 160, 301, 303, 304, 305, 306, 307, 309, 310, 311, 320, 322, 324, 406, 407, 418, 419, 420, 447, 448, 449, 451, 452, 463, 474], "excluded_lines": [], "functions": {"MarkdownSerializer.__init__": {"executed_lines": [20], "summary": {"covered_lines": 1, "num_statements": 1, "percent_covered": 100.0, "percent_covered_display": "100", "missing_lines": 0, "excluded_lines": 0, "percent_statements_covered": 100.0, "percent_statements_covered_display": "100"}, "missing_lines": [], "excluded_lines": []}, "MarkdownSerializer.serialize": {"executed_lines": [31, 32, 33, 34, 35, 37], "summary": {"covered_lines": 6, "num_statements": 6, "percent_covered": 100.0, "percent_covered_display": "100", "missing_lines": 0, "excluded_lines": 0, "percent_statements_covered": 100.0, "percent_statements_covered_display": "100"}, "missing_lines": [], "excluded_lines": []}, "MarkdownSerializer._serialize_token": {"executed_lines": [48, 49, 51, 52], "summary": {"covered_lines": 4, "num_statements": 5, "percent_covered": 80.0, "percent_covered_display": "80", "missing_lines": 1, "excluded_lines": 0, "percent_statements_covered": 80.0, "percent_statements_covered_display": "80"}, "missing_lines": [55], "excluded_lines": []}, "MarkdownSerializer.serialize_inline": {"executed_lines": [66, 67, 68, 69, 70, 71, 75], "summary": {"covered_lines": 7, "num_statements": 8, "percent_covered": 87.5, "percent_covered_display": "88", "missing_lines": 1, "excluded_lines": 0, "percent_statements_covered": 87.5, "percent_statements_covered_display": "88"}, "missing_lines": [74], "excluded_lines": []}, "MarkdownSerializer.paragraph": {"executed_lines": [89, 90], "summary": {"covered_lines": 2, "num_statements": 2, "percent_covered": 100.0, "percent_covered_display": "100", "missing_lines": 0, "excluded_lines": 0, "percent_statements_covered": 100.0, "percent_statements_covered_display": "100"}, "missing_lines": [], "excluded_lines": []}, "MarkdownSerializer.heading": {"executed_lines": [101, 102, 103, 105, 106], "summary": {"covered_lines": 5, "num_statements": 5, "percent_covered": 100.0, "percent_covered_display": "100", "missing_lines": 0, "excluded_lines": 0, "percent_statements_covered": 100.0, "percent_statements_covered_display": "100"}, "missing_lines": [], "excluded_lines": []}, "MarkdownSerializer.list": {"executed_lines": [117, 118, 119, 120, 122, 123, 124, 125, 126, 128, 129, 131], "summary": {"covered_lines": 12, "num_statements": 12, "percent_covered": 100.0, "percent_covered_display": "100", "missing_lines": 0, "excluded_lines": 0, "percent_statements_covered": 100.0, "percent_statements_covered_display": "100"}, "missing_lines": [], "excluded_lines": []}, "MarkdownSerializer._serialize_list_item": {"executed_lines": [142, 143, 145, 146, 147, 149, 151, 162], "summary": {"covered_lines": 8, "num_statements": 16, "percent_covered": 50.0, "percent_covered_display": "50", "missing_lines": 8, "excluded_lines": 0, "percent_statements_covered": 50.0, "percent_statements_covered_display": "50"}, "missing_lines": [148, 152, 154, 155, 156, 158, 159, 160], "excluded_lines": []}, "MarkdownSerializer.block_text": {"executed_lines": [173, 174], "summary": {"covered_lines": 2, "num_statements": 2, "percent_covered": 100.0, "percent_covered_display": "100", "missing_lines": 0, "excluded_lines": 0, "percent_statements_covered": 100.0, "percent_statements_covered_display": "100"}, "missing_lines": [], "excluded_lines": []}, "MarkdownSerializer.block_code": {"executed_lines": [185, 186, 187, 190, 191, 192, 194, 197, 198, 200], "summary": {"covered_lines": 10, "num_statements": 10, "percent_covered": 100.0, "percent_covered_display": "100", "missing_lines": 0, "excluded_lines": 0, "percent_statements_covered": 100.0, "percent_statements_covered_display": "100"}, "missing_lines": [], "excluded_lines": []}, "MarkdownSerializer.block_quote": {"executed_lines": [211, 214, 215, 216, 217, 218, 220, 223, 224, 225], "summary": {"covered_lines": 10, "num_statements": 10, "percent_covered": 100.0, "percent_covered_display": "100", "missing_lines": 0, "excluded_lines": 0, "percent_statements_covered": 100.0, "percent_statements_covered_display": "100"}, "missing_lines": [], "excluded_lines": []}, "MarkdownSerializer.thematic_break": {"executed_lines": [236], "summary": {"covered_lines": 1, "num_statements": 1, "percent_covered": 100.0, "percent_covered_display": "100", "missing_lines": 0, "excluded_lines": 0, "percent_statements_covered": 100.0, "percent_statements_covered_display": "100"}, "missing_lines": [], "excluded_lines": []}, "MarkdownSerializer.blank_line": {"executed_lines": [247], "summary": {"covered_lines": 1, "num_statements": 1, "percent_covered": 100.0, "percent_covered_display": "100", "missing_lines": 0, "excluded_lines": 0, "percent_statements_covered": 100.0, "percent_statements_covered_display": "100"}, "missing_lines": [], "excluded_lines": []}, "MarkdownSerializer.table": {"executed_lines": [259, 261, 262, 264, 265, 266, 267, 268, 269, 270, 271, 273], "summary": {"covered_lines": 12, "num_statements": 12, "percent_covered": 100.0, "percent_covered_display": "100", "missing_lines": 0, "excluded_lines": 0, "percent_statements_covered": 100.0, "percent_statements_covered_display": "100"}, "missing_lines": [], "excluded_lines": []}, "MarkdownSerializer._serialize_table_head": {"executed_lines": [284, 285, 286, 287, 290, 291, 292, 293, 294, 295, 298, 299, 300, 313, 314, 317, 318, 319, 321, 323, 326, 328, 329, 331], "summary": {"covered_lines": 24, "num_statements": 36, "percent_covered": 66.66666666666667, "percent_covered_display": "67", "missing_lines": 12, "excluded_lines": 0, "percent_statements_covered": 66.66666666666667, "percent_statements_covered_display": "67"}, "missing_lines": [301, 303, 304, 305, 306, 307, 309, 310, 311, 320, 322, 324], "excluded_lines": []}, "MarkdownSerializer._serialize_table_body": {"executed_lines": [342, 343, 345, 346, 347, 349, 350, 351, 352, 354, 356], "summary": {"covered_lines": 11, "num_statements": 11, "percent_covered": 100.0, "percent_covered_display": "100", "missing_lines": 0, "excluded_lines": 0, "percent_statements_covered": 100.0, "percent_statements_covered_display": "100"}, "missing_lines": [], "excluded_lines": []}, "MarkdownSerializer.inline_text": {"executed_lines": [369], "summary": {"covered_lines": 1, "num_statements": 1, "percent_covered": 100.0, "percent_covered_display": "100", "missing_lines": 0, "excluded_lines": 0, "percent_statements_covered": 100.0, "percent_statements_covered_display": "100"}, "missing_lines": [], "excluded_lines": []}, "MarkdownSerializer.inline_strong": {"executed_lines": [380, 381, 382], "summary": {"covered_lines": 3, "num_statements": 3, "percent_covered": 100.0, "percent_covered_display": "100", "missing_lines": 0, "excluded_lines": 0, "percent_statements_covered": 100.0, "percent_statements_covered_display": "100"}, "missing_lines": [], "excluded_lines": []}, "MarkdownSerializer.inline_emphasis": {"executed_lines": [393, 394, 395], "summary": {"covered_lines": 3, "num_statements": 3, "percent_covered": 100.0, "percent_covered_display": "100", "missing_lines": 0, "excluded_lines": 0, "percent_statements_covered": 100.0, "percent_statements_covered_display": "100"}, "missing_lines": [], "excluded_lines": []}, "MarkdownSerializer.inline_codespan": {"executed_lines": [], "summary": {"covered_lines": 0, "num_statements": 2, "percent_covered": 0.0, "percent_covered_display": "0", "missing_lines": 2, "excluded_lines": 0, "percent_statements_covered": 0.0, "percent_statements_covered_display": "0"}, "missing_lines": [406, 407], "excluded_lines": []}, "MarkdownSerializer.inline_strikethrough": {"executed_lines": [], "summary": {"covered_lines": 0, "num_statements": 3, "percent_covered": 0.0, "percent_covered_display": "0", "missing_lines": 3, "excluded_lines": 0, "percent_statements_covered": 0.0, "percent_statements_covered_display": "0"}, "missing_lines": [418, 419, 420], "excluded_lines": []}, "MarkdownSerializer.inline_link": {"executed_lines": [431, 432, 433, 435, 436], "summary": {"covered_lines": 5, "num_statements": 5, "percent_covered": 100.0, "percent_covered_display": "100", "missing_lines": 0, "excluded_lines": 0, "percent_statements_covered": 100.0, "percent_statements_covered_display": "100"}, "missing_lines": [], "excluded_lines": []}, "MarkdownSerializer.inline_image": {"executed_lines": [], "summary": {"covered_lines": 0, "num_statements": 5, "percent_covered": 0.0, "percent_covered_display": "0", "missing_lines": 5, "excluded_lines": 0, "percent_statements_covered": 0.0, "percent_statements_covered_display": "0"}, "missing_lines": [447, 448, 449, 451, 452], "excluded_lines": []}, "MarkdownSerializer.inline_softbreak": {"executed_lines": [], "summary": {"covered_lines": 0, "num_statements": 1, "percent_covered": 0.0, "percent_covered_display": "0", "missing_lines": 1, "excluded_lines": 0, "percent_statements_covered": 0.0, "percent_statements_covered_display": "0"}, "missing_lines": [463], "excluded_lines": []}, "MarkdownSerializer.inline_linebreak": {"executed_lines": [], "summary": {"covered_lines": 0, "num_statements": 1, "percent_covered": 0.0, "percent_covered_display": "0", "missing_lines": 1, "excluded_lines": 0, "percent_statements_covered": 0.0, "percent_statements_covered_display": "0"}, "missing_lines": [474], "excluded_lines": []}, "": {"executed_lines": [1, 8, 11, 12, 18, 22, 39, 57, 80, 92, 108, 133, 164, 176, 202, 227, 238, 250, 275, 333, 360, 371, 384, 397, 409, 422, 438, 454, 465], "summary": {"covered_lines": 27, "num_statements": 27, "percent_covered": 100.0, "percent_covered_display": "100", "missing_lines": 0, "excluded_lines": 0, "percent_statements_covered": 100.0, "percent_statements_covered_display": "100"}, "missing_lines": [], "excluded_lines": []}}, "classes": {"MarkdownSerializer": {"executed_lines": [20, 31, 32, 33, 34, 35, 37, 48, 49, 51, 52, 66, 67, 68, 69, 70, 71, 75, 89, 90, 101, 102, 103, 105, 106, 117, 118, 119, 120, 122, 123, 124, 125, 126, 128, 129, 131, 142, 143, 145, 146, 147, 149, 151, 162, 173, 174, 185, 186, 187, 190, 191, 192, 194, 197, 198, 200, 211, 214, 215, 216, 217, 218, 220, 223, 224, 225, 236, 247, 259, 261, 262, 264, 265, 266, 267, 268, 269, 270, 271, 273, 284, 285, 286, 287, 290, 291, 292, 293, 294, 295, 298, 299, 300, 313, 314, 317, 318, 319, 321, 323, 326, 328, 329, 331, 342, 343, 345, 346, 347, 349, 350, 351, 352, 354, 356, 369, 380, 381, 382, 393, 394, 395, 431, 432, 433, 435, 436], "summary": {"covered_lines": 128, "num_statements": 162, "percent_covered": 79.01234567901234, "percent_covered_display": "79", "missing_lines": 34, "excluded_lines": 0, "percent_statements_covered": 79.01234567901234, "percent_statements_covered_display": "79"}, "missing_lines": [55, 74, 148, 152, 154, 155, 156, 158, 159, 160, 301, 303, 304, 305, 306, 307, 309, 310, 311, 320, 322, 324, 406, 407, 418, 419, 420, 447, 448, 449, 451, 452, 463, 474], "excluded_lines": []}, "": {"executed_lines": [1, 8, 11, 12, 18, 22, 39, 57, 80, 92, 108, 133, 164, 176, 202, 227, 238, 250, 275, 333, 360, 371, 384, 397, 409, 422, 438, 454, 465], "summary": {"covered_lines": 27, "num_statements": 27, "percent_covered": 100.0, "percent_covered_display": "100", "missing_lines": 0, "excluded_lines": 0, "percent_statements_covered": 100.0, "percent_statements_covered_display": "100"}, "missing_lines": [], "excluded_lines": []}}}, "kivy_garden/markdownlabel/tests/__init__.py": {"executed_lines": [0], "summary": {"covered_lines": 0, "num_statements": 0, "percent_covered": 100.0, "percent_covered_display": "100", "missing_lines": 0, "excluded_lines": 0, "percent_statements_covered": 100.0, "percent_statements_covered_display": "100"}, "missing_lines": [], "excluded_lines": [], "functions": {"": {"executed_lines": [], "summary": {"covered_lines": 0, "num_statements": 0, "percent_covered": 100.0, "percent_covered_display": "100", "missing_lines": 0, "excluded_lines": 0, "percent_statements_covered": 100.0, "percent_statements_covered_display": "100"}, "missing_lines": [], "excluded_lines": []}}, "classes": {"": {"executed_lines": [], "summary": {"covered_lines": 0, "num_statements": 0, "percent_covered": 100.0, "percent_covered_display": "100", "missing_lines": 0, "excluded_lines": 0, "percent_statements_covered": 100.0, "percent_statements_covered_display": "100"}, "missing_lines": [], "excluded_lines": []}}}, "kivy_garden/markdownlabel/tests/conftest.py": {"executed_lines": [], "summary": {"covered_lines": 0, "num_statements": 23, "percent_covered": 0.0, "percent_covered_display": "0", "missing_lines": 23, "excluded_lines": 0, "percent_statements_covered": 0.0, "percent_statements_covered_display": "0"}, "missing_lines": [8, 9, 10, 13, 14, 18, 19, 20, 23, 24, 28, 31, 32, 34, 61, 62, 64, 74, 75, 77, 86, 87, 89], "excluded_lines": [], "functions": {"setup_kivy_environment": {"executed_lines": [], "summary": {"covered_lines": 0, "num_statements": 1, "percent_covered": 0.0, "percent_covered_display": "0", "missing_lines": 1, "excluded_lines": 0, "percent_statements_covered": 0.0, "percent_statements_covered_display": "0"}, "missing_lines": [28], "excluded_lines": []}, "sample_markdown_texts": {"executed_lines": [], "summary": {"covered_lines": 0, "num_statements": 1, "percent_covered": 0.0, "percent_covered_display": "0", "missing_lines": 1, "excluded_lines": 0, "percent_statements_covered": 0.0, "percent_statements_covered_display": "0"}, "missing_lines": [34], "excluded_lines": []}, "default_colors": {"executed_lines": [], "summary": {"covered_lines": 0, "num_statements": 1, "percent_covered": 0.0, "percent_covered_display": "0", "missing_lines": 1, "excluded_lines": 0, "percent_statements_covered": 0.0, "percent_statements_covered_display": "0"}, "missing_lines": [64], "excluded_lines": []}, "default_padding_values": {"executed_lines": [], "summary": {"covered_lines": 0, "num_statements": 1, "percent_covered": 0.0, "percent_covered_display": "0", "missing_lines": 1, "excluded_lines": 0, "percent_statements_covered": 0.0, "percent_statements_covered_display": "0"}, "missing_lines": [77], "excluded_lines": []}, "kivy_fonts": {"executed_lines": [], "summary": {"covered_lines": 0, "num_statements": 1, "percent_covered": 0.0, "percent_covered_display": "0", "missing_lines": 1, "excluded_lines": 0, "percent_statements_covered": 0.0, "percent_statements_covered_display": "0"}, "missing_lines": [89], "excluded_lines": []}, "": {"executed_lines": [], "summary": {"covered_lines": 0, "num_statements": 18, "percent_covered": 0.0, "percent_covered_display": "0", "missing_lines": 18, "excluded_lines": 0, "percent_statements_covered": 0.0, "percent_statements_covered_display": "0"}, "missing_lines": [8, 9, 10, 13, 14, 18, 19, 20, 23, 24, 31, 32, 61, 62, 74, 75, 86, 87], "excluded_lines": []}}, "classes": {"": {"executed_lines": [], "summary": {"covered_lines": 0, "num_statements": 23, "percent_covered": 0.0, "percent_covered_display": "0", "missing_lines": 23, "excluded_lines": 0, "percent_statements_covered": 0.0, "percent_statements_covered_display": "0"}, "missing_lines": [8, 9, 10, 13, 14, 18, 19, 20, 23, 24, 28, 31, 32, 34, 61, 62, 64, 74, 75, 77, 86, 87, 89], "excluded_lines": []}}}, "kivy_garden/markdownlabel/tests/modules/__init__.py": {"executed_lines": [1], "summary": {"covered_lines": 0, "num_statements": 0, "percent_covered": 100.0, "percent_covered_display": "100", "missing_lines": 0, "excluded_lines": 0, "percent_statements_covered": 100.0, "percent_statements_covered_display": "100"}, "missing_lines": [], "excluded_lines": [], "functions": {"": {"executed_lines": [1], "summary": {"covered_lines": 0, "num_statements": 0, "percent_covered": 100.0, "percent_covered_display": "100", "missing_lines": 0, "excluded_lines": 0, "percent_statements_covered": 100.0, "percent_statements_covered_display": "100"}, "missing_lines": [], "excluded_lines": []}}, "classes": {"": {"executed_lines": [1], "summary": {"covered_lines": 0, "num_statements": 0, "percent_covered": 100.0, "percent_covered_display": "100", "missing_lines": 0, "excluded_lines": 0, "percent_statements_covered": 100.0, "percent_statements_covered_display": "100"}, "missing_lines": [], "excluded_lines": []}}}, "kivy_garden/markdownlabel/tests/modules/assertion_analyzer.py": {"executed_lines": [1, 8, 9, 10, 11, 12, 15, 16, 17, 18, 19, 20, 21, 22, 23, 26, 27, 28, 29, 30, 31, 32, 33, 36, 37, 38, 39, 40, 41, 42, 43, 44, 45, 46, 47, 50, 51, 53, 56, 71, 86, 96, 104, 105, 106, 107, 109, 119, 122, 123, 126, 129, 130, 132, 144, 146, 149, 150, 151, 152, 153, 154, 159, 161, 163, 165, 166, 171, 173, 190, 215, 221, 224, 225, 226, 227, 230, 231, 236, 237, 238, 239, 242, 243, 244, 245, 257, 259, 263, 264, 265, 266, 269, 272, 273, 277, 279, 282, 284, 287, 289, 291, 293, 295, 298, 304, 305, 306, 307, 309, 310, 311, 312, 313, 314, 320, 329, 330, 331, 333, 338, 341, 342, 343, 344, 346, 349, 397], "summary": {"covered_lines": 123, "num_statements": 190, "percent_covered": 64.73684210526316, "percent_covered_display": "65", "missing_lines": 67, "excluded_lines": 0, "percent_statements_covered": 64.73684210526316, "percent_statements_covered_display": "65"}, "missing_lines": [155, 156, 157, 169, 180, 182, 192, 194, 195, 197, 200, 201, 203, 210, 211, 213, 232, 233, 248, 249, 252, 253, 255, 260, 267, 275, 315, 316, 318, 334, 335, 336, 351, 352, 354, 355, 356, 358, 359, 361, 362, 363, 365, 366, 367, 368, 369, 370, 371, 372, 373, 375, 376, 377, 379, 380, 381, 382, 384, 385, 386, 387, 388, 390, 393, 394, 398], "excluded_lines": [], "functions": {"AssertionAnalyzer.__init__": {"executed_lines": [56, 71, 86, 96, 104, 105, 106, 107], "summary": {"covered_lines": 8, "num_statements": 8, "percent_covered": 100.0, "percent_covered_display": "100", "missing_lines": 0, "excluded_lines": 0, "percent_statements_covered": 100.0, "percent_statements_covered_display": "100"}, "missing_lines": [], "excluded_lines": []}, "AssertionAnalyzer.analyze_test_method": {"executed_lines": [119, 122, 123, 126, 129, 130, 132], "summary": {"covered_lines": 7, "num_statements": 7, "percent_covered": 100.0, "percent_covered_display": "100", "missing_lines": 0, "excluded_lines": 0, "percent_statements_covered": 100.0, "percent_statements_covered_display": "100"}, "missing_lines": [], "excluded_lines": []}, "AssertionAnalyzer._extract_assertions": {"executed_lines": [146, 149, 150, 151, 152, 153, 154, 159], "summary": {"covered_lines": 8, "num_statements": 11, "percent_covered": 72.72727272727273, "percent_covered_display": "73", "missing_lines": 3, "excluded_lines": 0, "percent_statements_covered": 72.72727272727273, "percent_statements_covered_display": "73"}, "missing_lines": [155, 156, 157], "excluded_lines": []}, "AssertionAnalyzer._analyze_assert_node": {"executed_lines": [163, 165, 166, 171, 173], "summary": {"covered_lines": 5, "num_statements": 8, "percent_covered": 62.5, "percent_covered_display": "62", "missing_lines": 3, "excluded_lines": 0, "percent_statements_covered": 62.5, "percent_statements_covered_display": "62"}, "missing_lines": [169, 180, 182], "excluded_lines": []}, "AssertionAnalyzer._analyze_call_node": {"executed_lines": [], "summary": {"covered_lines": 0, "num_statements": 10, "percent_covered": 0.0, "percent_covered_display": "0", "missing_lines": 10, "excluded_lines": 0, "percent_statements_covered": 0.0, "percent_statements_covered_display": "0"}, "missing_lines": [192, 194, 195, 197, 200, 201, 203, 210, 211, 213], "excluded_lines": []}, "AssertionAnalyzer._classify_assertion_code": {"executed_lines": [221, 224, 225, 226, 227, 230, 231, 236, 237, 238, 239, 242, 243, 244, 245], "summary": {"covered_lines": 15, "num_statements": 22, "percent_covered": 68.18181818181819, "percent_covered_display": "68", "missing_lines": 7, "excluded_lines": 0, "percent_statements_covered": 68.18181818181819, "percent_statements_covered_display": "68"}, "missing_lines": [232, 233, 248, 249, 252, 253, 255], "excluded_lines": []}, "AssertionAnalyzer._determine_primary_assertion_type": {"executed_lines": [259, 263, 264, 265, 266, 269, 272, 273], "summary": {"covered_lines": 8, "num_statements": 11, "percent_covered": 72.72727272727273, "percent_covered_display": "73", "missing_lines": 3, "excluded_lines": 0, "percent_statements_covered": 72.72727272727273, "percent_statements_covered_display": "73"}, "missing_lines": [260, 267, 275], "excluded_lines": []}, "AssertionAnalyzer._detect_naming_mismatch": {"executed_lines": [279, 282, 284, 287, 289, 291], "summary": {"covered_lines": 6, "num_statements": 6, "percent_covered": 100.0, "percent_covered_display": "100", "missing_lines": 0, "excluded_lines": 0, "percent_statements_covered": 100.0, "percent_statements_covered_display": "100"}, "missing_lines": [], "excluded_lines": []}, "AssertionAnalyzer._suggest_name_pattern": {"executed_lines": [295, 298, 304, 305, 306, 307, 309, 310, 311, 312, 313, 314], "summary": {"covered_lines": 12, "num_statements": 15, "percent_covered": 80.0, "percent_covered_display": "80", "missing_lines": 3, "excluded_lines": 0, "percent_statements_covered": 80.0, "percent_statements_covered_display": "80"}, "missing_lines": [315, 316, 318], "excluded_lines": []}, "AssertionAnalyzer.analyze_file": {"executed_lines": [329, 330, 331, 333, 338, 341, 342, 343, 344, 346], "summary": {"covered_lines": 10, "num_statements": 13, "percent_covered": 76.92307692307692, "percent_covered_display": "77", "missing_lines": 3, "excluded_lines": 0, "percent_statements_covered": 76.92307692307692, "percent_statements_covered_display": "77"}, "missing_lines": [334, 335, 336], "excluded_lines": []}, "main": {"executed_lines": [], "summary": {"covered_lines": 0, "num_statements": 34, "percent_covered": 0.0, "percent_covered_display": "0", "missing_lines": 34, "excluded_lines": 0, "percent_statements_covered": 0.0, "percent_statements_covered_display": "0"}, "missing_lines": [351, 352, 354, 355, 356, 358, 359, 361, 362, 363, 365, 366, 367, 368, 369, 370, 371, 372, 373, 375, 376, 377, 379, 380, 381, 382, 384, 385, 386, 387, 388, 390, 393, 394], "excluded_lines": []}, "": {"executed_lines": [1, 8, 9, 10, 11, 12, 15, 16, 17, 18, 19, 20, 21, 22, 23, 26, 27, 28, 29, 30, 31, 32, 33, 36, 37, 38, 39, 40, 41, 42, 43, 44, 45, 46, 47, 50, 51, 53, 109, 144, 161, 190, 215, 257, 277, 293, 320, 349, 397], "summary": {"covered_lines": 44, "num_statements": 45, "percent_covered": 97.77777777777777, "percent_covered_display": "98", "missing_lines": 1, "excluded_lines": 0, "percent_statements_covered": 97.77777777777777, "percent_statements_covered_display": "98"}, "missing_lines": [398], "excluded_lines": []}}, "classes": {"AssertionType": {"executed_lines": [], "summary": {"covered_lines": 0, "num_statements": 0, "percent_covered": 100.0, "percent_covered_display": "100", "missing_lines": 0, "excluded_lines": 0, "percent_statements_covered": 100.0, "percent_statements_covered_display": "100"}, "missing_lines": [], "excluded_lines": []}, "AssertionPattern": {"executed_lines": [], "summary": {"covered_lines": 0, "num_statements": 0, "percent_covered": 100.0, "percent_covered_display": "100", "missing_lines": 0, "excluded_lines": 0, "percent_statements_covered": 100.0, "percent_statements_covered_display": "100"}, "missing_lines": [], "excluded_lines": []}, "AssertionAnalysis": {"executed_lines": [], "summary": {"covered_lines": 0, "num_statements": 0, "percent_covered": 100.0, "percent_covered_display": "100", "missing_lines": 0, "excluded_lines": 0, "percent_statements_covered": 100.0, "percent_statements_covered_display": "100"}, "missing_lines": [], "excluded_lines": []}, "AssertionAnalyzer": {"executed_lines": [56, 71, 86, 96, 104, 105, 106, 107, 119, 122, 123, 126, 129, 130, 132, 146, 149, 150, 151, 152, 153, 154, 159, 163, 165, 166, 171, 173, 221, 224, 225, 226, 227, 230, 231, 236, 237, 238, 239, 242, 243, 244, 245, 259, 263, 264, 265, 266, 269, 272, 273, 279, 282, 284, 287, 289, 291, 295, 298, 304, 305, 306, 307, 309, 310, 311, 312, 313, 314, 329, 330, 331, 333, 338, 341, 342, 343, 344, 346], "summary": {"covered_lines": 79, "num_statements": 111, "percent_covered": 71.17117117117117, "percent_covered_display": "71", "missing_lines": 32, "excluded_lines": 0, "percent_statements_covered": 71.17117117117117, "percent_statements_covered_display": "71"}, "missing_lines": [155, 156, 157, 169, 180, 182, 192, 194, 195, 197, 200, 201, 203, 210, 211, 213, 232, 233, 248, 249, 252, 253, 255, 260, 267, 275, 315, 316, 318, 334, 335, 336], "excluded_lines": []}, "": {"executed_lines": [1, 8, 9, 10, 11, 12, 15, 16, 17, 18, 19, 20, 21, 22, 23, 26, 27, 28, 29, 30, 31, 32, 33, 36, 37, 38, 39, 40, 41, 42, 43, 44, 45, 46, 47, 50, 51, 53, 109, 144, 161, 190, 215, 257, 277, 293, 320, 349, 397], "summary": {"covered_lines": 44, "num_statements": 79, "percent_covered": 55.69620253164557, "percent_covered_display": "56", "missing_lines": 35, "excluded_lines": 0, "percent_statements_covered": 55.69620253164557, "percent_statements_covered_display": "56"}, "missing_lines": [351, 352, 354, 355, 356, 358, 359, 361, 362, 363, 365, 366, 367, 368, 369, 370, 371, 372, 373, 375, 376, 377, 379, 380, 381, 382, 384, 385, 386, 387, 388, 390, 393, 394, 398], "excluded_lines": []}}}, "kivy_garden/markdownlabel/tests/modules/duplicate_detector.py": {"executed_lines": [1, 8, 9, 10, 11, 12, 14, 17, 18, 19, 20, 21, 22, 23, 24, 27, 28, 29, 30, 31, 32, 33, 35, 47, 48, 50, 60, 93, 102, 137, 153, 1
[...]
image_markdown": {"executed_lines": [], "summary": {"covered_lines": 0, "num_statements": 5, "percent_covered": 0.0, "percent_covered_display": "0", "missing_lines": 5, "excluded_lines": 0, "percent_statements_covered": 0.0, "percent_statements_covered_display": "0"}, "missing_lines": [309, 310, 312, 316, 320], "excluded_lines": []}, "TestComprehensiveTextureSizeCalculation.test_all_heading_levels_create_label_widgets": {"executed_lines": [], "summary": {"covered_lines": 0, "num_statements": 6, "percent_covered": 0.0, "percent_covered_display": "0", "missing_lines": 6, "excluded_lines": 0, "percent_statements_covered": 0.0, "percent_statements_covered_display": "0"}, "missing_lines": [328, 329, 332, 336, 337, 338], "excluded_lines": []}, "TestComprehensiveTextureSizeCalculation.test_blank_lines_create_spacer_widgets": {"executed_lines": [], "summary": {"covered_lines": 0, "num_statements": 10, "percent_covered": 0.0, "percent_covered_display": "0", "missing_lines": 10, "excluded_lines": 0, "percent_statements_covered": 0.0, "percent_statements_covered_display": "0"}, "missing_lines": [342, 343, 345, 346, 349, 350, 352, 353, 357, 362], "excluded_lines": []}, "TestTextureSizingTestGrouping.test_texture_sizing_classes_grouped_together": {"executed_lines": [], "summary": {"covered_lines": 0, "num_statements": 14, "percent_covered": 0.0, "percent_covered_display": "0", "missing_lines": 14, "excluded_lines": 0, "percent_statements_covered": 0.0, "percent_statements_covered_display": "0"}, "missing_lines": [376, 377, 380, 381, 382, 385, 388, 394, 395, 399, 403, 404, 405, 406], "excluded_lines": []}, "TestTextureSizingTestGrouping.test_module_focuses_on_texture_sizing": {"executed_lines": [], "summary": {"covered_lines": 0, "num_statements": 5, "percent_covered": 0.0, "percent_covered_display": "0", "missing_lines": 5, "excluded_lines": 0, "percent_statements_covered": 0.0, "percent_statements_covered_display": "0"}, "missing_lines": [411, 414, 415, 417, 418], "excluded_lines": []}, "": {"executed_lines": [], "summary": {"covered_lines": 0, "num_statements": 48, "percent_covered": 0.0, "percent_covered_display": "0", "missing_lines": 48, "excluded_lines": 0, "percent_statements_covered": 0.0, "percent_statements_covered_display": "0"}, "missing_lines": [8, 9, 11, 12, 13, 15, 16, 34, 35, 38, 40, 41, 52, 54, 55, 66, 75, 77, 78, 91, 93, 94, 109, 123, 137, 155, 169, 181, 183, 184, 198, 225, 227, 228, 245, 262, 276, 278, 279, 302, 323, 325, 326, 340, 370, 371, 374, 409], "excluded_lines": []}}, "classes": {"TestComprehensiveTextureSizeCalculation": {"executed_lines": [], "summary": {"covered_lines": 0, "num_statements": 114, "percent_covered": 0.0, "percent_covered_display": "0", "missing_lines": 114, "excluded_lines": 0, "percent_statements_covered": 0.0, "percent_statements_covered_display": "0"}, "missing_lines": [43, 45, 47, 49, 57, 59, 61, 63, 68, 70, 72, 80, 83, 87, 88, 89, 96, 98, 101, 105, 106, 107, 111, 112, 115, 119, 120, 121, 125, 126, 129, 133, 134, 135, 139, 140, 143, 147, 148, 151, 152, 153, 157, 158, 161, 165, 166, 167, 171, 172, 174, 178, 187, 188, 190, 191, 194, 195, 200, 213, 215, 218, 219, 222, 230, 232, 234, 237, 238, 241, 243, 247, 251, 254, 258, 259, 260, 264, 265, 268, 272, 273, 274, 281, 282, 284, 285, 289, 290, 291, 295, 297, 299, 309, 310, 312, 316, 320, 328, 329, 332, 336, 337, 338, 342, 343, 345, 346, 349, 350, 352, 353, 357, 362], "excluded_lines": []}, "TestTextureSizingTestGrouping": {"executed_lines": [], "summary": {"covered_lines": 0, "num_statements": 19, "percent_covered": 0.0, "percent_covered_display": "0", "missing_lines": 19, "excluded_lines": 0, "percent_statements_covered": 0.0, "percent_statements_covered_display": "0"}, "missing_lines": [376, 377, 380, 381, 382, 385, 388, 394, 395, 399, 403, 404, 405, 406, 411, 414, 415, 417, 418], "excluded_lines": []}, "": {"executed_lines": [], "summary": {"covered_lines": 0, "num_statements": 48, "percent_covered": 0.0, "percent_covered_display": "0", "missing_lines": 48, "excluded_lines": 0, "percent_statements_covered": 0.0, "percent_statements_covered_display": "0"}, "missing_lines": [8, 9, 11, 12, 13, 15, 16, 34, 35, 38, 40, 41, 52, 54, 55, 66, 75, 77, 78, 91, 93, 94, 109, 123, 137, 155, 169, 181, 183, 184, 198, 225, 227, 228, 245, 262, 276, 278, 279, 302, 323, 325, 326, 340, 370, 371, 374, 409], "excluded_lines": []}}}, "kivy_garden/markdownlabel/tests/test_utils.py": {"executed_lines": [1, 8, 9, 10, 11, 12, 13, 18, 19, 24, 31, 32, 33, 37, 42, 43, 45, 46, 50, 53, 54, 59, 63, 65, 66, 67, 70, 71, 73, 77, 80, 81, 83, 87, 90, 91, 93, 97, 98, 101, 102, 104, 105, 107, 108, 109, 110, 112, 113, 114, 117, 118, 122, 128, 135, 136, 140, 147, 151, 152, 161, 162, 163, 167, 174, 175, 181, 185, 191, 192, 198, 202, 211, 212, 221, 222, 224, 225, 227, 237, 238, 244, 248, 249, 256, 257, 263, 267, 276, 277, 283, 288, 289, 296, 297, 307, 311, 312, 314, 321, 322, 333, 334, 335, 336, 337, 339, 345, 346, 356, 357, 358, 359, 362, 366, 369, 370, 371, 372, 374, 391, 401, 402, 404, 405, 407, 408, 409, 411, 414, 425, 427, 430, 441, 443, 446, 457, 462, 477, 478, 479, 480, 481, 484, 505, 528, 538, 539, 541, 542, 544, 545, 546, 548, 551, 563, 564, 565, 566, 569, 587, 610, 620, 621, 623, 624, 625, 627, 628, 629, 631, 634, 658, 700, 701, 778, 779], "summary": {"covered_lines": 175, "num_statements": 230, "percent_covered": 76.08695652173913, "percent_covered_display": "76", "missing_lines": 55, "excluded_lines": 0, "percent_statements_covered": 76.08695652173913, "percent_statements_covered_display": "76"}, "missing_lines": [426, 442, 498, 501, 519, 521, 582, 597, 598, 600, 601, 603, 604, 605, 607, 644, 645, 646, 648, 649, 650, 651, 653, 674, 676, 677, 680, 681, 682, 683, 685, 688, 689, 692, 694, 695, 714, 724, 749, 750, 752, 753, 754, 755, 757, 759, 773, 775, 792, 799, 801, 803, 820, 831, 843], "excluded_lines": [], "functions": {"FakeTouch.__init__": {"executed_lines": [31, 32, 33], "summary": {"covered_lines": 3, "num_statements": 3, "percent_covered": 100.0, "percent_covered_display": "100", "missing_lines": 0, "excluded_lines": 0, "percent_statements_covered": 100.0, "percent_statements_covered_display": "100"}, "missing_lines": [], "excluded_lines": []}, "markdown_heading": {"executed_lines": [45, 46, 50], "summary": {"covered_lines": 3, "num_statements": 3, "percent_covered": 100.0, "percent_covered_display": "100", "missing_lines": 0, "excluded_lines": 0, "percent_statements_covered": 100.0, "percent_statements_covered_display": "100"}, "missing_lines": [], "excluded_lines": []}, "markdown_paragraph": {"executed_lines": [59, 63, 65, 66, 67], "summary": {"covered_lines": 5, "num_statements": 5, "percent_covered": 100.0, "percent_covered_display": "100", "missing_lines": 0, "excluded_lines": 0, "percent_statements_covered": 100.0, "percent_statements_covered_display": "100"}, "missing_lines": [], "excluded_lines": []}, "markdown_bold": {"executed_lines": [73, 77], "summary": {"covered_lines": 2, "num_statements": 2, "percent_covered": 100.0, "percent_covered_display": "100", "missing_lines": 0, "excluded_lines": 0, "percent_statements_covered": 100.0, "percent_statements_covered_display": "100"}, "missing_lines": [], "excluded_lines": []}, "markdown_italic": {"executed_lines": [83, 87], "summary": {"covered_lines": 2, "num_statements": 2, "percent_covered": 100.0, "percent_covered_display": "100", "missing_lines": 0, "excluded_lines": 0, "percent_statements_covered": 100.0, "percent_statements_covered_display": "100"}, "missing_lines": [], "excluded_lines": []}, "markdown_link": {"executed_lines": [93, 97, 98], "summary": {"covered_lines": 3, "num_statements": 3, "percent_covered": 100.0, "percent_covered_display": "100", "missing_lines": 0, "excluded_lines": 0, "percent_statements_covered": 100.0, "percent_statements_covered_display": "100"}, "missing_lines": [], "excluded_lines": []}, "simple_markdown_document": {"executed_lines": [104, 105, 107, 108, 109, 110, 112, 113, 114, 117, 118], "summary": {"covered_lines": 11, "num_statements": 11, "percent_covered": 100.0, "percent_covered_display": "100", "missing_lines": 0, "excluded_lines": 0, "percent_statements_covered": 100.0, "percent_statements_covered_display": "100"}, "missing_lines": [], "excluded_lines": []}, "heading_token": {"executed_lines": [161, 162, 163, 167], "summary": {"covered_lines": 4, "num_statements": 4, "percent_covered": 100.0, "percent_covered_display": "100", "missing_lines": 0, "excluded_lines": 0, "percent_statements_covered": 100.0, "percent_statements_covered_display": "100"}, "missing_lines": [], "excluded_lines": []}, "paragraph_token": {"executed_lines": [181, 185], "summary": {"covered_lines": 2, "num_statements": 2, "percent_covered": 100.0, "percent_covered_display": "100", "missing_lines": 0, "excluded_lines": 0, "percent_statements_covered": 100.0, "percent_statements_covered_display": "100"}, "missing_lines": [], "excluded_lines": []}, "list_item_token": {"executed_lines": [198, 202], "summary": {"covered_lines": 2, "num_statements": 2, "percent_covered": 100.0, "percent_covered_display": "100", "missing_lines": 0, "excluded_lines": 0, "percent_statements_covered": 100.0, "percent_statements_covered_display": "100"}, "missing_lines": [], "excluded_lines": []}, "list_token": {"executed_lines": [221, 222, 224, 225, 227], "summary": {"covered_lines": 5, "num_statements": 5, "percent_covered": 100.0, "percent_covered_display": "100", "missing_lines": 0, "excluded_lines": 0, "percent_statements_covered": 100.0, "percent_statements_covered_display": "100"}, "missing_lines": [], "excluded_lines": []}, "code_block_token": {"executed_lines": [244, 248, 249], "summary": {"covered_lines": 3, "num_statements": 3, "percent_covered": 100.0, "percent_covered_display": "100", "missing_lines": 0, "excluded_lines": 0, "percent_statements_covered": 100.0, "percent_statements_covered_display": "100"}, "missing_lines": [], "excluded_lines": []}, "block_quote_token": {"executed_lines": [263, 267], "summary": {"covered_lines": 2, "num_statements": 2, "percent_covered": 100.0, "percent_covered_display": "100", "missing_lines": 0, "excluded_lines": 0, "percent_statements_covered": 100.0, "percent_statements_covered_display": "100"}, "missing_lines": [], "excluded_lines": []}, "image_token": {"executed_lines": [283, 288, 289], "summary": {"covered_lines": 3, "num_statements": 3, "percent_covered": 100.0, "percent_covered_display": "100", "missing_lines": 0, "excluded_lines": 0, "percent_statements_covered": 100.0, "percent_statements_covered_display": "100"}, "missing_lines": [], "excluded_lines": []}, "table_cell_token": {"executed_lines": [307, 311, 312, 314], "summary": {"covered_lines": 4, "num_statements": 4, "percent_covered": 100.0, "percent_covered_display": "100", "missing_lines": 0, "excluded_lines": 0, "percent_statements_covered": 100.0, "percent_statements_covered_display": "100"}, "missing_lines": [], "excluded_lines": []}, "table_row_token": {"executed_lines": [333, 334, 335, 336, 337, 339], "summary": {"covered_lines": 6, "num_statements": 6, "percent_covered": 100.0, "percent_covered_display": "100", "missing_lines": 0, "excluded_lines": 0, "percent_statements_covered": 100.0, "percent_statements_covered_display": "100"}, "missing_lines": [], "excluded_lines": []}, "table_token": {"executed_lines": [356, 357, 358, 359, 362, 366, 369, 370, 371, 372, 374], "summary": {"covered_lines": 11, "num_statements": 11, "percent_covered": 100.0, "percent_covered_display": "100", "missing_lines": 0, "excluded_lines": 0, "percent_statements_covered": 100.0, "percent_statements_covered_display": "100"}, "missing_lines": [], "excluded_lines": []}, "find_labels_recursive": {"executed_lines": [401, 402, 404, 405, 407, 408, 409, 411], "summary": {"covered_lines": 8, "num_statements": 8, "percent_covered": 100.0, "percent_covered_display": "100", "missing_lines": 0, "excluded_lines": 0, "percent_statements_covered": 100.0, "percent_statements_covered_display": "100"}, "missing_lines": [], "excluded_lines": []}, "colors_equal": {"executed_lines": [425, 427], "summary": {"covered_lines": 2, "num_statements": 3, "percent_covered": 66.66666666666667, "percent_covered_display": "67", "missing_lines": 1, "excluded_lines": 0, "percent_statements_covered": 66.66666666666667, "percent_statements_covered_display": "67"}, "missing_lines": [426], "excluded_lines": []}, "padding_equal": {"executed_lines": [441, 443], "summary": {"covered_lines": 2, "num_statements": 3, "percent_covered": 66.66666666666667, "percent_covered_display": "67", "missing_lines": 1, "excluded_lines": 0, "percent_statements_covered": 66.66666666666667, "percent_statements_covered_display": "67"}, "missing_lines": [442], "excluded_lines": []}, "floats_equal": {"executed_lines": [457], "summary": {"covered_lines": 1, "num_statements": 1, "percent_covered": 100.0, "percent_covered_display": "100", "missing_lines": 0, "excluded_lines": 0, "percent_statements_covered": 100.0, "percent_statements_covered_display": "100"}, "missing_lines": [], "excluded_lines": []}, "collect_widget_ids": {"executed_lines": [477, 478, 479, 480, 481], "summary": {"covered_lines": 5, "num_statements": 5, "percent_covered": 100.0, "percent_covered_display": "100", "missing_lines": 0, "excluded_lines": 0, "percent_statements_covered": 100.0, "percent_statements_covered_display": "100"}, "missing_lines": [], "excluded_lines": []}, "assert_rebuild_occurred": {"executed_lines": [], "summary": {"covered_lines": 0, "num_statements": 2, "percent_covered": 0.0, "percent_covered_display": "0", "missing_lines": 2, "excluded_lines": 0, "percent_statements_covered": 0.0, "percent_statements_covered_display": "0"}, "missing_lines": [498, 501], "excluded_lines": []}, "assert_no_rebuild": {"executed_lines": [], "summary": {"covered_lines": 0, "num_statements": 2, "percent_covered": 0.0, "percent_covered_display": "0", "missing_lines": 2, "excluded_lines": 0, "percent_statements_covered": 0.0, "percent_statements_covered_display": "0"}, "missing_lines": [519, 521], "excluded_lines": []}, "find_images": {"executed_lines": [538, 539, 541, 542, 544, 545, 546, 548], "summary": {"covered_lines": 8, "num_statements": 8, "percent_covered": 100.0, "percent_covered_display": "100", "missing_lines": 0, "excluded_lines": 0, "percent_statements_covered": 100.0, "percent_statements_covered_display": "100"}, "missing_lines": [], "excluded_lines": []}, "has_clipping_container": {"executed_lines": [563, 564, 565, 566], "summary": {"covered_lines": 4, "num_statements": 4, "percent_covered": 100.0, "percent_covered_display": "100", "missing_lines": 0, "excluded_lines": 0, "percent_statements_covered": 100.0, "percent_statements_covered_display": "100"}, "missing_lines": [], "excluded_lines": []}, "is_code_label": {"executed_lines": [], "summary": {"covered_lines": 0, "num_statements": 1, "percent_covered": 0.0, "percent_covered_display": "0", "missing_lines": 1, "excluded_lines": 0, "percent_statements_covered": 0.0, "percent_statements_covered_display": "0"}, "missing_lines": [582], "excluded_lines": []}, "find_labels_with_refs": {"executed_lines": [], "summary": {"covered_lines": 0, "num_statements": 8, "percent_covered": 0.0, "percent_covered_display": "0", "missing_lines": 8, "excluded_lines": 0, "percent_statements_covered": 0.0, "percent_statements_covered_display": "0"}, "missing_lines": [597, 598, 600, 601, 603, 604, 605, 607], "excluded_lines": []}, "find_labels_with_ref_markup": {"executed_lines": [620, 621, 623, 624, 625, 627, 628, 629, 631], "summary": {"covered_lines": 9, "num_statements": 9, "percent_covered": 100.0, "percent_covered_display": "100", "missing_lines": 0, "excluded_lines": 0, "percent_statements_covered": 100.0, "percent_statements_covered_display": "100"}, "missing_lines": [], "excluded_lines": []}, "get_widget_offset": {"executed_lines": [], "summary": {"covered_lines": 0, "num_statements": 8, "percent_covered": 0.0, "percent_covered_display": "0", "missing_lines": 8, "excluded_lines": 0, "percent_statements_covered": 0.0, "percent_statements_covered_display": "0"}, "missing_lines": [644, 645, 646, 648, 649, 650, 651, 653], "excluded_lines": []}, "simulate_coverage_measurement": {"executed_lines": [], "summary": {"covered_lines": 0, "num_statements": 13, "percent_covered": 0.0, "percent_covered_display": "0", "missing_lines": 13, "excluded_lines": 0, "percent_statements_covered": 0.0, "percent_statements_covered_display": "0"}, "missing_lines": [674, 676, 677, 680, 681, 682, 683, 685, 688, 689, 692, 694, 695], "excluded_lines": []}, "duplicate_helper_functions": {"executed_lines": [], "summary": {"covered_lines": 0, "num_statements": 12, "percent_covered": 0.0, "percent_covered_display": "0", "missing_lines": 12, "excluded_lines": 0, "percent_statements_covered": 0.0, "percent_statements_covered_display": "0"}, "missing_lines": [714, 724, 749, 750, 752, 753, 754, 755, 757, 759, 773, 775], "excluded_lines": []}, "rebuild_test_file_strategy": {"executed_lines": [], "summary": {"covered_lines": 0, "num_statements": 7, "percent_covered": 0.0, "percent_covered_display": "0", "missing_lines": 7, "excluded_lines": 0, "percent_statements_covered": 0.0, "percent_statements_covered_display": "0"}, "missing_lines": [792, 799, 801, 803, 820, 831, 843], "excluded_lines": []}, "": {"executed_lines": [1, 8, 9, 10, 11, 12, 13, 18, 19, 24, 37, 42, 43, 53, 54, 70, 71, 80, 81, 90, 91, 101, 102, 122, 128, 135, 136, 140, 147, 151, 152, 174, 175, 191, 192, 211, 212, 237, 238, 256, 257, 276, 277, 296, 297, 321, 322, 345, 346, 391, 414, 430, 446, 462, 484, 505, 528, 551, 569, 587, 610, 634, 658, 700, 701, 778, 779], "summary": {"covered_lines": 65, "num_statements": 65, "percent_covered": 100.0, "percent_covered_display": "100", "missing_lines": 0, "excluded_lines": 0, "percent_statements_covered": 100.0, "percent_statements_covered_display": "100"}, "missing_lines": [], "excluded_lines": []}}, "classes": {"FakeTouch": {"executed_lines": [31, 32, 33], "summary": {"covered_lines": 3, "num_statements": 3, "percent_covered": 100.0, "percent_covered_display": "100", "missing_lines": 0, "excluded_lines": 0, "percent_statements_covered": 100.0, "percent_statements_covered_display": "100"}, "missing_lines": [], "excluded_lines": []}, "": {"executed_lines": [1, 8, 9, 10, 11, 12, 13, 18, 19, 24, 37, 42, 43, 45, 46, 50, 53, 54, 59, 63, 65, 66, 67, 70, 71, 73, 77, 80, 81, 83, 87, 90, 91, 93, 97, 98, 101, 102, 104, 105, 107, 108, 109, 110, 112, 113, 114, 117, 118, 122, 128, 135, 136, 140, 147, 151, 152, 161, 162, 163, 167, 174, 175, 181, 185, 191, 192, 198, 202, 211, 212, 221, 222, 224, 225, 227, 237, 238, 244, 248, 249, 256, 257, 263, 267, 276, 277, 283, 288, 289, 296, 297, 307, 311, 312, 314, 321, 322, 333, 334, 335, 336, 337, 339, 345, 346, 356, 357, 358, 359, 362, 366, 369, 370, 371, 372, 374, 391, 401, 402, 404, 405, 407, 408, 409, 411, 414, 425, 427, 430, 441, 443, 446, 457, 462, 477, 478, 479, 480, 481, 484, 505, 528, 538, 539, 541, 542, 544, 545, 546, 548, 551, 563, 564, 565, 566, 569, 587, 610, 620, 621, 623, 624, 625, 627, 628, 629, 631, 634, 658, 700, 701, 778, 779], "summary": {"covered_lines": 172, "num_statements": 227, "percent_covered": 75.77092511013215, "percent_covered_display": "76", "missing_lines": 55, "excluded_lines": 0, "percent_statements_covered": 75.77092511013215, "percent_statements_covered_display": "76"}, "missing_lines": [426, 442, 498, 501, 519, 521, 582, 597, 598, 600, 601, 603, 604, 605, 607, 644, 645, 646, 648, 649, 650, 651, 653, 674, 676, 677, 680, 681, 682, 683, 685, 688, 689, 692, 694, 695, 714, 724, 749, 750, 752, 753, 754, 755, 757, 759, 773, 775, 792, 799, 801, 803, 820, 831, 843], "excluded_lines": []}}}}, "totals": {"covered_lines": 2521, "num_statements": 11198, "percent_covered": 22.51294874084658, "percent_covered_display": "23", "missing_lines": 8677, "excluded_lines": 0, "percent_statements_covered": 22.51294874084658, "percent_statements_covered_display": "23"}}